#
# There is insufficient memory for the Java Runtime Environment to continue.
# Native memory allocation (mmap) failed to map 114294784 bytes for G1 virtual space
# Possible reasons:
#   The system is out of physical RAM or swap space
#   The process is running with CompressedOops enabled, and the Java Heap may be blocking the growth of the native heap
# Possible solutions:
#   Reduce memory load on the system
#   Increase physical memory or swap space
#   Check if swap backing store is full
#   Decrease Java heap size (-Xmx/-Xms)
#   Decrease number of Java threads
#   Decrease Java thread stack sizes (-Xss)
#   Set larger code cache with -XX:ReservedCodeCacheSize=
#   JVM is running with Unscaled Compressed Oops mode in which the Java heap is
#     placed in the first 4GB address space. The Java Heap base address is the
#     maximum limit for the native heap growth. Please use -XX:HeapBaseMinAddress
#     to set the Java Heap base and to place the Java Heap above 4GB virtual address.
# This output file may be truncated or incomplete.
#
#  Out of Memory Error (os_windows.cpp:3550), pid=8988, tid=4144
#
# JRE version: Java(TM) SE Runtime Environment (17.0.6+9) (build 17.0.6+9-LTS-190)
# Java VM: Java HotSpot(TM) 64-Bit Server VM (17.0.6+9-LTS-190, mixed mode, sharing, tiered, compressed oops, compressed class ptrs, g1 gc, windows-amd64)
# No core dump will be written. Minidumps are not enabled by default on client versions of Windows
#

---------------  S U M M A R Y ------------

Command Line: --add-opens=java.base/java.util=ALL-UNNAMED --add-opens=java.base/java.lang=ALL-UNNAMED --add-opens=java.base/java.lang.invoke=ALL-UNNAMED --add-opens=java.prefs/java.util.prefs=ALL-UNNAMED --add-opens=java.base/java.nio.charset=ALL-UNNAMED --add-opens=java.base/java.net=ALL-UNNAMED --add-opens=java.base/java.util.concurrent.atomic=ALL-UNNAMED -Xmx2048m -Dfile.encoding=UTF-8 -Duser.country=US -Duser.language=en -Duser.variant -javaagent:C:\Users\Rafi\.gradle\wrapper\dists\gradle-8.1-bin\2eyty4r6kz6fpakefpk52nbbm\gradle-8.1\lib\agents\gradle-instrumentation-agent-8.1.jar org.gradle.launcher.daemon.bootstrap.GradleDaemon 8.1

Host: AMD Ryzen 5 3600 6-Core Processor              , 12 cores, 15G,  Windows 11 , 64 bit Build 22621 (10.0.22621.1778)
Time: Fri Jun 23 21:54:23 2023 SE Asia Standard Time elapsed time: 4.025309 seconds (0d 0h 0m 4s)

---------------  T H R E A D  ---------------

Current thread (0x000001aba0880480):  VMThread "VM Thread" [stack: 0x0000006495400000,0x0000006495500000] [id=4144]

Stack: [0x0000006495400000,0x0000006495500000]
Native frames: (J=compiled Java code, j=interpreted, Vv=VM code, C=native code)
V  [jvm.dll+0x6734ea]
V  [jvm.dll+0x7d18f4]
V  [jvm.dll+0x7d309e]
V  [jvm.dll+0x7d3703]
V  [jvm.dll+0x2433c5]
V  [jvm.dll+0x6703f9]
V  [jvm.dll+0x664d32]
V  [jvm.dll+0x300086]
V  [jvm.dll+0x307606]
V  [jvm.dll+0x356c1e]
V  [jvm.dll+0x356e4f]
V  [jvm.dll+0x2d72e8]
V  [jvm.dll+0x2d57e5]
V  [jvm.dll+0x2d4dec]
V  [jvm.dll+0x31837b]
V  [jvm.dll+0x7d7f0b]
V  [jvm.dll+0x7d8c44]
V  [jvm.dll+0x7d915d]
V  [jvm.dll+0x7d9534]
V  [jvm.dll+0x7d9600]
V  [jvm.dll+0x781a7a]
V  [jvm.dll+0x672375]
C  [ucrtbase.dll+0x29363]
C  [KERNEL32.DLL+0x126ad]
C  [ntdll.dll+0x5a9f8]

VM_Operation (0x00000064977fc570): G1CollectForAllocation, mode: safepoint, requested by thread 0x000001aba3ffb6e0


---------------  P R O C E S S  ---------------

Threads class SMR info:
_java_thread_list=0x000001aba4c55480, length=47, elements={
0x000001ab8221dea0, 0x000001aba0882ce0, 0x000001aba08857b0, 0x000001aba1406860,
0x000001aba1408330, 0x000001aba140ac00, 0x000001aba140bc60, 0x000001aba140d8b0,
0x000001aba1410680, 0x000001aba1415570, 0x000001aba08674f0, 0x000001aba15fdf60,
0x000001aba16994b0, 0x000001aba2be2f00, 0x000001aba2c4b990, 0x000001aba2d93200,
0x000001aba2cfdf70, 0x000001aba2de3050, 0x000001aba352bb90, 0x000001aba352c060,
0x000001aba3ffc550, 0x000001aba3ff9ed0, 0x000001aba3ffca20, 0x000001aba3ffa870,
0x000001aba3ffbbb0, 0x000001aba3ffad40, 0x000001aba2e9a1d0, 0x000001aba3ffb210,
0x000001aba3ff9530, 0x000001aba3ffb6e0, 0x000001aba3ff9a00, 0x000001aba3ffc080,
0x000001aba3ff9060, 0x000001aba3ffa3a0, 0x000001aba3c683c0, 0x000001aba3c67080,
0x000001aba3c6aa40, 0x000001aba3c6af10, 0x000001aba3c6b3e0, 0x000001aba3c65d40,
0x000001aba3c64ed0, 0x000001aba3c64060, 0x000001aba3c6b8b0, 0x000001aba3c66210,
0x000001aba3c653a0, 0x000001aba3c67550, 0x000001aba3c64530
}

Java Threads: ( => current thread )
  0x000001ab8221dea0 JavaThread "main" [_thread_blocked, id=6908, stack(0x0000006494e00000,0x0000006494f00000)]
  0x000001aba0882ce0 JavaThread "Reference Handler" daemon [_thread_blocked, id=8204, stack(0x0000006495500000,0x0000006495600000)]
  0x000001aba08857b0 JavaThread "Finalizer" daemon [_thread_blocked, id=19828, stack(0x0000006495600000,0x0000006495700000)]
  0x000001aba1406860 JavaThread "Signal Dispatcher" daemon [_thread_blocked, id=17496, stack(0x0000006495700000,0x0000006495800000)]
  0x000001aba1408330 JavaThread "Attach Listener" daemon [_thread_blocked, id=20264, stack(0x0000006495800000,0x0000006495900000)]
  0x000001aba140ac00 JavaThread "Service Thread" daemon [_thread_blocked, id=7256, stack(0x0000006495900000,0x0000006495a00000)]
  0x000001aba140bc60 JavaThread "Monitor Deflation Thread" daemon [_thread_blocked, id=15284, stack(0x0000006495a00000,0x0000006495b00000)]
  0x000001aba140d8b0 JavaThread "C2 CompilerThread0" daemon [_thread_blocked, id=17452, stack(0x0000006495b00000,0x0000006495c00000)]
  0x000001aba1410680 JavaThread "C1 CompilerThread0" daemon [_thread_blocked, id=15340, stack(0x0000006495c00000,0x0000006495d00000)]
  0x000001aba1415570 JavaThread "Sweeper thread" daemon [_thread_blocked, id=18008, stack(0x0000006495d00000,0x0000006495e00000)]
  0x000001aba08674f0 JavaThread "Common-Cleaner" daemon [_thread_blocked, id=19844, stack(0x0000006495e00000,0x0000006495f00000)]
  0x000001aba15fdf60 JavaThread "Notification Thread" daemon [_thread_blocked, id=16040, stack(0x0000006495f00000,0x0000006496000000)]
  0x000001aba16994b0 JavaThread "C2 CompilerThread1" daemon [_thread_in_native, id=2944, stack(0x0000006496100000,0x0000006496200000)]
  0x000001aba2be2f00 JavaThread "Daemon health stats" [_thread_blocked, id=18764, stack(0x0000006496800000,0x0000006496900000)]
  0x000001aba2c4b990 JavaThread "Incoming local TCP Connector on port 57841" [_thread_in_native, id=18992, stack(0x0000006496200000,0x0000006496300000)]
  0x000001aba2d93200 JavaThread "Daemon periodic checks" [_thread_blocked, id=20380, stack(0x0000006496900000,0x0000006496a00000)]
  0x000001aba2cfdf70 JavaThread "Daemon" [_thread_blocked, id=17456, stack(0x0000006496a00000,0x0000006496b00000)]
  0x000001aba2de3050 JavaThread "Handler for socket connection from /127.0.0.1:57841 to /127.0.0.1:57842" [_thread_in_native, id=11124, stack(0x0000006496b00000,0x0000006496c00000)]
  0x000001aba352bb90 JavaThread "Cancel handler" [_thread_blocked, id=2600, stack(0x0000006496c00000,0x0000006496d00000)]
  0x000001aba352c060 JavaThread "Daemon worker" [_thread_blocked, id=19308, stack(0x0000006496d00000,0x0000006496e00000)]
  0x000001aba3ffc550 JavaThread "Asynchronous log dispatcher for DefaultDaemonConnection: socket connection from /127.0.0.1:57841 to /127.0.0.1:57842" [_thread_blocked, id=7388, stack(0x0000006496e00000,0x0000006496f00000)]
  0x000001aba3ff9ed0 JavaThread "Stdin handler" [_thread_blocked, id=3112, stack(0x0000006496f00000,0x0000006497000000)]
  0x000001aba3ffca20 JavaThread "Daemon client event forwarder" [_thread_blocked, id=9264, stack(0x0000006497000000,0x0000006497100000)]
  0x000001aba3ffa870 JavaThread "Cache worker for journal cache (C:\Users\Rafi\.gradle\caches\journal-1)" [_thread_blocked, id=2308, stack(0x0000006497100000,0x0000006497200000)]
  0x000001aba3ffbbb0 JavaThread "File lock request listener" [_thread_in_native, id=1812, stack(0x0000006497200000,0x0000006497300000)]
  0x000001aba3ffad40 JavaThread "Cache worker for file hash cache (C:\Users\Rafi\.gradle\caches\8.1\fileHashes)" [_thread_blocked, id=9324, stack(0x0000006497300000,0x0000006497400000)]
  0x000001aba2e9a1d0 JavaThread "C2 CompilerThread2" daemon [_thread_blocked, id=18484, stack(0x0000006497400000,0x0000006497500000)]
  0x000001aba3ffb210 JavaThread "File watcher server" daemon [_thread_in_native, id=18144, stack(0x0000006497500000,0x0000006497600000)]
  0x000001aba3ff9530 JavaThread "File watcher consumer" daemon [_thread_blocked, id=20080, stack(0x0000006497600000,0x0000006497700000)]
  0x000001aba3ffb6e0 JavaThread "jar transforms" [_thread_blocked, id=8344, stack(0x0000006497700000,0x0000006497800000)]
  0x000001aba3ff9a00 JavaThread "jar transforms Thread 2" [_thread_blocked, id=20252, stack(0x0000006497800000,0x0000006497900000)]
  0x000001aba3ffc080 JavaThread "jar transforms Thread 3" [_thread_blocked, id=19700, stack(0x0000006497900000,0x0000006497a00000)]
  0x000001aba3ff9060 JavaThread "jar transforms Thread 4" [_thread_blocked, id=9392, stack(0x0000006497a00000,0x0000006497b00000)]
  0x000001aba3ffa3a0 JavaThread "jar transforms Thread 5" [_thread_blocked, id=5112, stack(0x0000006497b00000,0x0000006497c00000)]
  0x000001aba3c683c0 JavaThread "jar transforms Thread 6" [_thread_blocked, id=6028, stack(0x0000006497c00000,0x0000006497d00000)]
  0x000001aba3c67080 JavaThread "jar transforms Thread 7" [_thread_blocked, id=9208, stack(0x0000006497d00000,0x0000006497e00000)]
  0x000001aba3c6aa40 JavaThread "jar transforms Thread 8" [_thread_blocked, id=16588, stack(0x0000006497e00000,0x0000006497f00000)]
  0x000001aba3c6af10 JavaThread "jar transforms Thread 9" [_thread_blocked, id=19548, stack(0x0000006497f00000,0x0000006498000000)]
  0x000001aba3c6b3e0 JavaThread "jar transforms Thread 10" [_thread_blocked, id=8208, stack(0x0000006498000000,0x0000006498100000)]
  0x000001aba3c65d40 JavaThread "jar transforms Thread 11" [_thread_blocked, id=20452, stack(0x0000006498100000,0x0000006498200000)]
  0x000001aba3c64ed0 JavaThread "jar transforms Thread 12" [_thread_blocked, id=17552, stack(0x0000006498200000,0x0000006498300000)]
  0x000001aba3c64060 JavaThread "Cache worker for checksums cache (C:\Users\Rafi\dev\app\mobile\java\Project-12-Android\.gradle\8.1\checksums)" [_thread_blocked, id=19468, stack(0x0000006498900000,0x0000006498a00000)]
  0x000001aba3c6b8b0 JavaThread "Cache worker for cache directory md-rule (C:\Users\Rafi\.gradle\caches\8.1\md-rule)" [_thread_blocked, id=8720, stack(0x0000006498a00000,0x0000006498b00000)]
  0x000001aba3c66210 JavaThread "Cache worker for file content cache (C:\Users\Rafi\.gradle\caches\8.1\fileContent)" [_thread_blocked, id=16336, stack(0x0000006498b00000,0x0000006498c00000)]
  0x000001aba3c653a0 JavaThread "Cache worker for file hash cache (C:\Users\Rafi\dev\app\mobile\java\Project-12-Android\.gradle\8.1\fileHashes)" [_thread_blocked, id=2168, stack(0x0000006498c00000,0x0000006498d00000)]
  0x000001aba3c67550 JavaThread "Cache worker for cache directory md-supplier (C:\Users\Rafi\.gradle\caches\8.1\md-supplier)" [_thread_blocked, id=18032, stack(0x0000006498d00000,0x0000006498e00000)]
  0x000001aba3c64530 JavaThread "Cache worker for execution history cache (C:\Users\Rafi\.gradle\caches\8.1\executionHistory)" [_thread_blocked, id=18076, stack(0x0000006498e00000,0x0000006498f00000)]

Other Threads:
=>0x000001aba0880480 VMThread "VM Thread" [stack: 0x0000006495400000,0x0000006495500000] [id=4144]
  0x000001aba15fe430 WatcherThread [stack: 0x0000006496000000,0x0000006496100000] [id=18392]
  0x000001ab8227d380 GCTaskThread "GC Thread#0" [stack: 0x0000006494f00000,0x0000006495000000] [id=16616]
  0x000001aba1dff0c0 GCTaskThread "GC Thread#1" [stack: 0x0000006496300000,0x0000006496400000] [id=9580]
  0x000001aba224b9f0 GCTaskThread "GC Thread#2" [stack: 0x0000006496400000,0x0000006496500000] [id=3128]
  0x000001aba224c0a0 GCTaskThread "GC Thread#3" [stack: 0x0000006496500000,0x0000006496600000] [id=19076]
  0x000001aba22e26a0 GCTaskThread "GC Thread#4" [stack: 0x0000006496600000,0x0000006496700000] [id=12760]
  0x000001aba1d4ee20 GCTaskThread "GC Thread#5" [stack: 0x0000006496700000,0x0000006496800000] [id=16612]
  0x000001aba3d85090 GCTaskThread "GC Thread#6" [stack: 0x0000006498300000,0x0000006498400000] [id=7720]
  0x000001aba3d84b30 GCTaskThread "GC Thread#7" [stack: 0x0000006498400000,0x0000006498500000] [id=18784]
  0x000001aba3d84de0 GCTaskThread "GC Thread#8" [stack: 0x0000006498500000,0x0000006498600000] [id=17572]
  0x000001aba3d85340 GCTaskThread "GC Thread#9" [stack: 0x0000006498600000,0x0000006498700000] [id=14220]
  0x000001ab8228f950 ConcurrentGCThread "G1 Main Marker" [stack: 0x0000006495000000,0x0000006495100000] [id=5632]
  0x000001ab82291120 ConcurrentGCThread "G1 Conc#0" [stack: 0x0000006495100000,0x0000006495200000] [id=17164]
  0x000001aba3d84070 ConcurrentGCThread "G1 Conc#1" [stack: 0x0000006498700000,0x0000006498800000] [id=15572]
  0x000001aba3d855f0 ConcurrentGCThread "G1 Conc#2" [stack: 0x0000006498800000,0x0000006498900000] [id=16440]
  0x000001ab822ed9f0 ConcurrentGCThread "G1 Refine#0" [stack: 0x0000006495200000,0x0000006495300000] [id=19436]
  0x000001aba6af42c0 ConcurrentGCThread "G1 Refine#1" [stack: 0x0000006498f00000,0x0000006499000000] [id=19268]
  0x000001ab822ee1c0 ConcurrentGCThread "G1 Service" [stack: 0x0000006495300000,0x0000006495400000] [id=2700]

Threads with active compile tasks:
C2 CompilerThread0     4039 4410 %     4       org.objectweb.asm.ClassReader::readCode @ 1631 (5109 bytes)
C1 CompilerThread0     4039 4688       2       org.apache.commons.compress.archivers.zip.ZipArchiveOutputStream::handleSizesAndCrc (266 bytes)
C2 CompilerThread1     4039 4447       4       org.objectweb.asm.SymbolTable::addConstantMemberReference (147 bytes)
C2 CompilerThread2     4039 4478       4       org.objectweb.asm.SymbolTable::addConstantUtf8Reference (101 bytes)

VM state: at safepoint (normal execution)

VM Mutex/Monitor currently owned by a thread:  ([mutex/lock_event])
[0x000001abffe06400] Threads_lock - owner thread: 0x000001aba0880480
[0x000001abffe06eb0] Heap_lock - owner thread: 0x000001aba3ffb6e0

Heap address: 0x0000000080000000, size: 2048 MB, Compressed Oops mode: 32-bit

CDS archive(s) mapped at: [0x0000000800000000-0x0000000800bd0000-0x0000000800bd0000), size 12386304, SharedBaseAddress: 0x0000000800000000, ArchiveRelocationMode: 0.
Compressed class space mapped at: 0x0000000800c00000-0x0000000840c00000, reserved size: 1073741824
Narrow klass base: 0x0000000800000000, Narrow klass shift: 0, Narrow klass range: 0x100000000

GC Precious Log:
 CPUs: 12 total, 12 available
 Memory: 16309M
 Large Page Support: Disabled
 NUMA Support: Disabled
 Compressed Oops: Enabled (32-bit)
 Heap Region Size: 1M
 Heap Min Capacity: 8M
 Heap Initial Capacity: 256M
 Heap Max Capacity: 2G
 Pre-touch: Disabled
 Parallel Workers: 10
 Concurrent Workers: 3
 Concurrent Refinement Workers: 10
 Periodic GC: Disabled

Heap:
 garbage-first heap   total 150528K, used 67803K [0x0000000080000000, 0x0000000100000000)
  region size 1024K, 5 young (5120K), 5 survivors (5120K)
 Metaspace       used 37382K, committed 37888K, reserved 1089536K
  class space    used 5193K, committed 5440K, reserved 1048576K

Heap Regions: E=young(eden), S=young(survivor), O=old, HS=humongous(starts), HC=humongous(continues), CS=collection set, F=free, OA=open archive, CA=closed archive, TAMS=top-at-mark-start (previous, next)
|   0|0x0000000080000000, 0x0000000080100000, 0x0000000080100000|100%|HS|  |TAMS 0x0000000080100000, 0x0000000080000000| Complete 
|   1|0x0000000080100000, 0x0000000080200000, 0x0000000080200000|100%|HC|  |TAMS 0x0000000080200000, 0x0000000080100000| Complete 
|   2|0x0000000080200000, 0x0000000080300000, 0x0000000080300000|100%|HC|  |TAMS 0x0000000080300000, 0x0000000080200000| Complete 
|   3|0x0000000080300000, 0x0000000080400000, 0x0000000080400000|100%|HC|  |TAMS 0x0000000080400000, 0x0000000080300000| Complete 
|   4|0x0000000080400000, 0x0000000080500000, 0x0000000080500000|100%| O|  |TAMS 0x0000000080500000, 0x0000000080400000| Untracked 
|   5|0x0000000080500000, 0x0000000080600000, 0x0000000080600000|100%| O|  |TAMS 0x0000000080600000, 0x0000000080500000| Untracked 
|   6|0x0000000080600000, 0x0000000080700000, 0x0000000080700000|100%| O|  |TAMS 0x0000000080700000, 0x0000000080600000| Untracked 
|   7|0x0000000080700000, 0x0000000080800000, 0x0000000080800000|100%| O|  |TAMS 0x0000000080800000, 0x0000000080700000| Untracked 
|   8|0x0000000080800000, 0x0000000080900000, 0x0000000080900000|100%| O|  |TAMS 0x0000000080900000, 0x0000000080800000| Untracked 
|   9|0x0000000080900000, 0x0000000080a00000, 0x0000000080a00000|100%| O|  |TAMS 0x0000000080a00000, 0x0000000080900000| Untracked 
|  10|0x0000000080a00000, 0x0000000080a00000, 0x0000000080b00000|  0%| F|  |TAMS 0x0000000080a00000, 0x0000000080a00000| Untracked 
|  11|0x0000000080b00000, 0x0000000080c00000, 0x0000000080c00000|100%| O|  |TAMS 0x0000000080c00000, 0x0000000080b00000| Untracked 
|  12|0x0000000080c00000, 0x0000000080d00000, 0x0000000080d00000|100%|HS|  |TAMS 0x0000000080d00000, 0x0000000080c00000| Complete 
|  13|0x0000000080d00000, 0x0000000080e00000, 0x0000000080e00000|100%|HC|  |TAMS 0x0000000080e00000, 0x0000000080d00000| Complete 
|  14|0x0000000080e00000, 0x0000000080f00000, 0x0000000080f00000|100%|HS|  |TAMS 0x0000000080f00000, 0x0000000080e00000| Complete 
|  15|0x0000000080f00000, 0x0000000081000000, 0x0000000081000000|100%|HC|  |TAMS 0x0000000081000000, 0x0000000080f00000| Complete 
|  16|0x0000000081000000, 0x0000000081100000, 0x0000000081100000|100%|HC|  |TAMS 0x0000000081100000, 0x0000000081000000| Complete 
|  17|0x0000000081100000, 0x0000000081200000, 0x0000000081200000|100%|HS|  |TAMS 0x0000000081200000, 0x0000000081100000| Complete 
|  18|0x0000000081200000, 0x0000000081300000, 0x0000000081300000|100%|HC|  |TAMS 0x0000000081300000, 0x0000000081200000| Complete 
|  19|0x0000000081300000, 0x0000000081400000, 0x0000000081400000|100%|HC|  |TAMS 0x0000000081400000, 0x0000000081300000| Complete 
|  20|0x0000000081400000, 0x0000000081500000, 0x0000000081500000|100%|HS|  |TAMS 0x0000000081500000, 0x0000000081400000| Complete 
|  21|0x0000000081500000, 0x0000000081600000, 0x0000000081600000|100%|HC|  |TAMS 0x0000000081600000, 0x0000000081500000| Complete 
|  22|0x0000000081600000, 0x0000000081700000, 0x0000000081700000|100%|HS|  |TAMS 0x0000000081700000, 0x0000000081600000| Complete 
|  23|0x0000000081700000, 0x0000000081800000, 0x0000000081800000|100%|HC|  |TAMS 0x0000000081800000, 0x0000000081700000| Complete 
|  24|0x0000000081800000, 0x0000000081900000, 0x0000000081900000|100%|HC|  |TAMS 0x0000000081900000, 0x0000000081800000| Complete 
|  25|0x0000000081900000, 0x0000000081a00000, 0x0000000081a00000|100%|HC|  |TAMS 0x0000000081a00000, 0x0000000081900000| Complete 
|  26|0x0000000081a00000, 0x0000000081b00000, 0x0000000081b00000|100%|HC|  |TAMS 0x0000000081b00000, 0x0000000081a00000| Complete 
|  27|0x0000000081b00000, 0x0000000081c00000, 0x0000000081c00000|100%|HC|  |TAMS 0x0000000081c00000, 0x0000000081b00000| Complete 
|  28|0x0000000081c00000, 0x0000000081d00000, 0x0000000081d00000|100%|HS|  |TAMS 0x0000000081d00000, 0x0000000081c00000| Complete 
|  29|0x0000000081d00000, 0x0000000081e00000, 0x0000000081e00000|100%| O|  |TAMS 0x0000000081e00000, 0x0000000081d00000| Untracked 
|  30|0x0000000081e00000, 0x0000000081f00000, 0x0000000081f00000|100%| O|  |TAMS 0x0000000081f00000, 0x0000000081e00000| Untracked 
|  31|0x0000000081f00000, 0x0000000082000000, 0x0000000082000000|100%| O|  |TAMS 0x0000000082000000, 0x0000000081f00000| Untracked 
|  32|0x0000000082000000, 0x0000000082100000, 0x0000000082100000|100%| O|  |TAMS 0x0000000082100000, 0x0000000082000000| Untracked 
|  33|0x0000000082100000, 0x0000000082200000, 0x0000000082200000|100%| O|  |TAMS 0x0000000082200000, 0x0000000082100000| Untracked 
|  34|0x0000000082200000, 0x0000000082300000, 0x0000000082300000|100%| O|  |TAMS 0x0000000082300000, 0x0000000082200000| Untracked 
|  35|0x0000000082300000, 0x0000000082400000, 0x0000000082400000|100%| O|  |TAMS 0x0000000082400000, 0x0000000082300000| Untracked 
|  36|0x0000000082400000, 0x0000000082500000, 0x0000000082500000|100%| O|  |TAMS 0x0000000082500000, 0x0000000082400000| Untracked 
|  37|0x0000000082500000, 0x0000000082600000, 0x0000000082600000|100%| O|  |TAMS 0x0000000082600000, 0x0000000082500000| Untracked 
|  38|0x0000000082600000, 0x0000000082700000, 0x0000000082700000|100%| O|  |TAMS 0x0000000082700000, 0x0000000082600000| Untracked 
|  39|0x0000000082700000, 0x0000000082800000, 0x0000000082800000|100%| O|  |TAMS 0x0000000082800000, 0x0000000082700000| Untracked 
|  40|0x0000000082800000, 0x0000000082900000, 0x0000000082900000|100%| O|  |TAMS 0x0000000082900000, 0x0000000082800000| Untracked 
|  41|0x0000000082900000, 0x0000000082a00000, 0x0000000082a00000|100%| O|  |TAMS 0x0000000082a00000, 0x0000000082900000| Untracked 
|  42|0x0000000082a00000, 0x0000000082b00000, 0x0000000082b00000|100%| O|  |TAMS 0x0000000082b00000, 0x0000000082a00000| Untracked 
|  43|0x0000000082b00000, 0x0000000082c00000, 0x0000000082c00000|100%| O|  |TAMS 0x0000000082c00000, 0x0000000082b00000| Untracked 
|  44|0x0000000082c00000, 0x0000000082d00000, 0x0000000082d00000|100%| O|  |TAMS 0x0000000082d00000, 0x0000000082c00000| Untracked 
|  45|0x0000000082d00000, 0x0000000082e00000, 0x0000000082e00000|100%| O|  |TAMS 0x0000000082e00000, 0x0000000082d00000| Untracked 
|  46|0x0000000082e00000, 0x0000000082f00000, 0x0000000082f00000|100%| O|  |TAMS 0x0000000082f00000, 0x0000000082e00000| Untracked 
|  47|0x0000000082f00000, 0x0000000082f39c00, 0x0000000083000000| 22%| O|  |TAMS 0x0000000082f39c00, 0x0000000082f00000| Untracked 
|  48|0x0000000083000000, 0x0000000083100000, 0x0000000083100000|100%|HS|  |TAMS 0x0000000083000000, 0x0000000083000000| Complete 
|  49|0x0000000083100000, 0x0000000083200000, 0x0000000083200000|100%|HC|  |TAMS 0x0000000083100000, 0x0000000083100000| Complete 
|  50|0x0000000083200000, 0x0000000083300000, 0x0000000083300000|100%|HC|  |TAMS 0x0000000083200000, 0x0000000083200000| Complete 
|  51|0x0000000083300000, 0x0000000083400000, 0x0000000083400000|100%|HS|  |TAMS 0x0000000083300000, 0x0000000083300000| Complete 
|  52|0x0000000083400000, 0x0000000083500000, 0x0000000083500000|100%|HC|  |TAMS 0x0000000083400000, 0x0000000083400000| Complete 
|  53|0x0000000083500000, 0x0000000083600000, 0x0000000083600000|100%|HC|  |TAMS 0x0000000083500000, 0x0000000083500000| Complete 
|  54|0x0000000083600000, 0x0000000083700000, 0x0000000083700000|100%|HC|  |TAMS 0x0000000083600000, 0x0000000083600000| Complete 
|  55|0x0000000083700000, 0x0000000083800000, 0x0000000083800000|100%|HC|  |TAMS 0x0000000083700000, 0x0000000083700000| Complete 
|  56|0x0000000083800000, 0x0000000083900000, 0x0000000083900000|100%|HC|  |TAMS 0x0000000083800000, 0x0000000083800000| Complete 
|  57|0x0000000083900000, 0x0000000083a00000, 0x0000000083a00000|100%|HC|  |TAMS 0x0000000083900000, 0x0000000083900000| Complete 
|  58|0x0000000083a00000, 0x0000000083b00000, 0x0000000083b00000|100%|HC|  |TAMS 0x0000000083a00000, 0x0000000083a00000| Complete 
|  59|0x0000000083b00000, 0x0000000083c00000, 0x0000000083c00000|100%|HC|  |TAMS 0x0000000083b00000, 0x0000000083b00000| Complete 
|  60|0x0000000083c00000, 0x0000000083d00000, 0x0000000083d00000|100%|HC|  |TAMS 0x0000000083c00000, 0x0000000083c00000| Complete 
|  61|0x0000000083d00000, 0x0000000083e00000, 0x0000000083e00000|100%|HS|  |TAMS 0x0000000083d00000, 0x0000000083d00000| Complete 
|  62|0x0000000083e00000, 0x0000000083f00000, 0x0000000083f00000|100%|HC|  |TAMS 0x0000000083e00000, 0x0000000083e00000| Complete 
|  63|0x0000000083f00000, 0x0000000083f00000, 0x0000000084000000|  0%| F|  |TAMS 0x0000000083f00000, 0x0000000083f00000| Untracked 
|  64|0x0000000084000000, 0x0000000084000000, 0x0000000084100000|  0%| F|  |TAMS 0x0000000084000000, 0x0000000084000000| Untracked 
|  65|0x0000000084100000, 0x0000000084100000, 0x0000000084200000|  0%| F|  |TAMS 0x0000000084100000, 0x0000000084100000| Untracked 
|  66|0x0000000084200000, 0x0000000084200000, 0x0000000084300000|  0%| F|  |TAMS 0x0000000084200000, 0x0000000084200000| Untracked 
|  67|0x0000000084300000, 0x0000000084300000, 0x0000000084400000|  0%| F|  |TAMS 0x0000000084300000, 0x0000000084300000| Untracked 
|  68|0x0000000084400000, 0x0000000084400000, 0x0000000084500000|  0%| F|  |TAMS 0x0000000084400000, 0x0000000084400000| Untracked 
|  69|0x0000000084500000, 0x0000000084500000, 0x0000000084600000|  0%| F|  |TAMS 0x0000000084500000, 0x0000000084500000| Untracked 
|  70|0x0000000084600000, 0x0000000084600000, 0x0000000084700000|  0%| F|  |TAMS 0x0000000084600000, 0x0000000084600000| Untracked 
|  71|0x0000000084700000, 0x0000000084700000, 0x0000000084800000|  0%| F|  |TAMS 0x0000000084700000, 0x0000000084700000| Untracked 
|  72|0x0000000084800000, 0x0000000084800000, 0x0000000084900000|  0%| F|  |TAMS 0x0000000084800000, 0x0000000084800000| Untracked 
|  73|0x0000000084900000, 0x0000000084900000, 0x0000000084a00000|  0%| F|  |TAMS 0x0000000084900000, 0x0000000084900000| Untracked 
|  74|0x0000000084a00000, 0x0000000084a00000, 0x0000000084b00000|  0%| F|  |TAMS 0x0000000084a00000, 0x0000000084a00000| Untracked 
|  75|0x0000000084b00000, 0x0000000084b00000, 0x0000000084c00000|  0%| F|  |TAMS 0x0000000084b00000, 0x0000000084b00000| Untracked 
|  76|0x0000000084c00000, 0x0000000084c00000, 0x0000000084d00000|  0%| F|  |TAMS 0x0000000084c00000, 0x0000000084c00000| Untracked 
|  77|0x0000000084d00000, 0x0000000084dfd2c0, 0x0000000084e00000| 98%| S|CS|TAMS 0x0000000084d00000, 0x0000000084d00000| Complete 
|  78|0x0000000084e00000, 0x0000000084f00000, 0x0000000084f00000|100%| S|CS|TAMS 0x0000000084e00000, 0x0000000084e00000| Complete 
|  79|0x0000000084f00000, 0x0000000085000000, 0x0000000085000000|100%| S|CS|TAMS 0x0000000084f00000, 0x0000000084f00000| Complete 
|  80|0x0000000085000000, 0x0000000085100000, 0x0000000085100000|100%| S|CS|TAMS 0x0000000085000000, 0x0000000085000000| Complete 
|  81|0x0000000085100000, 0x0000000085200000, 0x0000000085200000|100%| S|CS|TAMS 0x0000000085100000, 0x0000000085100000| Complete 
|  82|0x0000000085200000, 0x0000000085200000, 0x0000000085300000|  0%| F|  |TAMS 0x0000000085200000, 0x0000000085200000| Untracked 
|  83|0x0000000085300000, 0x0000000085300000, 0x0000000085400000|  0%| F|  |TAMS 0x0000000085300000, 0x0000000085300000| Untracked 
|  84|0x0000000085400000, 0x0000000085400000, 0x0000000085500000|  0%| F|  |TAMS 0x0000000085400000, 0x0000000085400000| Untracked 
|  85|0x0000000085500000, 0x0000000085500000, 0x0000000085600000|  0%| F|  |TAMS 0x0000000085500000, 0x0000000085500000| Untracked 
|  86|0x0000000085600000, 0x0000000085600000, 0x0000000085700000|  0%| F|  |TAMS 0x0000000085600000, 0x0000000085600000| Untracked 
|  87|0x0000000085700000, 0x0000000085700000, 0x0000000085800000|  0%| F|  |TAMS 0x0000000085700000, 0x0000000085700000| Untracked 
|  88|0x0000000085800000, 0x0000000085800000, 0x0000000085900000|  0%| F|  |TAMS 0x0000000085800000, 0x0000000085800000| Untracked 
|  89|0x0000000085900000, 0x0000000085900000, 0x0000000085a00000|  0%| F|  |TAMS 0x0000000085900000, 0x0000000085900000| Untracked 
|  90|0x0000000085a00000, 0x0000000085a00000, 0x0000000085b00000|  0%| F|  |TAMS 0x0000000085a00000, 0x0000000085a00000| Untracked 
|  91|0x0000000085b00000, 0x0000000085b00000, 0x0000000085c00000|  0%| F|  |TAMS 0x0000000085b00000, 0x0000000085b00000| Untracked 
|  92|0x0000000085c00000, 0x0000000085c00000, 0x0000000085d00000|  0%| F|  |TAMS 0x0000000085c00000, 0x0000000085c00000| Untracked 
|  93|0x0000000085d00000, 0x0000000085d00000, 0x0000000085e00000|  0%| F|  |TAMS 0x0000000085d00000, 0x0000000085d00000| Untracked 
|  94|0x0000000085e00000, 0x0000000085e00000, 0x0000000085f00000|  0%| F|  |TAMS 0x0000000085e00000, 0x0000000085e00000| Untracked 
|  95|0x0000000085f00000, 0x0000000085f00000, 0x0000000086000000|  0%| F|  |TAMS 0x0000000085f00000, 0x0000000085f00000| Untracked 
|  96|0x0000000086000000, 0x0000000086000000, 0x0000000086100000|  0%| F|  |TAMS 0x0000000086000000, 0x0000000086000000| Untracked 
|  97|0x0000000086100000, 0x0000000086100000, 0x0000000086200000|  0%| F|  |TAMS 0x0000000086100000, 0x0000000086100000| Untracked 
|  98|0x0000000086200000, 0x0000000086200000, 0x0000000086300000|  0%| F|  |TAMS 0x0000000086200000, 0x0000000086200000| Untracked 
|  99|0x0000000086300000, 0x0000000086300000, 0x0000000086400000|  0%| F|  |TAMS 0x0000000086300000, 0x0000000086300000| Untracked 
| 100|0x0000000086400000, 0x0000000086400000, 0x0000000086500000|  0%| F|  |TAMS 0x0000000086400000, 0x0000000086400000| Untracked 
| 101|0x0000000086500000, 0x0000000086500000, 0x0000000086600000|  0%| F|  |TAMS 0x0000000086500000, 0x0000000086500000| Untracked 
| 102|0x0000000086600000, 0x0000000086600000, 0x0000000086700000|  0%| F|  |TAMS 0x0000000086600000, 0x0000000086600000| Untracked 
| 103|0x0000000086700000, 0x0000000086700000, 0x0000000086800000|  0%| F|  |TAMS 0x0000000086700000, 0x0000000086700000| Untracked 
| 104|0x0000000086800000, 0x0000000086800000, 0x0000000086900000|  0%| F|  |TAMS 0x0000000086800000, 0x0000000086800000| Untracked 
| 105|0x0000000086900000, 0x0000000086900000, 0x0000000086a00000|  0%| F|  |TAMS 0x0000000086900000, 0x0000000086900000| Untracked 
| 106|0x0000000086a00000, 0x0000000086a00000, 0x0000000086b00000|  0%| F|  |TAMS 0x0000000086a00000, 0x0000000086a00000| Untracked 
| 107|0x0000000086b00000, 0x0000000086b00000, 0x0000000086c00000|  0%| F|  |TAMS 0x0000000086b00000, 0x0000000086b00000| Untracked 
| 108|0x0000000086c00000, 0x0000000086c00000, 0x0000000086d00000|  0%| F|  |TAMS 0x0000000086c00000, 0x0000000086c00000| Untracked 
| 109|0x0000000086d00000, 0x0000000086d00000, 0x0000000086e00000|  0%| F|  |TAMS 0x0000000086d00000, 0x0000000086d00000| Untracked 
| 110|0x0000000086e00000, 0x0000000086e00000, 0x0000000086f00000|  0%| F|  |TAMS 0x0000000086e00000, 0x0000000086e00000| Untracked 
| 111|0x0000000086f00000, 0x0000000086f00000, 0x0000000087000000|  0%| F|  |TAMS 0x0000000086f00000, 0x0000000086f00000| Untracked 
| 112|0x0000000087000000, 0x0000000087000000, 0x0000000087100000|  0%| F|  |TAMS 0x0000000087000000, 0x0000000087000000| Untracked 
| 113|0x0000000087100000, 0x0000000087100000, 0x0000000087200000|  0%| F|  |TAMS 0x0000000087100000, 0x0000000087100000| Untracked 
| 114|0x0000000087200000, 0x0000000087200000, 0x0000000087300000|  0%| F|  |TAMS 0x0000000087200000, 0x0000000087200000| Untracked 
| 115|0x0000000087300000, 0x0000000087300000, 0x0000000087400000|  0%| F|  |TAMS 0x0000000087300000, 0x0000000087300000| Untracked 
| 116|0x0000000087400000, 0x0000000087400000, 0x0000000087500000|  0%| F|  |TAMS 0x0000000087400000, 0x0000000087400000| Untracked 
| 117|0x0000000087500000, 0x0000000087500000, 0x0000000087600000|  0%| F|  |TAMS 0x0000000087500000, 0x0000000087500000| Untracked 
| 118|0x0000000087600000, 0x0000000087600000, 0x0000000087700000|  0%| F|  |TAMS 0x0000000087600000, 0x0000000087600000| Untracked 
| 119|0x0000000087700000, 0x0000000087700000, 0x0000000087800000|  0%| F|  |TAMS 0x0000000087700000, 0x0000000087700000| Untracked 
| 120|0x0000000087800000, 0x0000000087800000, 0x0000000087900000|  0%| F|  |TAMS 0x0000000087800000, 0x0000000087800000| Untracked 
| 121|0x0000000087900000, 0x0000000087900000, 0x0000000087a00000|  0%| F|  |TAMS 0x0000000087900000, 0x0000000087900000| Untracked 
| 122|0x0000000087a00000, 0x0000000087a00000, 0x0000000087b00000|  0%| F|  |TAMS 0x0000000087a00000, 0x0000000087a00000| Untracked 
| 123|0x0000000087b00000, 0x0000000087b00000, 0x0000000087c00000|  0%| F|  |TAMS 0x0000000087b00000, 0x0000000087b00000| Untracked 
| 124|0x0000000087c00000, 0x0000000087c00000, 0x0000000087d00000|  0%| F|  |TAMS 0x0000000087c00000, 0x0000000087c00000| Untracked 
| 125|0x0000000087d00000, 0x0000000087d00000, 0x0000000087e00000|  0%| F|  |TAMS 0x0000000087d00000, 0x0000000087d00000| Untracked 
| 126|0x0000000087e00000, 0x0000000087e00000, 0x0000000087f00000|  0%| F|  |TAMS 0x0000000087e00000, 0x0000000087e00000| Untracked 
| 127|0x0000000087f00000, 0x0000000087f00000, 0x0000000088000000|  0%| F|  |TAMS 0x0000000087f00000, 0x0000000087f00000| Untracked 
| 128|0x0000000088000000, 0x0000000088000000, 0x0000000088100000|  0%| F|  |TAMS 0x0000000088000000, 0x0000000088000000| Untracked 
| 129|0x0000000088100000, 0x0000000088100000, 0x0000000088200000|  0%| F|  |TAMS 0x0000000088100000, 0x0000000088100000| Untracked 
| 130|0x0000000088200000, 0x0000000088200000, 0x0000000088300000|  0%| F|  |TAMS 0x0000000088200000, 0x0000000088200000| Untracked 
| 131|0x0000000088300000, 0x0000000088300000, 0x0000000088400000|  0%| F|  |TAMS 0x0000000088300000, 0x0000000088300000| Untracked 
| 132|0x0000000088400000, 0x0000000088400000, 0x0000000088500000|  0%| F|  |TAMS 0x0000000088400000, 0x0000000088400000| Untracked 
| 133|0x0000000088500000, 0x0000000088500000, 0x0000000088600000|  0%| F|  |TAMS 0x0000000088500000, 0x0000000088500000| Untracked 
| 134|0x0000000088600000, 0x0000000088600000, 0x0000000088700000|  0%| F|  |TAMS 0x0000000088600000, 0x0000000088600000| Untracked 
| 135|0x0000000088700000, 0x0000000088700000, 0x0000000088800000|  0%| F|  |TAMS 0x0000000088700000, 0x0000000088700000| Untracked 
| 136|0x0000000088800000, 0x0000000088800000, 0x0000000088900000|  0%| F|  |TAMS 0x0000000088800000, 0x0000000088800000| Untracked 
| 137|0x0000000088900000, 0x0000000088900000, 0x0000000088a00000|  0%| F|  |TAMS 0x0000000088900000, 0x0000000088900000| Untracked 
| 138|0x0000000088a00000, 0x0000000088a00000, 0x0000000088b00000|  0%| F|  |TAMS 0x0000000088a00000, 0x0000000088a00000| Untracked 
| 139|0x0000000088b00000, 0x0000000088b00000, 0x0000000088c00000|  0%| F|  |TAMS 0x0000000088b00000, 0x0000000088b00000| Untracked 
| 140|0x0000000088c00000, 0x0000000088c00000, 0x0000000088d00000|  0%| F|  |TAMS 0x0000000088c00000, 0x0000000088c00000| Untracked 
| 141|0x0000000088d00000, 0x0000000088d00000, 0x0000000088e00000|  0%| F|  |TAMS 0x0000000088d00000, 0x0000000088d00000| Untracked 
| 142|0x0000000088e00000, 0x0000000088e00000, 0x0000000088f00000|  0%| F|  |TAMS 0x0000000088e00000, 0x0000000088e00000| Untracked 
| 143|0x0000000088f00000, 0x0000000088f00000, 0x0000000089000000|  0%| F|  |TAMS 0x0000000088f00000, 0x0000000088f00000| Untracked 
| 144|0x0000000089000000, 0x0000000089000000, 0x0000000089100000|  0%| F|  |TAMS 0x0000000089000000, 0x0000000089000000| Untracked 
| 254|0x000000008fe00000, 0x000000008fe00000, 0x000000008ff00000|  0%| F|  |TAMS 0x000000008fe00000, 0x000000008fe00000| Untracked 
| 255|0x000000008ff00000, 0x000000008ff00000, 0x0000000090000000|  0%| F|  |TAMS 0x000000008ff00000, 0x000000008ff00000| Untracked 

Card table byte_map: [0x000001ab993f0000,0x000001ab997f0000] _byte_map_base: 0x000001ab98ff0000

Marking Bits (Prev, Next): (CMBitMap*) 0x000001ab8227d8a0, (CMBitMap*) 0x000001ab8227d8e0
 Prev Bits: [0x000001ab99bf0000, 0x000001ab9bbf0000)
 Next Bits: [0x000001ab9bbf0000, 0x000001ab9dbf0000)

Polling page: 0x000001ab80170000

Metaspace:

Usage:
  Non-class:     31.43 MB used.
      Class:      5.07 MB used.
       Both:     36.51 MB used.

Virtual space:
  Non-class space:       40.00 MB reserved,      31.69 MB ( 79%) committed,  5 nodes.
      Class space:        1.00 GB reserved,       5.31 MB ( <1%) committed,  1 nodes.
             Both:        1.04 GB reserved,      37.00 MB (  3%) committed. 

Chunk freelists:
   Non-Class:  3.78 MB
       Class:  2.53 MB
        Both:  6.31 MB

MaxMetaspaceSize: unlimited
CompressedClassSpaceSize: 1.00 GB
Initial GC threshold: 21.00 MB
Current GC threshold: 59.00 MB
CDS: on
MetaspaceReclaimPolicy: balanced
 - commit_granule_bytes: 65536.
 - commit_granule_words: 8192.
 - virtual_space_node_default_size: 1048576.
 - enlarge_chunks_in_place: 1.
 - new_chunks_are_fully_committed: 0.
 - uncommit_free_chunks: 1.
 - use_allocation_guard: 0.
 - handle_deallocations: 1.


Internal statistics:

num_allocs_failed_limit: 6.
num_arena_births: 442.
num_arena_deaths: 0.
num_vsnodes_births: 6.
num_vsnodes_deaths: 0.
num_space_committed: 592.
num_space_uncommitted: 0.
num_chunks_returned_to_freelist: 6.
num_chunks_taken_from_freelist: 1843.
num_chunk_merges: 6.
num_chunk_splits: 1214.
num_chunks_enlarged: 832.
num_purges: 0.
num_inconsistent_stats: 0.

CodeHeap 'non-profiled nmethods': size=120000Kb used=2811Kb max_used=2811Kb free=117188Kb
 bounds [0x000001ab91570000, 0x000001ab91830000, 0x000001ab98aa0000]
CodeHeap 'profiled nmethods': size=120000Kb used=10064Kb max_used=10064Kb free=109935Kb
 bounds [0x000001ab89aa0000, 0x000001ab8a480000, 0x000001ab90fd0000]
CodeHeap 'non-nmethods': size=5760Kb used=2304Kb max_used=2391Kb free=3455Kb
 bounds [0x000001ab90fd0000, 0x000001ab91240000, 0x000001ab91570000]
 total_blobs=5453 nmethods=4644 adapters=720
 compilation: enabled
              stopped_count=0, restarted_count=0
 full_count=0

Compilation events (20 events):
Event: 4.018 Thread 0x000001aba1410680 4693       2       java.util.zip.ZipEntry::setCrc (30 bytes)
Event: 4.018 Thread 0x000001aba1410680 nmethod 4693 0x000001ab8a46f110 code [0x000001ab8a46f2c0, 0x000001ab8a46f4a8]
Event: 4.019 Thread 0x000001aba1410680 4694       2       org.apache.commons.compress.archivers.zip.ZipArchiveOutputStream::putArchiveEntry (297 bytes)
Event: 4.019 Thread 0x000001aba1410680 nmethod 4694 0x000001ab8a46f590 code [0x000001ab8a46f880, 0x000001ab8a470578]
Event: 4.019 Thread 0x000001aba1410680 4682       2       org.apache.commons.compress.archivers.zip.ZipArchiveEntry::setSize (22 bytes)
Event: 4.020 Thread 0x000001aba1410680 nmethod 4682 0x000001ab8a470d10 code [0x000001ab8a470ec0, 0x000001ab8a4710a8]
Event: 4.020 Thread 0x000001aba1410680 4683       2       org.apache.commons.compress.archivers.zip.ZipArchiveOutputStream$CurrentEntry::<init> (10 bytes)
Event: 4.020 Thread 0x000001aba1410680 nmethod 4683 0x000001ab8a471190 code [0x000001ab8a471320, 0x000001ab8a471478]
Event: 4.020 Thread 0x000001aba1410680 4684       2       org.apache.commons.compress.archivers.zip.ZipArchiveOutputStream::setDefaults (35 bytes)
Event: 4.020 Thread 0x000001aba1410680 nmethod 4684 0x000001ab8a471510 code [0x000001ab8a4716c0, 0x000001ab8a471868]
Event: 4.020 Thread 0x000001aba1410680 4685       2       org.apache.commons.compress.archivers.zip.ZipArchiveOutputStream::validateSizeInformation (154 bytes)
Event: 4.020 Thread 0x000001aba1410680 nmethod 4685 0x000001ab8a471990 code [0x000001ab8a471b80, 0x000001ab8a471f98]
Event: 4.020 Thread 0x000001aba1410680 4686       2       org.apache.commons.compress.archivers.zip.ZipArchiveOutputStream$CurrentEntry::access$402 (7 bytes)
Event: 4.020 Thread 0x000001aba1410680 nmethod 4686 0x000001ab8a472190 code [0x000001ab8a472320, 0x000001ab8a472418]
Event: 4.020 Thread 0x000001aba1410680 4696       2       org.apache.commons.compress.archivers.zip.ZipArchiveOutputStream::shouldAddZip64Extra (67 bytes)
Event: 4.020 Thread 0x000001aba1410680 nmethod 4696 0x000001ab8a472510 code [0x000001ab8a4726a0, 0x000001ab8a472858]
Event: 4.020 Thread 0x000001aba1410680 4687       2       org.apache.commons.compress.archivers.zip.ZipArchiveOutputStream$CurrentEntry::access$002 (7 bytes)
Event: 4.020 Thread 0x000001aba1410680 nmethod 4687 0x000001ab8a472910 code [0x000001ab8a472aa0, 0x000001ab8a472b98]
Event: 4.020 Thread 0x000001aba1410680 4688       2       org.apache.commons.compress.archivers.zip.ZipArchiveOutputStream::handleSizesAndCrc (266 bytes)
Event: 4.021 Thread 0x000001aba1410680 nmethod 4688 0x000001ab8a472c90 code [0x000001ab8a472fe0, 0x000001ab8a473aa8]

GC Heap History (13 events):
Event: 0.548 GC heap before
{Heap before GC invocations=0 (full 0):
 garbage-first heap   total 262144K, used 26624K [0x0000000080000000, 0x0000000100000000)
  region size 1024K, 23 young (23552K), 0 survivors (0K)
 Metaspace       used 3078K, committed 3200K, reserved 1056768K
  class space    used 392K, committed 448K, reserved 1048576K
}
Event: 0.566 GC heap after
{Heap after GC invocations=1 (full 0):
 garbage-first heap   total 262144K, used 10202K [0x0000000080000000, 0x0000000100000000)
  region size 1024K, 3 young (3072K), 3 survivors (3072K)
 Metaspace       used 3078K, committed 3200K, reserved 1056768K
  class space    used 392K, committed 448K, reserved 1048576K
}
Event: 0.900 GC heap before
{Heap before GC invocations=1 (full 0):
 garbage-first heap   total 262144K, used 36826K [0x0000000080000000, 0x0000000100000000)
  region size 1024K, 29 young (29696K), 3 survivors (3072K)
 Metaspace       used 4001K, committed 4160K, reserved 1056768K
  class space    used 489K, committed 576K, reserved 1048576K
}
Event: 0.903 GC heap after
{Heap after GC invocations=2 (full 0):
 garbage-first heap   total 262144K, used 12790K [0x0000000080000000, 0x0000000100000000)
  region size 1024K, 3 young (3072K), 3 survivors (3072K)
 Metaspace       used 4001K, committed 4160K, reserved 1056768K
  class space    used 489K, committed 576K, reserved 1048576K
}
Event: 2.511 GC heap before
{Heap before GC invocations=2 (full 0):
 garbage-first heap   total 262144K, used 151030K [0x0000000080000000, 0x0000000100000000)
  region size 1024K, 121 young (123904K), 3 survivors (3072K)
 Metaspace       used 21209K, committed 21504K, reserved 1073152K
  class space    used 3166K, committed 3328K, reserved 1048576K
}
Event: 2.519 GC heap after
{Heap after GC invocations=3 (full 0):
 garbage-first heap   total 262144K, used 42066K [0x0000000080000000, 0x0000000100000000)
  region size 1024K, 14 young (14336K), 14 survivors (14336K)
 Metaspace       used 21209K, committed 21504K, reserved 1073152K
  class space    used 3166K, committed 3328K, reserved 1048576K
}
Event: 3.292 GC heap before
{Heap before GC invocations=4 (full 0):
 garbage-first heap   total 150528K, used 116818K [0x0000000080000000, 0x0000000100000000)
  region size 1024K, 88 young (90112K), 14 survivors (14336K)
 Metaspace       used 31880K, committed 32320K, reserved 1081344K
  class space    used 4549K, committed 4736K, reserved 1048576K
}
Event: 3.302 GC heap after
{Heap after GC invocations=5 (full 0):
 garbage-first heap   total 150528K, used 47888K [0x0000000080000000, 0x0000000100000000)
  region size 1024K, 7 young (7168K), 7 survivors (7168K)
 Metaspace       used 31880K, committed 32320K, reserved 1081344K
  class space    used 4549K, committed 4736K, reserved 1048576K
}
Event: 3.304 GC heap before
{Heap before GC invocations=5 (full 0):
 garbage-first heap   total 150528K, used 48912K [0x0000000080000000, 0x0000000100000000)
  region size 1024K, 8 young (8192K), 7 survivors (7168K)
 Metaspace       used 31881K, committed 32320K, reserved 1081344K
  class space    used 4549K, committed 4736K, reserved 1048576K
}
Event: 3.308 GC heap after
{Heap after GC invocations=6 (full 0):
 garbage-first heap   total 150528K, used 48325K [0x0000000080000000, 0x0000000100000000)
  region size 1024K, 1 young (1024K), 1 survivors (1024K)
 Metaspace       used 31881K, committed 32320K, reserved 1081344K
  class space    used 4549K, committed 4736K, reserved 1048576K
}
Event: 3.674 GC heap before
{Heap before GC invocations=6 (full 0):
 garbage-first heap   total 150528K, used 87237K [0x0000000080000000, 0x0000000100000000)
  region size 1024K, 36 young (36864K), 1 survivors (1024K)
 Metaspace       used 35690K, committed 36096K, reserved 1081344K
  class space    used 4981K, committed 5184K, reserved 1048576K
}
Event: 3.677 GC heap after
{Heap after GC invocations=7 (full 0):
 garbage-first heap   total 150528K, used 50817K [0x0000000080000000, 0x0000000100000000)
  region size 1024K, 4 young (4096K), 4 survivors (4096K)
 Metaspace       used 35690K, committed 36096K, reserved 1081344K
  class space    used 4981K, committed 5184K, reserved 1048576K
}
Event: 4.021 GC heap before
{Heap before GC invocations=8 (full 0):
 garbage-first heap   total 150528K, used 127617K [0x0000000080000000, 0x0000000100000000)
  region size 1024K, 65 young (66560K), 4 survivors (4096K)
 Metaspace       used 37382K, committed 37888K, reserved 1089536K
  class space    used 5193K, committed 5440K, reserved 1048576K
}

Deoptimization events (20 events):
Event: 3.940 Thread 0x000001aba3ffb6e0 DEOPT PACKING pc=0x000001ab8a3c02a3 sp=0x00000064977fdd20
Event: 3.940 Thread 0x000001aba3ffb6e0 DEOPT UNPACKING pc=0x000001ab91022b43 sp=0x00000064977fd190 mode 0
Event: 3.941 Thread 0x000001aba3ff9060 DEOPT PACKING pc=0x000001ab8a3c167e sp=0x0000006497afdc80
Event: 3.941 Thread 0x000001aba3ff9060 DEOPT UNPACKING pc=0x000001ab91022b43 sp=0x0000006497afd0f0 mode 0
Event: 3.941 Thread 0x000001aba3ffb6e0 DEOPT PACKING pc=0x000001ab8a3c02a3 sp=0x00000064977fdd20
Event: 3.941 Thread 0x000001aba3ffb6e0 DEOPT UNPACKING pc=0x000001ab91022b43 sp=0x00000064977fd190 mode 0
Event: 3.941 Thread 0x000001aba3ff9060 DEOPT PACKING pc=0x000001ab8a3c167e sp=0x0000006497afe070
Event: 3.941 Thread 0x000001aba3ff9060 DEOPT UNPACKING pc=0x000001ab91022b43 sp=0x0000006497afd4e0 mode 0
Event: 3.942 Thread 0x000001aba3ffb6e0 DEOPT PACKING pc=0x000001ab8a3c02a3 sp=0x00000064977fe1d0
Event: 3.942 Thread 0x000001aba3ffb6e0 DEOPT UNPACKING pc=0x000001ab91022b43 sp=0x00000064977fd640 mode 0
Event: 3.953 Thread 0x000001aba3ff9060 Uncommon trap: trap_request=0xffffff45 fr.pc=0x000001ab91814bcc relative=0x00000000000010ac
Event: 3.953 Thread 0x000001aba3ff9060 Uncommon trap: reason=unstable_if action=reinterpret pc=0x000001ab91814bcc method=org.objectweb.asm.ByteVector.putUTF8(Ljava/lang/String;)Lorg/objectweb/asm/ByteVector; @ 100 c2
Event: 3.953 Thread 0x000001aba3ff9060 DEOPT PACKING pc=0x000001ab91814bcc sp=0x0000006497afdac0
Event: 3.953 Thread 0x000001aba3ff9060 DEOPT UNPACKING pc=0x000001ab910223a3 sp=0x0000006497afda28 mode 2
Event: 3.962 Thread 0x000001aba3ff9060 DEOPT PACKING pc=0x000001ab8a3cf1a7 sp=0x0000006497afe680
Event: 3.962 Thread 0x000001aba3ff9060 DEOPT UNPACKING pc=0x000001ab91022b43 sp=0x0000006497afdb80 mode 0
Event: 3.981 Thread 0x000001aba3ffb6e0 DEOPT PACKING pc=0x000001ab8a3b30bc sp=0x00000064977fd410
Event: 3.981 Thread 0x000001aba3ffb6e0 DEOPT UNPACKING pc=0x000001ab91022b43 sp=0x00000064977fc920 mode 0
Event: 3.981 Thread 0x000001aba3ffb6e0 DEOPT PACKING pc=0x000001ab8a3f6c2c sp=0x00000064977fe1b0
Event: 3.981 Thread 0x000001aba3ffb6e0 DEOPT UNPACKING pc=0x000001ab91022b43 sp=0x00000064977fd760 mode 0

Classes unloaded (0 events):
No events

Classes redefined (0 events):
No events

Internal exceptions (20 events):
Event: 3.582 Thread 0x000001aba352c060 Exception <a 'java/lang/NoSuchMethodError'{0x0000000087728270}: 'java.lang.Object java.lang.invoke.DirectMethodHandle$Holder.invokeSpecialIFC(java.lang.Object, java.lang.Object, java.lang.Object)'> (0x0000000087728270) 
thrown [s\open\src\hotspot\share\interpreter\linkResolver.cpp, line 759]
Event: 3.593 Thread 0x000001aba352c060 Implicit null exception at 0x000001ab91764aec to 0x000001ab91764b9c
Event: 3.599 Thread 0x000001aba352c060 Exception <a 'java/lang/ClassNotFoundException'{0x0000000087666318}: org/gradle/api/internal/artifacts/dsl/dependencies/DefaultDependencyHandler_DecoratedBeanInfo> (0x0000000087666318) 
thrown [s\open\src\hotspot\share\classfile\systemDictionary.cpp, line 256]
Event: 3.599 Thread 0x000001aba352c060 Exception <a 'java/lang/ClassNotFoundException'{0x000000008767c0a0}: org/gradle/api/internal/artifacts/dsl/dependencies/DefaultDependencyHandlerBeanInfo> (0x000000008767c0a0) 
thrown [s\open\src\hotspot\share\classfile\systemDictionary.cpp, line 256]
Event: 3.600 Thread 0x000001aba352c060 Exception <a 'java/lang/ClassNotFoundException'{0x0000000087691ad8}: org/gradle/api/internal/artifacts/dsl/dependencies/DefaultDependencyHandlerCustomizer> (0x0000000087691ad8) 
thrown [s\open\src\hotspot\share\classfile\systemDictionary.cpp, line 256]
Event: 3.603 Thread 0x000001aba352c060 Exception <a 'java/lang/ClassNotFoundException'{0x00000000876d0b30}: org/gradle/api/internal/artifacts/dsl/dependencies/DefaultDependencyHandler_DecoratedCustomizer> (0x00000000876d0b30) 
thrown [s\open\src\hotspot\share\classfile\systemDictionary.cpp, line 256]
Event: 3.640 Thread 0x000001aba352c060 Exception <a 'java/lang/NoSuchMethodError'{0x000000008721c3f8}: 'java.lang.Object java.lang.invoke.DirectMethodHandle$Holder.newInvokeSpecial(java.lang.Object, int, java.lang.Object)'> (0x000000008721c3f8) 
thrown [s\open\src\hotspot\share\interpreter\linkResolver.cpp, line 759]
Event: 3.759 Thread 0x000001aba352c060 Exception <a 'java/lang/NoSuchMethodError'{0x0000000088b6c370}: 'int java.lang.invoke.DirectMethodHandle$Holder.invokeStatic(java.lang.Object)'> (0x0000000088b6c370) 
thrown [s\open\src\hotspot\share\interpreter\linkResolver.cpp, line 759]
Event: 3.759 Thread 0x000001aba352c060 Exception <a 'java/lang/NoSuchMethodError'{0x0000000088b70760}: 'int java.lang.invoke.DirectMethodHandle$Holder.invokeStaticInit(java.lang.Object)'> (0x0000000088b70760) 
thrown [s\open\src\hotspot\share\interpreter\linkResolver.cpp, line 759]
Event: 3.776 Thread 0x000001aba3c65d40 Exception <a 'sun/nio/fs/WindowsException'{0x0000000088915ec8}> (0x0000000088915ec8) 
thrown [s\open\src\hotspot\share\prims\jni.cpp, line 516]
Event: 3.780 Thread 0x000001aba3c65d40 Exception <a 'sun/nio/fs/WindowsException'{0x0000000088940f70}> (0x0000000088940f70) 
thrown [s\open\src\hotspot\share\prims\jni.cpp, line 516]
Event: 3.781 Thread 0x000001aba3c65d40 Exception <a 'sun/nio/fs/WindowsException'{0x00000000889410d8}> (0x00000000889410d8) 
thrown [s\open\src\hotspot\share\prims\jni.cpp, line 516]
Event: 3.785 Thread 0x000001aba352c060 Exception <a 'java/lang/ClassNotFoundException'{0x000000008899d448}: sync_studio_tooling3_21tf3ocfsqtddffmx5hi6dfnzBeanInfo> (0x000000008899d448) 
thrown [s\open\src\hotspot\share\classfile\systemDictionary.cpp, line 256]
Event: 3.785 Thread 0x000001aba352c060 Exception <a 'java/lang/ClassNotFoundException'{0x00000000889a3d78}: sync_studio_tooling3_21tf3ocfsqtddffmx5hi6dfnzCustomizer> (0x00000000889a3d78) 
thrown [s\open\src\hotspot\share\classfile\systemDictionary.cpp, line 256]
Event: 3.798 Thread 0x000001aba352c060 Exception <a 'java/lang/ClassNotFoundException'{0x00000000888886b8}: ijinit_3ufaztj5kpurdtagc09ge4bf6BeanInfo> (0x00000000888886b8) 
thrown [s\open\src\hotspot\share\classfile\systemDictionary.cpp, line 256]
Event: 3.798 Thread 0x000001aba352c060 Exception <a 'java/lang/ClassNotFoundException'{0x000000008888efa8}: ijinit_3ufaztj5kpurdtagc09ge4bf6Customizer> (0x000000008888efa8) 
thrown [s\open\src\hotspot\share\classfile\systemDictionary.cpp, line 256]
Event: 3.802 Thread 0x000001aba352c060 Exception <a 'java/lang/ClassNotFoundException'{0x00000000888d4740}: ijinit_3ufaztj5kpurdtagc09ge4bf6$_run_closure1BeanInfo> (0x00000000888d4740) 
thrown [s\open\src\hotspot\share\classfile\systemDictionary.cpp, line 256]
Event: 3.802 Thread 0x000001aba352c060 Exception <a 'java/lang/ClassNotFoundException'{0x00000000888db6a0}: ijinit_3ufaztj5kpurdtagc09ge4bf6$_run_closure1Customizer> (0x00000000888db6a0) 
thrown [s\open\src\hotspot\share\classfile\systemDictionary.cpp, line 256]
Event: 3.811 Thread 0x000001aba3ffb6e0 Exception <a 'sun/nio/fs/WindowsException'{0x0000000088a617b8}> (0x0000000088a617b8) 
thrown [s\open\src\hotspot\share\prims\jni.cpp, line 516]
Event: 3.812 Thread 0x000001aba3ff9060 Exception <a 'sun/nio/fs/WindowsException'{0x0000000088805668}> (0x0000000088805668) 
thrown [s\open\src\hotspot\share\prims\jni.cpp, line 516]

VM Operations (20 events):
Event: 3.483 Executing VM operation: HandshakeAllThreads done
Event: 3.486 Executing VM operation: HandshakeAllThreads
Event: 3.486 Executing VM operation: HandshakeAllThreads done
Event: 3.503 Executing VM operation: ICBufferFull
Event: 3.503 Executing VM operation: ICBufferFull done
Event: 3.567 Executing VM operation: HandshakeAllThreads
Event: 3.567 Executing VM operation: HandshakeAllThreads done
Event: 3.674 Executing VM operation: CollectForMetadataAllocation
Event: 3.677 Executing VM operation: CollectForMetadataAllocation done
Event: 3.689 Executing VM operation: G1Concurrent
Event: 3.691 Executing VM operation: G1Concurrent done
Event: 3.696 Executing VM operation: G1Concurrent
Event: 3.697 Executing VM operation: G1Concurrent done
Event: 3.979 Executing VM operation: HandshakeAllThreads
Event: 3.979 Executing VM operation: HandshakeAllThreads done
Event: 3.980 Executing VM operation: HandshakeAllThreads
Event: 3.980 Executing VM operation: HandshakeAllThreads done
Event: 3.992 Executing VM operation: ICBufferFull
Event: 3.992 Executing VM operation: ICBufferFull done
Event: 4.021 Executing VM operation: G1CollectForAllocation

Events (20 events):
Event: 3.468 loading class java/util/zip/Deflater$DeflaterZStreamRef
Event: 3.468 loading class java/util/zip/Deflater$DeflaterZStreamRef done
Event: 3.471 loading class java/nio/channels/Channels
Event: 3.471 loading class java/nio/channels/Channels done
Event: 3.471 loading class sun/nio/ch/ChannelInputStream
Event: 3.471 loading class sun/nio/ch/ChannelInputStream done
Event: 3.485 loading class java/nio/StringCharBuffer
Event: 3.486 loading class java/nio/StringCharBuffer done
Event: 3.499 loading class java/nio/file/StandardCopyOption
Event: 3.499 loading class java/nio/file/StandardCopyOption done
Event: 3.499 loading class sun/nio/fs/WindowsFileCopy
Event: 3.499 loading class sun/nio/fs/WindowsFileCopy done
Event: 3.553 loading class sun/reflect/generics/tree/BooleanSignature
Event: 3.553 loading class sun/reflect/generics/tree/BooleanSignature done
Event: 3.734 loading class java/io/DeleteOnExitHook
Event: 3.734 loading class java/io/DeleteOnExitHook done
Event: 3.734 loading class java/io/DeleteOnExitHook$1
Event: 3.734 loading class java/io/DeleteOnExitHook$1 done
Event: 3.823 loading class java/security/Key
Event: 3.823 loading class java/security/Key done


Dynamic libraries:
0x00007ff663af0000 - 0x00007ff663b00000 	D:\Program Files\Java\jdk-17\bin\java.exe
0x00007ffc4dab0000 - 0x00007ffc4dcc4000 	C:\WINDOWS\SYSTEM32\ntdll.dll
0x00007ffc4c6e0000 - 0x00007ffc4c7a2000 	C:\WINDOWS\System32\KERNEL32.DLL
0x00007ffc4b120000 - 0x00007ffc4b4c3000 	C:\WINDOWS\System32\KERNELBASE.dll
0x00007ffc4b700000 - 0x00007ffc4b811000 	C:\WINDOWS\System32\ucrtbase.dll
0x00007ffc42a20000 - 0x00007ffc42a3b000 	D:\Program Files\Java\jdk-17\bin\VCRUNTIME140.dll
0x00007ffc42a40000 - 0x00007ffc42a58000 	D:\Program Files\Java\jdk-17\bin\jli.dll
0x00007ffc4d800000 - 0x00007ffc4d8ae000 	C:\WINDOWS\System32\ADVAPI32.dll
0x00007ffc4cf50000 - 0x00007ffc4cff7000 	C:\WINDOWS\System32\msvcrt.dll
0x00007ffc4c7c0000 - 0x00007ffc4c864000 	C:\WINDOWS\System32\sechost.dll
0x00007ffc4cdf0000 - 0x00007ffc4cf07000 	C:\WINDOWS\System32\RPCRT4.dll
0x00007ffc4ca60000 - 0x00007ffc4cc0b000 	C:\WINDOWS\System32\USER32.dll
0x00007ffc4aeb0000 - 0x00007ffc4aed6000 	C:\WINDOWS\System32\win32u.dll
0x00007ffc31010000 - 0x00007ffc3129e000 	C:\WINDOWS\WinSxS\amd64_microsoft.windows.common-controls_6595b64144ccf1df_6.0.22621.1635_none_270f70857386168e\COMCTL32.dll
0x00007ffc4c4f0000 - 0x00007ffc4c519000 	C:\WINDOWS\System32\GDI32.dll
0x00007ffc4aee0000 - 0x00007ffc4aff9000 	C:\WINDOWS\System32\gdi32full.dll
0x00007ffc4b080000 - 0x00007ffc4b11a000 	C:\WINDOWS\System32\msvcp_win.dll
0x00007ffc415e0000 - 0x00007ffc415ea000 	C:\WINDOWS\SYSTEM32\VERSION.dll
0x00007ffc4cf10000 - 0x00007ffc4cf41000 	C:\WINDOWS\System32\IMM32.DLL
0x00007ffc48160000 - 0x00007ffc4816c000 	D:\Program Files\Java\jdk-17\bin\vcruntime140_1.dll
0x00007ffc34a50000 - 0x00007ffc34ade000 	D:\Program Files\Java\jdk-17\bin\msvcp140.dll
0x00007ffbcc600000 - 0x00007ffbcd1d7000 	D:\Program Files\Java\jdk-17\bin\server\jvm.dll
0x00007ffc4ccf0000 - 0x00007ffc4ccf8000 	C:\WINDOWS\System32\PSAPI.DLL
0x00007ffc443a0000 - 0x00007ffc443d4000 	C:\WINDOWS\SYSTEM32\WINMM.dll
0x00007ffc373d0000 - 0x00007ffc373d9000 	C:\WINDOWS\SYSTEM32\WSOCK32.dll
0x00007ffc4cd70000 - 0x00007ffc4cde1000 	C:\WINDOWS\System32\WS2_32.dll
0x00007ffc49ec0000 - 0x00007ffc49ed8000 	C:\WINDOWS\SYSTEM32\kernel.appcore.dll
0x00007ffc460c0000 - 0x00007ffc460ca000 	D:\Program Files\Java\jdk-17\bin\jimage.dll
0x00007ffc3c610000 - 0x00007ffc3c83e000 	C:\WINDOWS\SYSTEM32\DBGHELP.DLL
0x00007ffc4ba10000 - 0x00007ffc4bd99000 	C:\WINDOWS\System32\combase.dll
0x00007ffc4cc10000 - 0x00007ffc4cce7000 	C:\WINDOWS\System32\OLEAUT32.dll
0x00007ffc3c5d0000 - 0x00007ffc3c602000 	C:\WINDOWS\SYSTEM32\dbgcore.DLL
0x00007ffc4b000000 - 0x00007ffc4b07b000 	C:\WINDOWS\System32\bcryptPrimitives.dll
0x00007ffc34ed0000 - 0x00007ffc34ede000 	D:\Program Files\Java\jdk-17\bin\instrument.dll
0x00007ffc429f0000 - 0x00007ffc42a15000 	D:\Program Files\Java\jdk-17\bin\java.dll
0x00007ffc2e1c0000 - 0x00007ffc2e297000 	D:\Program Files\Java\jdk-17\bin\jsvml.dll
0x00007ffc4d000000 - 0x00007ffc4d7fa000 	C:\WINDOWS\System32\SHELL32.dll
0x00007ffc48e60000 - 0x00007ffc4972e000 	C:\WINDOWS\SYSTEM32\windows.storage.dll
0x00007ffc48d20000 - 0x00007ffc48e5e000 	C:\WINDOWS\SYSTEM32\wintypes.dll
0x00007ffc4c870000 - 0x00007ffc4c961000 	C:\WINDOWS\System32\SHCORE.dll
0x00007ffc4c970000 - 0x00007ffc4c9ce000 	C:\WINDOWS\System32\shlwapi.dll
0x00007ffc4ade0000 - 0x00007ffc4ae01000 	C:\WINDOWS\SYSTEM32\profapi.dll
0x00007ffc3afa0000 - 0x00007ffc3afb8000 	D:\Program Files\Java\jdk-17\bin\zip.dll
0x00007ffc429d0000 - 0x00007ffc429e9000 	D:\Program Files\Java\jdk-17\bin\net.dll
0x00007ffc44dc0000 - 0x00007ffc44ef7000 	C:\WINDOWS\SYSTEM32\WINHTTP.dll
0x00007ffc4a3a0000 - 0x00007ffc4a409000 	C:\WINDOWS\system32\mswsock.dll
0x00007ffc3afd0000 - 0x00007ffc3afe6000 	D:\Program Files\Java\jdk-17\bin\nio.dll
0x00007ffc429c0000 - 0x00007ffc429d0000 	D:\Program Files\Java\jdk-17\bin\verify.dll
0x00007ffc46040000 - 0x00007ffc46067000 	C:\Users\Rafi\.gradle\native\68d5fa5c4cc2d200863cafc0d521ce42e7d3e7ee720ec0a83991735586a16f82\windows-amd64\native-platform.dll
0x00007ffc1f620000 - 0x00007ffc1f764000 	C:\Users\Rafi\.gradle\native\e376f236ea51e6404a007f0833ffe2c6e607c4080706a723a18a27aeea778392\windows-amd64\native-platform-file-events.dll
0x00007ffc42860000 - 0x00007ffc4286a000 	D:\Program Files\Java\jdk-17\bin\management.dll
0x00007ffc3b4b0000 - 0x00007ffc3b4bb000 	D:\Program Files\Java\jdk-17\bin\management_ext.dll
0x00007ffc4a730000 - 0x00007ffc4a74b000 	C:\WINDOWS\SYSTEM32\CRYPTSP.dll
0x00007ffc49e30000 - 0x00007ffc49e65000 	C:\WINDOWS\system32\rsaenh.dll
0x00007ffc4a4b0000 - 0x00007ffc4a4d8000 	C:\WINDOWS\SYSTEM32\USERENV.dll
0x00007ffc4a880000 - 0x00007ffc4a8a8000 	C:\WINDOWS\SYSTEM32\bcrypt.dll
0x00007ffc4a710000 - 0x00007ffc4a71c000 	C:\WINDOWS\SYSTEM32\CRYPTBASE.dll
0x00007ffc49990000 - 0x00007ffc499bd000 	C:\WINDOWS\SYSTEM32\IPHLPAPI.DLL
0x00007ffc4bda0000 - 0x00007ffc4bda9000 	C:\WINDOWS\System32\NSI.dll
0x00007ffc44b80000 - 0x00007ffc44b99000 	C:\WINDOWS\SYSTEM32\dhcpcsvc6.DLL
0x00007ffc44b60000 - 0x00007ffc44b7f000 	C:\WINDOWS\SYSTEM32\dhcpcsvc.DLL
0x00007ffc49a00000 - 0x00007ffc49af3000 	C:\WINDOWS\SYSTEM32\DNSAPI.dll
0x00007ffc3af90000 - 0x00007ffc3af9d000 	D:\Program Files\Java\jdk-17\bin\sunmscapi.dll
0x00007ffc4b590000 - 0x00007ffc4b6f7000 	C:\WINDOWS\System32\CRYPT32.dll
0x00007ffc4a850000 - 0x00007ffc4a87e000 	C:\WINDOWS\SYSTEM32\ncrypt.dll
0x00007ffc4a810000 - 0x00007ffc4a847000 	C:\WINDOWS\SYSTEM32\NTASN1.dll
0x00007ffc32fe0000 - 0x00007ffc32fe8000 	C:\WINDOWS\system32\wshunix.dll

dbghelp: loaded successfully - version: 4.0.5 - missing functions: none
symbol engine: initialized successfully - sym options: 0x614 - pdb path: .;D:\Program Files\Java\jdk-17\bin;C:\WINDOWS\SYSTEM32;C:\WINDOWS\WinSxS\amd64_microsoft.windows.common-controls_6595b64144ccf1df_6.0.22621.1635_none_270f70857386168e;D:\Program Files\Java\jdk-17\bin\server;C:\Users\Rafi\.gradle\native\68d5fa5c4cc2d200863cafc0d521ce42e7d3e7ee720ec0a83991735586a16f82\windows-amd64;C:\Users\Rafi\.gradle\native\e376f236ea51e6404a007f0833ffe2c6e607c4080706a723a18a27aeea778392\windows-amd64

VM Arguments:
jvm_args: --add-opens=java.base/java.util=ALL-UNNAMED --add-opens=java.base/java.lang=ALL-UNNAMED --add-opens=java.base/java.lang.invoke=ALL-UNNAMED --add-opens=java.prefs/java.util.prefs=ALL-UNNAMED --add-opens=java.base/java.nio.charset=ALL-UNNAMED --add-opens=java.base/java.net=ALL-UNNAMED --add-opens=java.base/java.util.concurrent.atomic=ALL-UNNAMED -Xmx2048m -Dfile.encoding=UTF-8 -Duser.country=US -Duser.language=en -Duser.variant -javaagent:C:\Users\Rafi\.gradle\wrapper\dists\gradle-8.1-bin\2eyty4r6kz6fpakefpk52nbbm\gradle-8.1\lib\agents\gradle-instrumentation-agent-8.1.jar 
java_command: org.gradle.launcher.daemon.bootstrap.GradleDaemon 8.1
java_class_path (initial): C:\Users\Rafi\.gradle\wrapper\dists\gradle-8.1-bin\2eyty4r6kz6fpakefpk52nbbm\gradle-8.1\lib\gradle-launcher-8.1.jar
Launcher Type: SUN_STANDARD

[Global flags]
     intx CICompilerCount                          = 4                                         {product} {ergonomic}
     uint ConcGCThreads                            = 3                                         {product} {ergonomic}
     uint G1ConcRefinementThreads                  = 10                                        {product} {ergonomic}
   size_t G1HeapRegionSize                         = 1048576                                   {product} {ergonomic}
    uintx GCDrainStackTargetSize                   = 64                                        {product} {ergonomic}
   size_t InitialHeapSize                          = 268435456                                 {product} {ergonomic}
   size_t MarkStackSize                            = 4194304                                   {product} {ergonomic}
   size_t MaxHeapSize                              = 2147483648                                {product} {command line}
   size_t MaxNewSize                               = 1287651328                                {product} {ergonomic}
   size_t MinHeapDeltaBytes                        = 1048576                                   {product} {ergonomic}
   size_t MinHeapSize                              = 8388608                                   {product} {ergonomic}
    uintx NonNMethodCodeHeapSize                   = 5839372                                {pd product} {ergonomic}
    uintx NonProfiledCodeHeapSize                  = 122909434                              {pd product} {ergonomic}
    uintx ProfiledCodeHeapSize                     = 122909434                              {pd product} {ergonomic}
    uintx ReservedCodeCacheSize                    = 251658240                              {pd product} {ergonomic}
     bool SegmentedCodeCache                       = true                                      {product} {ergonomic}
   size_t SoftMaxHeapSize                          = 2147483648                             {manageable} {ergonomic}
     bool UseCompressedClassPointers               = true                           {product lp64_product} {ergonomic}
     bool UseCompressedOops                        = true                           {product lp64_product} {ergonomic}
     bool UseG1GC                                  = true                                      {product} {ergonomic}
     bool UseLargePagesIndividualAllocation        = false                                  {pd product} {ergonomic}

Logging:
Log output configuration:
 #0: stdout all=warning uptime,level,tags
 #1: stderr all=off uptime,level,tags

Environment Variables:
JAVA_HOME=D:\Program Files\Java\jdk-17
PATH=C:\Python311\Scripts\;C:\Python311\;D:\Program Files\Java\jdk-17\bin;C:\Program Files\Common Files\Oracle\Java\javapath;C:\Program Files (x86)\Common Files\Oracle\Java\javapath;C:\ProgramData\Oracle\Java\javapath;C:\WINDOWS\system32;C:\WINDOWS;C:\WINDOWS\System32\Wbem;C:\WINDOWS\System32\WindowsPowerShell\v1.0\;C:\WINDOWS\System32\OpenSSH\;C:\Program Files\Microsoft VS Code\bin;C:\Program Files\Microsoft SQL Server\150\Tools\Binn\;C:\Program Files\Microsoft SQL Server\Client SDK\ODBC\170\Tools\Binn\;C:\Program Files\dotnet\;D:\Program Files (x86)\IncrediBuild;C:\Program Files (x86)\Microsoft\Edge;C:\Program Files\Git\cmd;D:\Program Files\IBM\SPSS\Statistics\25\JRE\bin;D:\Program Files\Apache\Maven\apache-maven-3.9.2\bin;%EDGE_HOME%\Driver\Version\114;D:\Program Files (x86)\Google\Cloud SDK\google-cloud-sdk\bin;D:\Program Files\nodejs\;C:\ProgramData\chocolatey\bin;C:\Users\Rafi\AppData\Local\Microsoft\WindowsApps;C:\Users\Rafi\AppData\Local\JetBrains\Toolbox\scripts;C:\Users\Rafi\AppData\Local\Packages\PythonSoftwareFoundation.Python.3.11_qbz5n2kfra8p0\LocalCache\local-packages\Python311\Scripts;C:\Users\Rafi\.dotnet\tools;D:\Program Files\swipl\bin;C:\xampp\php;C:\Users\Rafi\AppData\Local\ComposerSetup\bin;C:\Users\Rafi\AppData\Roaming\Composer\vendor\bin;C:\Users\Rafi\AppData\Roaming\npm
USERNAME=Rafi
OS=Windows_NT
PROCESSOR_IDENTIFIER=AMD64 Family 23 Model 113 Stepping 0, AuthenticAMD



---------------  S Y S T E M  ---------------

OS:
 Windows 11 , 64 bit Build 22621 (10.0.22621.1778)
OS uptime: 0 days 10:38 hours
Hyper-V role detected

CPU: total 12 (initial active 12) (12 cores per cpu, 2 threads per core) family 23 model 113 stepping 0 microcode 0x0, cx8, cmov, fxsr, ht, mmx, 3dnowpref, sse, sse2, sse3, ssse3, sse4a, sse4.1, sse4.2, popcnt, lzcnt, tsc, tscinvbit, avx, avx2, aes, clmul, bmi1, bmi2, adx, sha, fma, vzeroupper, clflush, clflushopt, hv

Memory: 4k page, system-wide physical 16309M (3664M free)
TotalPageFile size 20405M (AvailPageFile size 99M)
current process WorkingSet (physical memory assigned to process): 314M, peak: 315M
current process commit charge ("private bytes"): 363M, peak: 471M

vm_info: Java HotSpot(TM) 64-Bit Server VM (17.0.6+9-LTS-190) for windows-amd64 JRE (17.0.6+9-LTS-190), built on Dec  6 2022 15:53:54 by "mach5one" with MS VC++ 17.1 (VS2022)

END.
