#
# There is insufficient memory for the Java Runtime Environment to continue.
# Native memory allocation (mmap) failed to map 368050176 bytes for G1 virtual space
# Possible reasons:
#   The system is out of physical RAM or swap space
#   The process is running with CompressedOops enabled, and the Java Heap may be blocking the growth of the native heap
# Possible solutions:
#   Reduce memory load on the system
#   Increase physical memory or swap space
#   Check if swap backing store is full
#   Decrease Java heap size (-Xmx/-Xms)
#   Decrease number of Java threads
#   Decrease Java thread stack sizes (-Xss)
#   Set larger code cache with -XX:ReservedCodeCacheSize=
#   JVM is running with Unscaled Compressed Oops mode in which the Java heap is
#     placed in the first 4GB address space. The Java Heap base address is the
#     maximum limit for the native heap growth. Please use -XX:HeapBaseMinAddress
#     to set the Java Heap base and to place the Java Heap above 4GB virtual address.
# This output file may be truncated or incomplete.
#
#  Out of Memory Error (os_windows.cpp:3550), pid=8728, tid=2392
#
# JRE version: Java(TM) SE Runtime Environment (17.0.6+9) (build 17.0.6+9-LTS-190)
# Java VM: Java HotSpot(TM) 64-Bit Server VM (17.0.6+9-LTS-190, mixed mode, sharing, tiered, compressed oops, compressed class ptrs, g1 gc, windows-amd64)
# No core dump will be written. Minidumps are not enabled by default on client versions of Windows
#

---------------  S U M M A R Y ------------

Command Line: --add-opens=java.base/java.util=ALL-UNNAMED --add-opens=java.base/java.lang=ALL-UNNAMED --add-opens=java.base/java.lang.invoke=ALL-UNNAMED --add-opens=java.prefs/java.util.prefs=ALL-UNNAMED --add-opens=java.base/java.nio.charset=ALL-UNNAMED --add-opens=java.base/java.net=ALL-UNNAMED --add-opens=java.base/java.util.concurrent.atomic=ALL-UNNAMED -Xmx2048m -Dfile.encoding=UTF-8 -Duser.country=US -Duser.language=en -Duser.variant -javaagent:C:\Users\Rafi\.gradle\wrapper\dists\gradle-8.1-bin\2eyty4r6kz6fpakefpk52nbbm\gradle-8.1\lib\agents\gradle-instrumentation-agent-8.1.jar org.gradle.launcher.daemon.bootstrap.GradleDaemon 8.1

Host: AMD Ryzen 5 3600 6-Core Processor              , 12 cores, 15G,  Windows 11 , 64 bit Build 22621 (10.0.22621.1778)
Time: Fri Jun 30 23:04:21 2023 SE Asia Standard Time elapsed time: 451.725364 seconds (0d 0h 7m 31s)

---------------  T H R E A D  ---------------

Current thread (0x00000209ff74ec40):  VMThread "VM Thread" [stack: 0x000000b7a4e00000,0x000000b7a4f00000] [id=2392]

Stack: [0x000000b7a4e00000,0x000000b7a4f00000]
Native frames: (J=compiled Java code, j=interpreted, Vv=VM code, C=native code)
V  [jvm.dll+0x6734ea]
V  [jvm.dll+0x7d18f4]
V  [jvm.dll+0x7d309e]
V  [jvm.dll+0x7d3703]
V  [jvm.dll+0x2433c5]
V  [jvm.dll+0x6703f9]
V  [jvm.dll+0x664d32]
V  [jvm.dll+0x300086]
V  [jvm.dll+0x307606]
V  [jvm.dll+0x356c1e]
V  [jvm.dll+0x356e4f]
V  [jvm.dll+0x2d72e8]
V  [jvm.dll+0x2d57e5]
V  [jvm.dll+0x2d4dec]
V  [jvm.dll+0x3186a1]
V  [jvm.dll+0x7d7f0b]
V  [jvm.dll+0x7d8c44]
V  [jvm.dll+0x7d915d]
V  [jvm.dll+0x7d9534]
V  [jvm.dll+0x7d9600]
V  [jvm.dll+0x781a7a]
V  [jvm.dll+0x672375]
C  [ucrtbase.dll+0x29363]
C  [KERNEL32.DLL+0x126ad]
C  [ntdll.dll+0x5a9f8]

VM_Operation (0x000000b7a8bf8298): G1TryInitiateConcMark, mode: safepoint, requested by thread 0x000002099b078620


---------------  P R O C E S S  ---------------

Threads class SMR info:
_java_thread_list=0x0000020998964850, length=80, elements={
0x00000209f01eccc0, 0x00000209ff86c5c0, 0x00000209ff86d170, 0x00000209ff882430,
0x00000209ff882fe0, 0x00000209ff8859a0, 0x00000209ff886350, 0x00000209ff8874f0,
0x00000209ff88b490, 0x00000209ff8952a0, 0x00000209ff9afa00, 0x00000209ffaad190,
0x0000020990fba4a0, 0x000002099135e9e0, 0x0000020991d978c0, 0x0000020990addac0,
0x0000020990ade930, 0x0000020990adb440, 0x0000020990adcc50, 0x000002099196edf0,
0x00000209919727b0, 0x0000020991973150, 0x0000020991970130, 0x000002099196cc40,
0x0000020991973af0, 0x000002099196fc60, 0x0000020991973fc0, 0x0000020994873080,
0x0000020994870530, 0x00000209948713a0, 0x0000020994875700, 0x0000020994870ed0,
0x0000020994875230, 0x0000020994873550, 0x00000209948778b0, 0x0000020994874890,
0x000002099681eb40, 0x00000209965bf0f0, 0x0000020995018a20, 0x000002098fe5a0b0,
0x000002099aed50a0, 0x000002099322def0, 0x000002099322f230, 0x00000209952834e0,
0x0000020991797060, 0x0000020991795850, 0x00000209917966c0, 0x0000020991797530,
0x0000020991795d20, 0x00000209952839f0, 0x0000020995017bb0, 0x0000020995015530,
0x0000020995015a00, 0x00000209950176e0, 0x0000020995015ed0, 0x000002099322e3c0,
0x000002099bbba6a0, 0x000002099aed5570, 0x000002099aed4700, 0x000002099aed3d60,
0x000002099b077c80, 0x000002099b078620, 0x000002099b0777b0, 0x000002099b078150,
0x000002099b076e10, 0x000002099bbb89c0, 0x000002099b0772e0, 0x000002098fe5a580,
0x00000209917b3cb0, 0x00000209917961f0, 0x0000020991795380, 0x0000020991796b90,
0x0000020991794040, 0x0000020991794510, 0x00000209917949e0, 0x0000020991794eb0,
0x0000020995e7d910, 0x0000020995e7b760, 0x0000020995e7cf70, 0x0000020995e7d440
}

Java Threads: ( => current thread )
  0x00000209f01eccc0 JavaThread "main" [_thread_blocked, id=12296, stack(0x000000b7a4800000,0x000000b7a4900000)]
  0x00000209ff86c5c0 JavaThread "Reference Handler" daemon [_thread_blocked, id=9736, stack(0x000000b7a4f00000,0x000000b7a5000000)]
  0x00000209ff86d170 JavaThread "Finalizer" daemon [_thread_blocked, id=11320, stack(0x000000b7a5000000,0x000000b7a5100000)]
  0x00000209ff882430 JavaThread "Signal Dispatcher" daemon [_thread_blocked, id=9340, stack(0x000000b7a5100000,0x000000b7a5200000)]
  0x00000209ff882fe0 JavaThread "Attach Listener" daemon [_thread_blocked, id=9028, stack(0x000000b7a5200000,0x000000b7a5300000)]
  0x00000209ff8859a0 JavaThread "Service Thread" daemon [_thread_blocked, id=18356, stack(0x000000b7a5300000,0x000000b7a5400000)]
  0x00000209ff886350 JavaThread "Monitor Deflation Thread" daemon [_thread_blocked, id=13292, stack(0x000000b7a5400000,0x000000b7a5500000)]
  0x00000209ff8874f0 JavaThread "C2 CompilerThread0" daemon [_thread_blocked, id=19268, stack(0x000000b7a5500000,0x000000b7a5600000)]
  0x00000209ff88b490 JavaThread "C1 CompilerThread0" daemon [_thread_blocked, id=16252, stack(0x000000b7a5600000,0x000000b7a5700000)]
  0x00000209ff8952a0 JavaThread "Sweeper thread" daemon [_thread_blocked, id=14488, stack(0x000000b7a5700000,0x000000b7a5800000)]
  0x00000209ff9afa00 JavaThread "Common-Cleaner" daemon [_thread_blocked, id=2736, stack(0x000000b7a5800000,0x000000b7a5900000)]
  0x00000209ffaad190 JavaThread "Notification Thread" daemon [_thread_blocked, id=1272, stack(0x000000b7a5900000,0x000000b7a5a00000)]
  0x0000020990fba4a0 JavaThread "Daemon health stats" [_thread_blocked, id=7692, stack(0x000000b7a6200000,0x000000b7a6300000)]
  0x000002099135e9e0 JavaThread "Incoming local TCP Connector on port 63243" [_thread_in_native, id=18392, stack(0x000000b7a6300000,0x000000b7a6400000)]
  0x0000020991d978c0 JavaThread "Daemon periodic checks" [_thread_blocked, id=4616, stack(0x000000b7a6400000,0x000000b7a6500000)]
  0x0000020990addac0 JavaThread "Cache worker for journal cache (C:\Users\Rafi\.gradle\caches\journal-1)" [_thread_blocked, id=14860, stack(0x000000b7a6c00000,0x000000b7a6d00000)]
  0x0000020990ade930 JavaThread "File lock request listener" [_thread_in_native, id=2588, stack(0x000000b7a6d00000,0x000000b7a6e00000)]
  0x0000020990adb440 JavaThread "Cache worker for file hash cache (C:\Users\Rafi\.gradle\caches\8.1\fileHashes)" [_thread_blocked, id=12540, stack(0x000000b7a6e00000,0x000000b7a6f00000)]
  0x0000020990adcc50 JavaThread "Cache worker for file content cache (C:\Users\Rafi\.gradle\caches\8.1\fileContent)" [_thread_blocked, id=14868, stack(0x000000b7a7700000,0x000000b7a7800000)]
  0x000002099196edf0 JavaThread "File watcher server" daemon [_thread_blocked, id=17736, stack(0x000000b7a7800000,0x000000b7a7900000)]
  0x00000209919727b0 JavaThread "File watcher consumer" daemon [_thread_blocked, id=19452, stack(0x000000b7a7900000,0x000000b7a7a00000)]
  0x0000020991973150 JavaThread "Cache worker for execution history cache (C:\Users\Rafi\.gradle\caches\8.1\executionHistory)" [_thread_blocked, id=19380, stack(0x000000b7a7c00000,0x000000b7a7d00000)]
  0x0000020991970130 JavaThread "jar transforms" [_thread_blocked, id=6192, stack(0x000000b7a7d00000,0x000000b7a7e00000)]
  0x000002099196cc40 JavaThread "jar transforms Thread 2" [_thread_blocked, id=4904, stack(0x000000b7a7e00000,0x000000b7a7f00000)]
  0x0000020991973af0 JavaThread "jar transforms Thread 3" [_thread_blocked, id=10328, stack(0x000000b7a7f00000,0x000000b7a8000000)]
  0x000002099196fc60 JavaThread "jar transforms Thread 4" [_thread_blocked, id=5088, stack(0x000000b7a8000000,0x000000b7a8100000)]
  0x0000020991973fc0 JavaThread "jar transforms Thread 5" [_thread_blocked, id=16284, stack(0x000000b7a8200000,0x000000b7a8300000)]
  0x0000020994873080 JavaThread "jar transforms Thread 6" [_thread_blocked, id=1676, stack(0x000000b7a8f00000,0x000000b7a9000000)]
  0x0000020994870530 JavaThread "jar transforms Thread 7" [_thread_blocked, id=11912, stack(0x000000b7a9000000,0x000000b7a9100000)]
  0x00000209948713a0 JavaThread "jar transforms Thread 8" [_thread_blocked, id=19216, stack(0x000000b7a9100000,0x000000b7a9200000)]
  0x0000020994875700 JavaThread "jar transforms Thread 9" [_thread_blocked, id=17836, stack(0x000000b7a9200000,0x000000b7a9300000)]
  0x0000020994870ed0 JavaThread "jar transforms Thread 10" [_thread_blocked, id=17788, stack(0x000000b7a9300000,0x000000b7a9400000)]
  0x0000020994875230 JavaThread "jar transforms Thread 11" [_thread_blocked, id=12908, stack(0x000000b7a9400000,0x000000b7a9500000)]
  0x0000020994873550 JavaThread "jar transforms Thread 12" [_thread_blocked, id=3704, stack(0x000000b7a9500000,0x000000b7a9600000)]
  0x00000209948778b0 JavaThread "Memory manager" [_thread_blocked, id=13424, stack(0x000000b7a9800000,0x000000b7a9900000)]
  0x0000020994874890 JavaThread "pool-3-thread-1" [_thread_blocked, id=9140, stack(0x000000b7a9900000,0x000000b7a9a00000)]
  0x000002099681eb40 JavaThread "Daemon Thread 2" [_thread_blocked, id=19224, stack(0x000000b7a4500000,0x000000b7a4600000)]
  0x00000209965bf0f0 JavaThread "Daemon worker Thread 2" [_thread_blocked, id=8368, stack(0x000000b7a5b00000,0x000000b7a5c00000)]
  0x0000020995018a20 JavaThread "included builds" [_thread_blocked, id=6832, stack(0x000000b7a8100000,0x000000b7a8200000)]
  0x000002098fe5a0b0 JavaThread "pool-5-thread-1" [_thread_blocked, id=19232, stack(0x000000b7a9600000,0x000000b7a9700000)]
  0x000002099aed50a0 JavaThread "Cache worker for Java compile cache (C:\Users\Rafi\.gradle\caches\8.1\javaCompile)" [_thread_blocked, id=8956, stack(0x000000b7add00000,0x000000b7ade00000)]
  0x000002099322def0 JavaThread "Handler for socket connection from /127.0.0.1:63243 to /127.0.0.1:63579" [_thread_in_native, id=2108, stack(0x000000b7a6100000,0x000000b7a6200000)]
  0x000002099322f230 JavaThread "Cancel handler" [_thread_blocked, id=18700, stack(0x000000b7a6500000,0x000000b7a6600000)]
  0x00000209952834e0 JavaThread "C2 CompilerThread1" daemon [_thread_blocked, id=9644, stack(0x000000b7a6600000,0x000000b7a6700000)]
  0x0000020991797060 JavaThread "Asynchronous log dispatcher for DefaultDaemonConnection: socket connection from /127.0.0.1:63243 to /127.0.0.1:63579" [_thread_blocked, id=15840, stack(0x000000b7a6700000,0x000000b7a6800000)]
  0x0000020991795850 JavaThread "Stdin handler" [_thread_blocked, id=19356, stack(0x000000b7a6800000,0x000000b7a6900000)]
  0x00000209917966c0 JavaThread "Daemon client event forwarder" [_thread_blocked, id=18436, stack(0x000000b7a6900000,0x000000b7a6a00000)]
  0x0000020991797530 JavaThread "Cache worker for file hash cache (C:\Users\Rafi\dev\app\mobile\java\Project-12-Android\.gradle\8.1\fileHashes)" [_thread_blocked, id=12348, stack(0x000000b7a6a00000,0x000000b7a6b00000)]
  0x0000020991795d20 JavaThread "Cache worker for checksums cache (C:\Users\Rafi\dev\app\mobile\java\Project-12-Android\.gradle\8.1\checksums)" [_thread_blocked, id=12060, stack(0x000000b7a6b00000,0x000000b7a6c00000)]
  0x00000209952839f0 JavaThread "C2 CompilerThread2" daemon [_thread_blocked, id=9856, stack(0x000000b7a6f00000,0x000000b7a7000000)]
  0x0000020995017bb0 JavaThread "Cache worker for cache directory md-rule (C:\Users\Rafi\.gradle\caches\8.1\md-rule)" [_thread_blocked, id=4284, stack(0x000000b7a7000000,0x000000b7a7100000)]
  0x0000020995015530 JavaThread "Cache worker for cache directory md-supplier (C:\Users\Rafi\.gradle\caches\8.1\md-supplier)" [_thread_blocked, id=9596, stack(0x000000b7a7a00000,0x000000b7a7b00000)]
  0x0000020995015a00 JavaThread "build event listener" [_thread_blocked, id=18132, stack(0x000000b7a7b00000,0x000000b7a7c00000)]
  0x00000209950176e0 JavaThread "build event listener" [_thread_blocked, id=6844, stack(0x000000b7a8300000,0x000000b7a8400000)]
  0x0000020995015ed0 JavaThread "Cache worker for Build Output Cleanup Cache (C:\Users\Rafi\dev\app\mobile\java\Project-12-Android\.gradle\buildOutputCleanup)" [_thread_blocked, id=7948, stack(0x000000b7a8400000,0x000000b7a8500000)]
  0x000002099322e3c0 JavaThread "included builds" [_thread_blocked, id=15536, stack(0x000000b7a8500000,0x000000b7a8600000)]
  0x000002099bbba6a0 JavaThread "Execution worker" [_thread_blocked, id=17032, stack(0x000000b7a8600000,0x000000b7a8700000)]
  0x000002099aed5570 JavaThread "Execution worker Thread 2" [_thread_blocked, id=4272, stack(0x000000b7a8700000,0x000000b7a8800000)]
  0x000002099aed4700 JavaThread "Execution worker Thread 3" [_thread_blocked, id=5352, stack(0x000000b7a8800000,0x000000b7a8900000)]
  0x000002099aed3d60 JavaThread "Execution worker Thread 4" [_thread_blocked, id=5016, stack(0x000000b7a8900000,0x000000b7a8a00000)]
  0x000002099b077c80 JavaThread "Execution worker Thread 5" [_thread_blocked, id=15084, stack(0x000000b7a8a00000,0x000000b7a8b00000)]
  0x000002099b078620 JavaThread "Execution worker Thread 6" [_thread_blocked, id=18940, stack(0x000000b7a8b00000,0x000000b7a8c00000)]
  0x000002099b0777b0 JavaThread "Execution worker Thread 7" [_thread_blocked, id=7552, stack(0x000000b7a8c00000,0x000000b7a8d00000)]
  0x000002099b078150 JavaThread "Execution worker Thread 8" [_thread_blocked, id=14248, stack(0x000000b7a8d00000,0x000000b7a8e00000)]
  0x000002099b076e10 JavaThread "Execution worker Thread 9" [_thread_blocked, id=9032, stack(0x000000b7a8e00000,0x000000b7a8f00000)]
  0x000002099bbb89c0 JavaThread "Cache worker for execution history cache (C:\Users\Rafi\dev\app\mobile\java\Project-12-Android\.gradle\8.1\executionHistory)" [_thread_blocked, id=12940, stack(0x000000b7a9700000,0x000000b7a9800000)]
  0x000002099b0772e0 JavaThread "Execution worker Thread 10" [_thread_blocked, id=14696, stack(0x000000b7a9a00000,0x000000b7a9b00000)]
  0x000002098fe5a580 JavaThread "Execution worker Thread 11" [_thread_blocked, id=19340, stack(0x000000b7aa100000,0x000000b7aa200000)]
  0x00000209917b3cb0 JavaThread "pool-8-thread-1" [_thread_blocked, id=16596, stack(0x000000b7aa200000,0x000000b7aa300000)]
  0x00000209917961f0 JavaThread "Build operations" [_thread_blocked, id=9620, stack(0x000000b7aa300000,0x000000b7aa400000)]
  0x0000020991795380 JavaThread "Build operations Thread 2" [_thread_blocked, id=8916, stack(0x000000b7aa400000,0x000000b7aa500000)]
  0x0000020991796b90 JavaThread "Build operations Thread 3" [_thread_blocked, id=17060, stack(0x000000b7aa500000,0x000000b7aa600000)]
  0x0000020991794040 JavaThread "Build operations Thread 4" [_thread_blocked, id=3128, stack(0x000000b7aa600000,0x000000b7aa700000)]
  0x0000020991794510 JavaThread "Build operations Thread 5" [_thread_blocked, id=6376, stack(0x000000b7aa700000,0x000000b7aa800000)]
  0x00000209917949e0 JavaThread "Build operations Thread 6" [_thread_blocked, id=10540, stack(0x000000b7aa800000,0x000000b7aa900000)]
  0x0000020991794eb0 JavaThread "Build operations Thread 7" [_thread_blocked, id=4004, stack(0x000000b7aa900000,0x000000b7aaa00000)]
  0x0000020995e7d910 JavaThread "Build operations Thread 8" [_thread_blocked, id=17068, stack(0x000000b7aaa00000,0x000000b7aab00000)]
  0x0000020995e7b760 JavaThread "Build operations Thread 9" [_thread_blocked, id=13928, stack(0x000000b7aab00000,0x000000b7aac00000)]
  0x0000020995e7cf70 JavaThread "Build operations Thread 10" [_thread_blocked, id=6740, stack(0x000000b7aac00000,0x000000b7aad00000)]
  0x0000020995e7d440 JavaThread "Build operations Thread 11" [_thread_blocked, id=15540, stack(0x000000b7aad00000,0x000000b7aae00000)]

Other Threads:
=>0x00000209ff74ec40 VMThread "VM Thread" [stack: 0x000000b7a4e00000,0x000000b7a4f00000] [id=2392]
  0x00000209f01ed940 WatcherThread [stack: 0x000000b7a5a00000,0x000000b7a5b00000] [id=17552]
  0x00000209f024a690 GCTaskThread "GC Thread#0" [stack: 0x000000b7a4900000,0x000000b7a4a00000] [id=13740]
  0x000002099055f810 GCTaskThread "GC Thread#1" [stack: 0x000000b7a5c00000,0x000000b7a5d00000] [id=11940]
  0x0000020990024c80 GCTaskThread "GC Thread#2" [stack: 0x000000b7a5d00000,0x000000b7a5e00000] [id=16724]
  0x0000020990397e90 GCTaskThread "GC Thread#3" [stack: 0x000000b7a5e00000,0x000000b7a5f00000] [id=3060]
  0x0000020990561af0 GCTaskThread "GC Thread#4" [stack: 0x000000b7a5f00000,0x000000b7a6000000] [id=15908]
  0x00000209901545e0 GCTaskThread "GC Thread#5" [stack: 0x000000b7a6000000,0x000000b7a6100000] [id=15760]
  0x0000020990e6d5b0 GCTaskThread "GC Thread#6" [stack: 0x000000b7a7100000,0x000000b7a7200000] [id=4184]
  0x0000020990e6d860 GCTaskThread "GC Thread#7" [stack: 0x000000b7a7200000,0x000000b7a7300000] [id=4568]
  0x0000020990e6ddc0 GCTaskThread "GC Thread#8" [stack: 0x000000b7a7300000,0x000000b7a7400000] [id=5464]
  0x0000020990e6e5d0 GCTaskThread "GC Thread#9" [stack: 0x000000b7a7400000,0x000000b7a7500000] [id=15236]
  0x00000209f025bd40 ConcurrentGCThread "G1 Main Marker" [stack: 0x000000b7a4a00000,0x000000b7a4b00000] [id=14424]
  0x00000209f025cef0 ConcurrentGCThread "G1 Conc#0" [stack: 0x000000b7a4b00000,0x000000b7a4c00000] [id=7740]
  0x00000209923ef820 ConcurrentGCThread "G1 Conc#1" [stack: 0x000000b7a7500000,0x000000b7a7600000] [id=3116]
  0x00000209923eda90 ConcurrentGCThread "G1 Conc#2" [stack: 0x000000b7a7600000,0x000000b7a7700000] [id=17760]
  0x00000209f02becd0 ConcurrentGCThread "G1 Refine#0" [stack: 0x000000b7a4c00000,0x000000b7a4d00000] [id=7116]
  0x0000020998b0cf20 ConcurrentGCThread "G1 Refine#1" [stack: 0x000000b7a9b00000,0x000000b7a9c00000] [id=2864]
  0x0000020998b0d200 ConcurrentGCThread "G1 Refine#2" [stack: 0x000000b7a9c00000,0x000000b7a9d00000] [id=3120]
  0x0000020998b0bde0 ConcurrentGCThread "G1 Refine#3" [stack: 0x000000b7a9d00000,0x000000b7a9e00000] [id=16172]
  0x0000020998b0e060 ConcurrentGCThread "G1 Refine#4" [stack: 0x000000b7a9e00000,0x000000b7a9f00000] [id=4732]
  0x0000020998b0d4e0 ConcurrentGCThread "G1 Refine#5" [stack: 0x000000b7a9f00000,0x000000b7aa000000] [id=15512]
  0x0000020998b0f760 ConcurrentGCThread "G1 Refine#6" [stack: 0x000000b7aa000000,0x000000b7aa100000] [id=8200]
  0x00000209962c9b50 ConcurrentGCThread "G1 Refine#7" [stack: 0x000000b7ae900000,0x000000b7aea00000] [id=7972]
  0x00000209962cb250 ConcurrentGCThread "G1 Refine#8" [stack: 0x000000b7aea00000,0x000000b7aeb00000] [id=2028]
  0x00000209ff60f970 ConcurrentGCThread "G1 Service" [stack: 0x000000b7a4d00000,0x000000b7a4e00000] [id=14328]

Threads with active compile tasks:
C2 CompilerThread0   451765 23255   !   4       com.sun.tools.javac.parser.JavaTokenizer::readToken (1731 bytes)
C2 CompilerThread1   451765 23212       4       com.sun.tools.javac.code.Symtab::lookupPackage (259 bytes)
C2 CompilerThread2   451765 23036       4       org.gradle.api.internal.artifacts.transform.TransformationStep::createInvocation (92 bytes)

VM state: at safepoint (normal execution)

VM Mutex/Monitor currently owned by a thread:  ([mutex/lock_event])
[0x00000209f01e7ff0] Threads_lock - owner thread: 0x00000209ff74ec40
[0x00000209f01e8080] Heap_lock - owner thread: 0x000002099b078620

Heap address: 0x0000000080000000, size: 2048 MB, Compressed Oops mode: 32-bit

CDS archive(s) mapped at: [0x0000000800000000-0x0000000800bd0000-0x0000000800bd0000), size 12386304, SharedBaseAddress: 0x0000000800000000, ArchiveRelocationMode: 0.
Compressed class space mapped at: 0x0000000800c00000-0x0000000840c00000, reserved size: 1073741824
Narrow klass base: 0x0000000800000000, Narrow klass shift: 0, Narrow klass range: 0x100000000

GC Precious Log:
 CPUs: 12 total, 12 available
 Memory: 16309M
 Large Page Support: Disabled
 NUMA Support: Disabled
 Compressed Oops: Enabled (32-bit)
 Heap Region Size: 1M
 Heap Min Capacity: 8M
 Heap Initial Capacity: 256M
 Heap Max Capacity: 2G
 Pre-touch: Disabled
 Parallel Workers: 10
 Concurrent Workers: 3
 Concurrent Refinement Workers: 10
 Periodic GC: Disabled

Heap:
 garbage-first heap   total 312320K, used 168651K [0x0000000080000000, 0x0000000100000000)
  region size 1024K, 3 young (3072K), 3 survivors (3072K)
 Metaspace       used 120916K, committed 121984K, reserved 1155072K
  class space    used 15580K, committed 16128K, reserved 1048576K

Heap Regions: E=young(eden), S=young(survivor), O=old, HS=humongous(starts), HC=humongous(continues), CS=collection set, F=free, OA=open archive, CA=closed archive, TAMS=top-at-mark-start (previous, next)
|   0|0x0000000080000000, 0x0000000080100000, 0x0000000080100000|100%|HS|  |TAMS 0x0000000080100000, 0x0000000080100000| Complete 
|   1|0x0000000080100000, 0x0000000080200000, 0x0000000080200000|100%|HC|  |TAMS 0x0000000080200000, 0x0000000080200000| Complete 
|   2|0x0000000080200000, 0x0000000080300000, 0x0000000080300000|100%|HC|  |TAMS 0x0000000080300000, 0x0000000080300000| Complete 
|   3|0x0000000080300000, 0x0000000080400000, 0x0000000080400000|100%|HC|  |TAMS 0x0000000080400000, 0x0000000080400000| Complete 
|   4|0x0000000080400000, 0x0000000080400000, 0x0000000080500000|  0%| F|  |TAMS 0x0000000080400000, 0x0000000080400000| Untracked 
|   5|0x0000000080500000, 0x0000000080600000, 0x0000000080600000|100%| O|  |TAMS 0x0000000080600000, 0x0000000080600000| Untracked 
|   6|0x0000000080600000, 0x0000000080700000, 0x0000000080700000|100%| O|  |TAMS 0x0000000080700000, 0x0000000080700000| Untracked 
|   7|0x0000000080700000, 0x0000000080800000, 0x0000000080800000|100%| O|  |TAMS 0x0000000080800000, 0x0000000080800000| Untracked 
|   8|0x0000000080800000, 0x0000000080900000, 0x0000000080900000|100%| O|  |TAMS 0x0000000080900000, 0x0000000080900000| Untracked 
|   9|0x0000000080900000, 0x0000000080a00000, 0x0000000080a00000|100%| O|  |TAMS 0x0000000080a00000, 0x0000000080a00000| Untracked 
|  10|0x0000000080a00000, 0x0000000080b00000, 0x0000000080b00000|100%| O|  |TAMS 0x0000000080b00000, 0x0000000080b00000| Untracked 
|  11|0x0000000080b00000, 0x0000000080bbc200, 0x0000000080c00000| 73%| O|  |TAMS 0x0000000080bbc200, 0x0000000080bbc200| Untracked 
|  12|0x0000000080c00000, 0x0000000080d00000, 0x0000000080d00000|100%| O|  |TAMS 0x0000000080d00000, 0x0000000080d00000| Untracked 
|  13|0x0000000080d00000, 0x0000000080e00000, 0x0000000080e00000|100%| O|  |TAMS 0x0000000080e00000, 0x0000000080e00000| Untracked 
|  14|0x0000000080e00000, 0x0000000080f00000, 0x0000000080f00000|100%| O|  |TAMS 0x0000000080f00000, 0x0000000080f00000| Untracked 
|  15|0x0000000080f00000, 0x0000000081000000, 0x0000000081000000|100%| O|  |TAMS 0x0000000081000000, 0x0000000081000000| Untracked 
|  16|0x0000000081000000, 0x0000000081100000, 0x0000000081100000|100%| O|  |TAMS 0x0000000081100000, 0x0000000081100000| Untracked 
|  17|0x0000000081100000, 0x0000000081200000, 0x0000000081200000|100%| O|  |TAMS 0x0000000081200000, 0x0000000081200000| Untracked 
|  18|0x0000000081200000, 0x0000000081300000, 0x0000000081300000|100%| O|  |TAMS 0x0000000081300000, 0x0000000081300000| Untracked 
|  19|0x0000000081300000, 0x0000000081400000, 0x0000000081400000|100%| O|  |TAMS 0x0000000081400000, 0x0000000081400000| Untracked 
|  20|0x0000000081400000, 0x0000000081500000, 0x0000000081500000|100%| O|  |TAMS 0x0000000081500000, 0x0000000081500000| Untracked 
|  21|0x0000000081500000, 0x0000000081600000, 0x0000000081600000|100%| O|  |TAMS 0x0000000081600000, 0x0000000081600000| Untracked 
|  22|0x0000000081600000, 0x0000000081700000, 0x0000000081700000|100%| O|  |TAMS 0x0000000081700000, 0x0000000081700000| Untracked 
|  23|0x0000000081700000, 0x0000000081800000, 0x0000000081800000|100%| O|  |TAMS 0x0000000081800000, 0x0000000081800000| Untracked 
|  24|0x0000000081800000, 0x0000000081900000, 0x0000000081900000|100%| O|  |TAMS 0x0000000081900000, 0x0000000081900000| Untracked 
|  25|0x0000000081900000, 0x0000000081a00000, 0x0000000081a00000|100%| O|  |TAMS 0x0000000081a00000, 0x0000000081a00000| Untracked 
|  26|0x0000000081a00000, 0x0000000081b00000, 0x0000000081b00000|100%| O|  |TAMS 0x0000000081b00000, 0x0000000081b00000| Untracked 
|  27|0x0000000081b00000, 0x0000000081c00000, 0x0000000081c00000|100%| O|  |TAMS 0x0000000081c00000, 0x0000000081c00000| Untracked 
|  28|0x0000000081c00000, 0x0000000081d00000, 0x0000000081d00000|100%| O|  |TAMS 0x0000000081d00000, 0x0000000081d00000| Untracked 
|  29|0x0000000081d00000, 0x0000000081e00000, 0x0000000081e00000|100%| O|  |TAMS 0x0000000081e00000, 0x0000000081e00000| Untracked 
|  30|0x0000000081e00000, 0x0000000081f00000, 0x0000000081f00000|100%| O|  |TAMS 0x0000000081f00000, 0x0000000081f00000| Untracked 
|  31|0x0000000081f00000, 0x0000000082000000, 0x0000000082000000|100%| O|  |TAMS 0x0000000082000000, 0x0000000082000000| Untracked 
|  32|0x0000000082000000, 0x0000000082100000, 0x0000000082100000|100%| O|  |TAMS 0x0000000082100000, 0x0000000082100000| Untracked 
|  33|0x0000000082100000, 0x0000000082200000, 0x0000000082200000|100%| O|  |TAMS 0x0000000082200000, 0x0000000082200000| Untracked 
|  34|0x0000000082200000, 0x0000000082300000, 0x0000000082300000|100%|HS|  |TAMS 0x0000000082300000, 0x0000000082300000| Complete 
|  35|0x0000000082300000, 0x0000000082400000, 0x0000000082400000|100%|HS|  |TAMS 0x0000000082400000, 0x0000000082400000| Complete 
|  36|0x0000000082400000, 0x0000000082500000, 0x0000000082500000|100%| O|  |TAMS 0x0000000082500000, 0x0000000082500000| Untracked 
|  37|0x0000000082500000, 0x0000000082600000, 0x0000000082600000|100%| O|  |TAMS 0x0000000082600000, 0x0000000082600000| Untracked 
|  38|0x0000000082600000, 0x0000000082700000, 0x0000000082700000|100%| O|  |TAMS 0x0000000082600000, 0x0000000082700000| Untracked 
|  39|0x0000000082700000, 0x0000000082800000, 0x0000000082800000|100%|HS|  |TAMS 0x0000000082800000, 0x0000000082800000| Complete 
|  40|0x0000000082800000, 0x0000000082900000, 0x0000000082900000|100%|HS|  |TAMS 0x0000000082900000, 0x0000000082900000| Complete 
|  41|0x0000000082900000, 0x0000000082a00000, 0x0000000082a00000|100%| O|  |TAMS 0x0000000082a00000, 0x0000000082a00000| Untracked 
|  42|0x0000000082a00000, 0x0000000082b00000, 0x0000000082b00000|100%| O|  |TAMS 0x0000000082b00000, 0x0000000082b00000| Untracked 
|  43|0x0000000082b00000, 0x0000000082c00000, 0x0000000082c00000|100%| O|  |TAMS 0x0000000082c00000, 0x0000000082c00000| Untracked 
|  44|0x0000000082c00000, 0x0000000082d00000, 0x0000000082d00000|100%| O|  |TAMS 0x0000000082d00000, 0x0000000082d00000| Untracked 
|  45|0x0000000082d00000, 0x0000000082e00000, 0x0000000082e00000|100%| O|  |TAMS 0x0000000082e00000, 0x0000000082e00000| Untracked 
|  46|0x0000000082e00000, 0x0000000082f00000, 0x0000000082f00000|100%| O|  |TAMS 0x0000000082f00000, 0x0000000082f00000| Untracked 
|  47|0x0000000082f00000, 0x0000000083000000, 0x0000000083000000|100%| O|  |TAMS 0x0000000083000000, 0x0000000083000000| Untracked 
|  48|0x0000000083000000, 0x0000000083100000, 0x0000000083100000|100%| O|  |TAMS 0x0000000083100000, 0x0000000083100000| Untracked 
|  49|0x0000000083100000, 0x0000000083200000, 0x0000000083200000|100%|HS|  |TAMS 0x0000000083200000, 0x0000000083200000| Complete 
|  50|0x0000000083200000, 0x0000000083300000, 0x0000000083300000|100%| O|  |TAMS 0x0000000083300000, 0x0000000083300000| Untracked 
|  51|0x0000000083300000, 0x0000000083400000, 0x0000000083400000|100%| O|  |TAMS 0x0000000083400000, 0x0000000083400000| Untracked 
|  52|0x0000000083400000, 0x0000000083500000, 0x0000000083500000|100%| O|  |TAMS 0x0000000083500000, 0x0000000083500000| Untracked 
|  53|0x0000000083500000, 0x0000000083500000, 0x0000000083600000|  0%| F|  |TAMS 0x0000000083500000, 0x0000000083500000| Untracked 
|  54|0x0000000083600000, 0x0000000083700000, 0x0000000083700000|100%| O|  |TAMS 0x0000000083700000, 0x0000000083700000| Untracked 
|  55|0x0000000083700000, 0x0000000083800000, 0x0000000083800000|100%| O|  |TAMS 0x0000000083800000, 0x0000000083800000| Untracked 
|  56|0x0000000083800000, 0x0000000083900000, 0x0000000083900000|100%| O|  |TAMS 0x0000000083900000, 0x0000000083900000| Untracked 
|  57|0x0000000083900000, 0x00000000839eae00, 0x0000000083a00000| 91%| O|  |TAMS 0x00000000839eae00, 0x00000000839eae00| Untracked 
|  58|0x0000000083a00000, 0x0000000083b00000, 0x0000000083b00000|100%| O|  |TAMS 0x0000000083b00000, 0x0000000083b00000| Untracked 
|  59|0x0000000083b00000, 0x0000000083c00000, 0x0000000083c00000|100%| O|  |TAMS 0x0000000083c00000, 0x0000000083c00000| Untracked 
|  60|0x0000000083c00000, 0x0000000083d00000, 0x0000000083d00000|100%| O|  |TAMS 0x0000000083d00000, 0x0000000083d00000| Untracked 
|  61|0x0000000083d00000, 0x0000000083e00000, 0x0000000083e00000|100%| O|  |TAMS 0x0000000083e00000, 0x0000000083e00000| Untracked 
|  62|0x0000000083e00000, 0x0000000083f00000, 0x0000000083f00000|100%| O|  |TAMS 0x0000000083f00000, 0x0000000083f00000| Untracked 
|  63|0x0000000083f00000, 0x0000000084000000, 0x0000000084000000|100%| O|  |TAMS 0x0000000084000000, 0x0000000084000000| Untracked 
|  64|0x0000000084000000, 0x0000000084100000, 0x0000000084100000|100%| O|  |TAMS 0x0000000084100000, 0x0000000084100000| Untracked 
|  65|0x0000000084100000, 0x0000000084200000, 0x0000000084200000|100%| O|  |TAMS 0x0000000084200000, 0x0000000084200000| Untracked 
|  66|0x0000000084200000, 0x0000000084300000, 0x0000000084300000|100%| O|  |TAMS 0x0000000084300000, 0x0000000084300000| Untracked 
|  67|0x0000000084300000, 0x0000000084400000, 0x0000000084400000|100%| O|  |TAMS 0x0000000084400000, 0x0000000084400000| Untracked 
|  68|0x0000000084400000, 0x0000000084500000, 0x0000000084500000|100%| O|  |TAMS 0x0000000084500000, 0x0000000084500000| Untracked 
|  69|0x0000000084500000, 0x0000000084600000, 0x0000000084600000|100%| O|  |TAMS 0x0000000084600000, 0x0000000084600000| Untracked 
|  70|0x0000000084600000, 0x0000000084700000, 0x0000000084700000|100%| O|  |TAMS 0x0000000084700000, 0x0000000084700000| Untracked 
|  71|0x0000000084700000, 0x0000000084800000, 0x0000000084800000|100%| O|  |TAMS 0x0000000084800000, 0x0000000084800000| Untracked 
|  72|0x0000000084800000, 0x0000000084800000, 0x0000000084900000|  0%| F|  |TAMS 0x0000000084800000, 0x0000000084800000| Untracked 
|  73|0x0000000084900000, 0x0000000084a00000, 0x0000000084a00000|100%| O|  |TAMS 0x0000000084a00000, 0x0000000084a00000| Untracked 
|  74|0x0000000084a00000, 0x0000000084b00000, 0x0000000084b00000|100%| O|  |TAMS 0x0000000084b00000, 0x0000000084b00000| Untracked 
|  75|0x0000000084b00000, 0x0000000084c00000, 0x0000000084c00000|100%| O|  |TAMS 0x0000000084c00000, 0x0000000084c00000| Untracked 
|  76|0x0000000084c00000, 0x0000000084d00000, 0x0000000084d00000|100%| O|  |TAMS 0x0000000084d00000, 0x0000000084d00000| Untracked 
|  77|0x0000000084d00000, 0x0000000084e00000, 0x0000000084e00000|100%| O|  |TAMS 0x0000000084e00000, 0x0000000084e00000| Untracked 
|  78|0x0000000084e00000, 0x0000000084f00000, 0x0000000084f00000|100%| O|  |TAMS 0x0000000084f00000, 0x0000000084f00000| Untracked 
|  79|0x0000000084f00000, 0x0000000085000000, 0x0000000085000000|100%| O|  |TAMS 0x0000000085000000, 0x0000000085000000| Untracked 
|  80|0x0000000085000000, 0x0000000085100000, 0x0000000085100000|100%| O|  |TAMS 0x0000000085100000, 0x0000000085100000| Untracked 
|  81|0x0000000085100000, 0x0000000085200000, 0x0000000085200000|100%| O|  |TAMS 0x0000000085200000, 0x0000000085200000| Untracked 
|  82|0x0000000085200000, 0x0000000085300000, 0x0000000085300000|100%| O|  |TAMS 0x0000000085300000, 0x0000000085300000| Untracked 
|  83|0x0000000085300000, 0x0000000085400000, 0x0000000085400000|100%| O|  |TAMS 0x0000000085400000, 0x0000000085400000| Untracked 
|  84|0x0000000085400000, 0x0000000085500000, 0x0000000085500000|100%| O|  |TAMS 0x0000000085400000, 0x0000000085500000| Untracked 
|  85|0x0000000085500000, 0x0000000085600000, 0x0000000085600000|100%| O|  |TAMS 0x0000000085600000, 0x0000000085600000| Untracked 
|  86|0x0000000085600000, 0x0000000085600000, 0x0000000085700000|  0%| F|  |TAMS 0x0000000085600000, 0x0000000085600000| Untracked 
|  87|0x0000000085700000, 0x0000000085800000, 0x0000000085800000|100%| O|  |TAMS 0x0000000085800000, 0x0000000085800000| Untracked 
|  88|0x0000000085800000, 0x0000000085800000, 0x0000000085900000|  0%| F|  |TAMS 0x0000000085800000, 0x0000000085800000| Untracked 
|  89|0x0000000085900000, 0x0000000085900000, 0x0000000085a00000|  0%| F|  |TAMS 0x0000000085900000, 0x0000000085900000| Untracked 
|  90|0x0000000085a00000, 0x0000000085a00000, 0x0000000085b00000|  0%| F|  |TAMS 0x0000000085a00000, 0x0000000085a00000| Untracked 
|  91|0x0000000085b00000, 0x0000000085c00000, 0x0000000085c00000|100%| O|  |TAMS 0x0000000085c00000, 0x0000000085c00000| Untracked 
|  92|0x0000000085c00000, 0x0000000085d00000, 0x0000000085d00000|100%| O|  |TAMS 0x0000000085d00000, 0x0000000085d00000| Untracked 
|  93|0x0000000085d00000, 0x0000000085d00000, 0x0000000085e00000|  0%| F|  |TAMS 0x0000000085d00000, 0x0000000085d00000| Untracked 
|  94|0x0000000085e00000, 0x0000000085f00000, 0x0000000085f00000|100%| O|  |TAMS 0x0000000085f00000, 0x0000000085f00000| Untracked 
|  95|0x0000000085f00000, 0x0000000086000000, 0x0000000086000000|100%| O|  |TAMS 0x0000000086000000, 0x0000000086000000| Untracked 
|  96|0x0000000086000000, 0x0000000086100000, 0x0000000086100000|100%| O|  |TAMS 0x0000000086100000, 0x0000000086100000| Untracked 
|  97|0x0000000086100000, 0x0000000086200000, 0x0000000086200000|100%| O|  |TAMS 0x0000000086200000, 0x0000000086200000| Untracked 
|  98|0x0000000086200000, 0x0000000086300000, 0x0000000086300000|100%| O|  |TAMS 0x0000000086300000, 0x0000000086300000| Untracked 
|  99|0x0000000086300000, 0x0000000086300000, 0x0000000086400000|  0%| F|  |TAMS 0x0000000086300000, 0x0000000086300000| Untracked 
| 100|0x0000000086400000, 0x0000000086500000, 0x0000000086500000|100%|HS|  |TAMS 0x0000000086500000, 0x0000000086500000| Complete 
| 101|0x0000000086500000, 0x0000000086600000, 0x0000000086600000|100%|HC|  |TAMS 0x0000000086600000, 0x0000000086600000| Complete 
| 102|0x0000000086600000, 0x0000000086700000, 0x0000000086700000|100%| O|  |TAMS 0x0000000086700000, 0x0000000086700000| Untracked 
| 103|0x0000000086700000, 0x0000000086800000, 0x0000000086800000|100%| O|  |TAMS 0x0000000086800000, 0x0000000086800000| Untracked 
| 104|0x0000000086800000, 0x0000000086900000, 0x0000000086900000|100%| O|  |TAMS 0x0000000086900000, 0x0000000086900000| Untracked 
| 105|0x0000000086900000, 0x0000000086a00000, 0x0000000086a00000|100%| O|  |TAMS 0x0000000086900000, 0x0000000086a00000| Untracked 
| 106|0x0000000086a00000, 0x0000000086b00000, 0x0000000086b00000|100%| O|  |TAMS 0x0000000086b00000, 0x0000000086b00000| Untracked 
| 107|0x0000000086b00000, 0x0000000086c00000, 0x0000000086c00000|100%| O|  |TAMS 0x0000000086c00000, 0x0000000086c00000| Untracked 
| 108|0x0000000086c00000, 0x0000000086d00000, 0x0000000086d00000|100%| O|  |TAMS 0x0000000086d00000, 0x0000000086d00000| Untracked 
| 109|0x0000000086d00000, 0x0000000086e00000, 0x0000000086e00000|100%| O|  |TAMS 0x0000000086e00000, 0x0000000086e00000| Untracked 
| 110|0x0000000086e00000, 0x0000000086f00000, 0x0000000086f00000|100%| O|  |TAMS 0x0000000086f00000, 0x0000000086f00000| Untracked 
| 111|0x0000000086f00000, 0x0000000086f00000, 0x0000000087000000|  0%| F|  |TAMS 0x0000000086f00000, 0x0000000086f00000| Untracked 
| 112|0x0000000087000000, 0x0000000087000000, 0x0000000087100000|  0%| F|  |TAMS 0x0000000087000000, 0x0000000087000000| Untracked 
| 113|0x0000000087100000, 0x0000000087100000, 0x0000000087200000|  0%| F|  |TAMS 0x0000000087100000, 0x0000000087100000| Untracked 
| 114|0x0000000087200000, 0x0000000087200000, 0x0000000087300000|  0%| F|  |TAMS 0x0000000087200000, 0x0000000087200000| Untracked 
| 115|0x0000000087300000, 0x0000000087300000, 0x0000000087400000|  0%| F|  |TAMS 0x0000000087300000, 0x0000000087300000| Untracked 
| 116|0x0000000087400000, 0x0000000087500000, 0x0000000087500000|100%| O|  |TAMS 0x0000000087500000, 0x0000000087500000| Untracked 
| 117|0x0000000087500000, 0x0000000087600000, 0x0000000087600000|100%| O|  |TAMS 0x0000000087600000, 0x0000000087600000| Untracked 
| 118|0x0000000087600000, 0x0000000087700000, 0x0000000087700000|100%| O|  |TAMS 0x0000000087700000, 0x0000000087700000| Untracked 
| 119|0x0000000087700000, 0x0000000087800000, 0x0000000087800000|100%| O|  |TAMS 0x0000000087800000, 0x0000000087800000| Untracked 
| 120|0x0000000087800000, 0x0000000087900000, 0x0000000087900000|100%| O|  |TAMS 0x0000000087900000, 0x0000000087900000| Untracked 
| 121|0x0000000087900000, 0x0000000087a00000, 0x0000000087a00000|100%| O|  |TAMS 0x0000000087a00000, 0x0000000087a00000| Untracked 
| 122|0x0000000087a00000, 0x0000000087b00000, 0x0000000087b00000|100%| O|  |TAMS 0x0000000087b00000, 0x0000000087b00000| Untracked 
| 123|0x0000000087b00000, 0x0000000087c00000, 0x0000000087c00000|100%| O|  |TAMS 0x0000000087c00000, 0x0000000087c00000| Untracked 
| 124|0x0000000087c00000, 0x0000000087d00000, 0x0000000087d00000|100%| O|  |TAMS 0x0000000087d00000, 0x0000000087d00000| Untracked 
| 125|0x0000000087d00000, 0x0000000087e00000, 0x0000000087e00000|100%| O|  |TAMS 0x0000000087e00000, 0x0000000087e00000| Untracked 
| 126|0x0000000087e00000, 0x0000000087f00000, 0x0000000087f00000|100%| O|  |TAMS 0x0000000087f00000, 0x0000000087f00000| Untracked 
| 127|0x0000000087f00000, 0x0000000088000000, 0x0000000088000000|100%| O|  |TAMS 0x0000000087f00000, 0x0000000088000000| Untracked 
| 128|0x0000000088000000, 0x0000000088100000, 0x0000000088100000|100%| O|  |TAMS 0x0000000088100000, 0x0000000088100000| Untracked 
| 129|0x0000000088100000, 0x0000000088200000, 0x0000000088200000|100%| O|  |TAMS 0x0000000088200000, 0x0000000088200000| Untracked 
| 130|0x0000000088200000, 0x0000000088300000, 0x0000000088300000|100%| O|  |TAMS 0x0000000088300000, 0x0000000088300000| Untracked 
| 131|0x0000000088300000, 0x0000000088400000, 0x0000000088400000|100%| O|  |TAMS 0x0000000088400000, 0x0000000088400000| Untracked 
| 132|0x0000000088400000, 0x0000000088500000, 0x0000000088500000|100%| O|  |TAMS 0x0000000088500000, 0x0000000088500000| Untracked 
| 133|0x0000000088500000, 0x0000000088600000, 0x0000000088600000|100%| O|  |TAMS 0x0000000088600000, 0x0000000088600000| Untracked 
| 134|0x0000000088600000, 0x0000000088700000, 0x0000000088700000|100%| O|  |TAMS 0x0000000088700000, 0x0000000088700000| Untracked 
| 135|0x0000000088700000, 0x0000000088800000, 0x0000000088800000|100%| O|  |TAMS 0x0000000088800000, 0x0000000088800000| Untracked 
| 136|0x0000000088800000, 0x0000000088900000, 0x0000000088900000|100%| O|  |TAMS 0x0000000088900000, 0x0000000088900000| Untracked 
| 137|0x0000000088900000, 0x0000000088a00000, 0x0000000088a00000|100%| O|  |TAMS 0x0000000088a00000, 0x0000000088a00000| Untracked 
| 138|0x0000000088a00000, 0x0000000088a00000, 0x0000000088b00000|  0%| F|  |TAMS 0x0000000088a00000, 0x0000000088a00000| Untracked 
| 139|0x0000000088b00000, 0x0000000088c00000, 0x0000000088c00000|100%| O|  |TAMS 0x0000000088c00000, 0x0000000088c00000| Untracked 
| 140|0x0000000088c00000, 0x0000000088c00000, 0x0000000088d00000|  0%| F|  |TAMS 0x0000000088c00000, 0x0000000088c00000| Untracked 
| 141|0x0000000088d00000, 0x0000000088e00000, 0x0000000088e00000|100%| O|  |TAMS 0x0000000088e00000, 0x0000000088e00000| Untracked 
| 142|0x0000000088e00000, 0x0000000088f00000, 0x0000000088f00000|100%| O|  |TAMS 0x0000000088f00000, 0x0000000088f00000| Untracked 
| 143|0x0000000088f00000, 0x0000000089000000, 0x0000000089000000|100%| O|  |TAMS 0x0000000089000000, 0x0000000089000000| Untracked 
| 144|0x0000000089000000, 0x0000000089000000, 0x0000000089100000|  0%| F|  |TAMS 0x0000000089000000, 0x0000000089000000| Untracked 
| 145|0x0000000089100000, 0x0000000089100000, 0x0000000089200000|  0%| F|  |TAMS 0x0000000089100000, 0x0000000089100000| Untracked 
| 146|0x0000000089200000, 0x0000000089300000, 0x0000000089300000|100%| O|  |TAMS 0x0000000089300000, 0x0000000089300000| Untracked 
| 147|0x0000000089300000, 0x0000000089300000, 0x0000000089400000|  0%| F|  |TAMS 0x0000000089300000, 0x0000000089300000| Untracked 
| 148|0x0000000089400000, 0x0000000089500000, 0x0000000089500000|100%| O|  |TAMS 0x0000000089500000, 0x0000000089500000| Untracked 
| 149|0x0000000089500000, 0x0000000089600000, 0x0000000089600000|100%| O|  |TAMS 0x0000000089600000, 0x0000000089600000| Untracked 
| 150|0x0000000089600000, 0x0000000089700000, 0x0000000089700000|100%| O|  |TAMS 0x0000000089700000, 0x0000000089700000| Untracked 
| 151|0x0000000089700000, 0x0000000089700000, 0x0000000089800000|  0%| F|  |TAMS 0x0000000089700000, 0x0000000089700000| Untracked 
| 152|0x0000000089800000, 0x0000000089900000, 0x0000000089900000|100%| O|  |TAMS 0x0000000089800000, 0x0000000089900000| Untracked 
| 153|0x0000000089900000, 0x0000000089900000, 0x0000000089a00000|  0%| F|  |TAMS 0x0000000089900000, 0x0000000089900000| Untracked 
| 154|0x0000000089a00000, 0x0000000089b00000, 0x0000000089b00000|100%| O|  |TAMS 0x0000000089a00000, 0x0000000089b00000| Untracked 
| 155|0x0000000089b00000, 0x0000000089c00000, 0x0000000089c00000|100%| O|  |TAMS 0x0000000089b00000, 0x0000000089c00000| Untracked 
| 156|0x0000000089c00000, 0x0000000089d00000, 0x0000000089d00000|100%| O|  |TAMS 0x0000000089d00000, 0x0000000089d00000| Untracked 
| 157|0x0000000089d00000, 0x0000000089e00000, 0x0000000089e00000|100%| O|  |TAMS 0x0000000089e00000, 0x0000000089e00000| Untracked 
| 158|0x0000000089e00000, 0x0000000089f00000, 0x0000000089f00000|100%| O|  |TAMS 0x0000000089f00000, 0x0000000089f00000| Untracked 
| 159|0x0000000089f00000, 0x000000008a000000, 0x000000008a000000|100%| O|  |TAMS 0x000000008a000000, 0x000000008a000000| Untracked 
| 160|0x000000008a000000, 0x000000008a100000, 0x000000008a100000|100%| O|  |TAMS 0x000000008a100000, 0x000000008a100000| Untracked 
| 161|0x000000008a100000, 0x000000008a200000, 0x000000008a200000|100%| O|  |TAMS 0x000000008a200000, 0x000000008a200000| Untracked 
| 162|0x000000008a200000, 0x000000008a300000, 0x000000008a300000|100%| O|  |TAMS 0x000000008a300000, 0x000000008a300000| Untracked 
| 163|0x000000008a300000, 0x000000008a400000, 0x000000008a400000|100%| O|  |TAMS 0x000000008a300000, 0x000000008a400000| Untracked 
| 164|0x000000008a400000, 0x000000008a500000, 0x000000008a500000|100%| O|  |TAMS 0x000000008a500000, 0x000000008a500000| Untracked 
| 165|0x000000008a500000, 0x000000008a500000, 0x000000008a600000|  0%| F|  |TAMS 0x000000008a500000, 0x000000008a500000| Untracked 
| 166|0x000000008a600000, 0x000000008a700000, 0x000000008a700000|100%| O|  |TAMS 0x000000008a6afe00, 0x000000008a700000| Untracked 
| 167|0x000000008a700000, 0x000000008a800000, 0x000000008a800000|100%| O|  |TAMS 0x000000008a700000, 0x000000008a800000| Untracked 
| 168|0x000000008a800000, 0x000000008a900000, 0x000000008a900000|100%| O|  |TAMS 0x000000008a800000, 0x000000008a900000| Untracked 
| 169|0x000000008a900000, 0x000000008aa00000, 0x000000008aa00000|100%| O|  |TAMS 0x000000008a900000, 0x000000008aa00000| Untracked 
| 170|0x000000008aa00000, 0x000000008ab00000, 0x000000008ab00000|100%| O|  |TAMS 0x000000008aa00000, 0x000000008ab00000| Untracked 
| 171|0x000000008ab00000, 0x000000008ac00000, 0x000000008ac00000|100%| O|  |TAMS 0x000000008ab00000, 0x000000008ac00000| Untracked 
| 172|0x000000008ac00000, 0x000000008ad00000, 0x000000008ad00000|100%| O|  |TAMS 0x000000008ac00000, 0x000000008ad00000| Untracked 
| 173|0x000000008ad00000, 0x000000008ae00000, 0x000000008ae00000|100%| O|  |TAMS 0x000000008ad00000, 0x000000008ae00000| Untracked 
| 174|0x000000008ae00000, 0x000000008af00000, 0x000000008af00000|100%| O|  |TAMS 0x000000008ae00000, 0x000000008af00000| Untracked 
| 175|0x000000008af00000, 0x000000008b000000, 0x000000008b000000|100%| O|  |TAMS 0x000000008af00000, 0x000000008b000000| Untracked 
| 176|0x000000008b000000, 0x000000008b100000, 0x000000008b100000|100%| O|  |TAMS 0x000000008b000000, 0x000000008b100000| Untracked 
| 177|0x000000008b100000, 0x000000008b200000, 0x000000008b200000|100%| O|  |TAMS 0x000000008b100000, 0x000000008b200000| Untracked 
| 178|0x000000008b200000, 0x000000008b300000, 0x000000008b300000|100%| O|  |TAMS 0x000000008b200000, 0x000000008b300000| Untracked 
| 179|0x000000008b300000, 0x000000008b400000, 0x000000008b400000|100%| O|  |TAMS 0x000000008b300000, 0x000000008b400000| Untracked 
| 180|0x000000008b400000, 0x000000008b500000, 0x000000008b500000|100%| O|  |TAMS 0x000000008b400000, 0x000000008b500000| Untracked 
| 181|0x000000008b500000, 0x000000008b600000, 0x000000008b600000|100%| O|  |TAMS 0x000000008b500000, 0x000000008b600000| Untracked 
| 182|0x000000008b600000, 0x000000008b700000, 0x000000008b700000|100%| O|  |TAMS 0x000000008b700000, 0x000000008b700000| Untracked 
| 183|0x000000008b700000, 0x000000008b800000, 0x000000008b800000|100%| O|  |TAMS 0x000000008b700000, 0x000000008b800000| Untracked 
| 184|0x000000008b800000, 0x000000008b8b5800, 0x000000008b900000| 70%| O|  |TAMS 0x000000008b800000, 0x000000008b8b5800| Untracked 
| 185|0x000000008b900000, 0x000000008b900000, 0x000000008ba00000|  0%| F|  |TAMS 0x000000008b900000, 0x000000008b900000| Untracked 
| 186|0x000000008ba00000, 0x000000008ba00000, 0x000000008bb00000|  0%| F|  |TAMS 0x000000008ba00000, 0x000000008ba00000| Untracked 
| 187|0x000000008bb00000, 0x000000008bb00000, 0x000000008bc00000|  0%| F|  |TAMS 0x000000008bb00000, 0x000000008bb00000| Untracked 
| 188|0x000000008bc00000, 0x000000008bc00000, 0x000000008bd00000|  0%| F|  |TAMS 0x000000008bc00000, 0x000000008bc00000| Untracked 
| 189|0x000000008bd00000, 0x000000008bd00000, 0x000000008be00000|  0%| F|  |TAMS 0x000000008bd00000, 0x000000008bd00000| Untracked 
| 190|0x000000008be00000, 0x000000008be00000, 0x000000008bf00000|  0%| F|  |TAMS 0x000000008be00000, 0x000000008be00000| Untracked 
| 191|0x000000008bf00000, 0x000000008bf00000, 0x000000008c000000|  0%| F|  |TAMS 0x000000008bf00000, 0x000000008bf00000| Untracked 
| 192|0x000000008c000000, 0x000000008c000000, 0x000000008c100000|  0%| F|  |TAMS 0x000000008c000000, 0x000000008c000000| Untracked 
| 193|0x000000008c100000, 0x000000008c100000, 0x000000008c200000|  0%| F|  |TAMS 0x000000008c100000, 0x000000008c100000| Untracked 
| 194|0x000000008c200000, 0x000000008c200000, 0x000000008c300000|  0%| F|  |TAMS 0x000000008c200000, 0x000000008c200000| Untracked 
| 195|0x000000008c300000, 0x000000008c300000, 0x000000008c400000|  0%| F|  |TAMS 0x000000008c300000, 0x000000008c300000| Untracked 
| 196|0x000000008c400000, 0x000000008c400000, 0x000000008c500000|  0%| F|  |TAMS 0x000000008c400000, 0x000000008c400000| Untracked 
| 197|0x000000008c500000, 0x000000008c500000, 0x000000008c600000|  0%| F|  |TAMS 0x000000008c500000, 0x000000008c500000| Untracked 
| 198|0x000000008c600000, 0x000000008c600000, 0x000000008c700000|  0%| F|  |TAMS 0x000000008c600000, 0x000000008c600000| Untracked 
| 199|0x000000008c700000, 0x000000008c700000, 0x000000008c800000|  0%| F|  |TAMS 0x000000008c700000, 0x000000008c700000| Untracked 
| 200|0x000000008c800000, 0x000000008c800000, 0x000000008c900000|  0%| F|  |TAMS 0x000000008c800000, 0x000000008c800000| Untracked 
| 201|0x000000008c900000, 0x000000008c900000, 0x000000008ca00000|  0%| F|  |TAMS 0x000000008c900000, 0x000000008c900000| Untracked 
| 202|0x000000008ca00000, 0x000000008ca00000, 0x000000008cb00000|  0%| F|  |TAMS 0x000000008ca00000, 0x000000008ca00000| Untracked 
| 203|0x000000008cb00000, 0x000000008cb00000, 0x000000008cc00000|  0%| F|  |TAMS 0x000000008cb00000, 0x000000008cb00000| Untracked 
| 204|0x000000008cc00000, 0x000000008cc00000, 0x000000008cd00000|  0%| F|  |TAMS 0x000000008cc00000, 0x000000008cc00000| Untracked 
| 205|0x000000008cd00000, 0x000000008cd00000, 0x000000008ce00000|  0%| F|  |TAMS 0x000000008cd00000, 0x000000008cd00000| Untracked 
| 206|0x000000008ce00000, 0x000000008ce00000, 0x000000008cf00000|  0%| F|  |TAMS 0x000000008ce00000, 0x000000008ce00000| Untracked 
| 207|0x000000008cf00000, 0x000000008cf00000, 0x000000008d000000|  0%| F|  |TAMS 0x000000008cf00000, 0x000000008cf00000| Untracked 
| 208|0x000000008d000000, 0x000000008d000000, 0x000000008d100000|  0%| F|  |TAMS 0x000000008d000000, 0x000000008d000000| Untracked 
| 209|0x000000008d100000, 0x000000008d100000, 0x000000008d200000|  0%| F|  |TAMS 0x000000008d100000, 0x000000008d100000| Untracked 
| 210|0x000000008d200000, 0x000000008d200000, 0x000000008d300000|  0%| F|  |TAMS 0x000000008d200000, 0x000000008d200000| Untracked 
| 211|0x000000008d300000, 0x000000008d300000, 0x000000008d400000|  0%| F|  |TAMS 0x000000008d300000, 0x000000008d300000| Untracked 
| 212|0x000000008d400000, 0x000000008d400000, 0x000000008d500000|  0%| F|  |TAMS 0x000000008d400000, 0x000000008d400000| Untracked 
| 213|0x000000008d500000, 0x000000008d500000, 0x000000008d600000|  0%| F|  |TAMS 0x000000008d500000, 0x000000008d500000| Untracked 
| 214|0x000000008d600000, 0x000000008d600000, 0x000000008d700000|  0%| F|  |TAMS 0x000000008d600000, 0x000000008d600000| Untracked 
| 215|0x000000008d700000, 0x000000008d700000, 0x000000008d800000|  0%| F|  |TAMS 0x000000008d700000, 0x000000008d700000| Untracked 
| 216|0x000000008d800000, 0x000000008d800000, 0x000000008d900000|  0%| F|  |TAMS 0x000000008d800000, 0x000000008d800000| Untracked 
| 217|0x000000008d900000, 0x000000008d900000, 0x000000008da00000|  0%| F|  |TAMS 0x000000008d900000, 0x000000008d900000| Untracked 
| 218|0x000000008da00000, 0x000000008da00000, 0x000000008db00000|  0%| F|  |TAMS 0x000000008da00000, 0x000000008da00000| Untracked 
| 219|0x000000008db00000, 0x000000008db00000, 0x000000008dc00000|  0%| F|  |TAMS 0x000000008db00000, 0x000000008db00000| Untracked 
| 220|0x000000008dc00000, 0x000000008dc00000, 0x000000008dd00000|  0%| F|  |TAMS 0x000000008dc00000, 0x000000008dc00000| Untracked 
| 221|0x000000008dd00000, 0x000000008dd00000, 0x000000008de00000|  0%| F|  |TAMS 0x000000008dd00000, 0x000000008dd00000| Untracked 
| 222|0x000000008de00000, 0x000000008de00000, 0x000000008df00000|  0%| F|  |TAMS 0x000000008de00000, 0x000000008de00000| Untracked 
| 223|0x000000008df00000, 0x000000008df00000, 0x000000008e000000|  0%| F|  |TAMS 0x000000008df00000, 0x000000008df00000| Untracked 
| 224|0x000000008e000000, 0x000000008e000000, 0x000000008e100000|  0%| F|  |TAMS 0x000000008e000000, 0x000000008e000000| Untracked 
| 225|0x000000008e100000, 0x000000008e100000, 0x000000008e200000|  0%| F|  |TAMS 0x000000008e100000, 0x000000008e100000| Untracked 
| 226|0x000000008e200000, 0x000000008e200000, 0x000000008e300000|  0%| F|  |TAMS 0x000000008e200000, 0x000000008e200000| Untracked 
| 227|0x000000008e300000, 0x000000008e300000, 0x000000008e400000|  0%| F|  |TAMS 0x000000008e300000, 0x000000008e300000| Untracked 
| 228|0x000000008e400000, 0x000000008e400000, 0x000000008e500000|  0%| F|  |TAMS 0x000000008e400000, 0x000000008e400000| Untracked 
| 229|0x000000008e500000, 0x000000008e500000, 0x000000008e600000|  0%| F|  |TAMS 0x000000008e500000, 0x000000008e500000| Untracked 
| 230|0x000000008e600000, 0x000000008e600000, 0x000000008e700000|  0%| F|  |TAMS 0x000000008e600000, 0x000000008e600000| Untracked 
| 231|0x000000008e700000, 0x000000008e700000, 0x000000008e800000|  0%| F|  |TAMS 0x000000008e700000, 0x000000008e700000| Untracked 
| 232|0x000000008e800000, 0x000000008e800000, 0x000000008e900000|  0%| F|  |TAMS 0x000000008e800000, 0x000000008e800000| Untracked 
| 233|0x000000008e900000, 0x000000008e900000, 0x000000008ea00000|  0%| F|  |TAMS 0x000000008e900000, 0x000000008e900000| Untracked 
| 234|0x000000008ea00000, 0x000000008ea00000, 0x000000008eb00000|  0%| F|  |TAMS 0x000000008ea00000, 0x000000008ea00000| Untracked 
| 235|0x000000008eb00000, 0x000000008eb00000, 0x000000008ec00000|  0%| F|  |TAMS 0x000000008eb00000, 0x000000008eb00000| Untracked 
| 236|0x000000008ec00000, 0x000000008ec00000, 0x000000008ed00000|  0%| F|  |TAMS 0x000000008ec00000, 0x000000008ec00000| Untracked 
| 237|0x000000008ed00000, 0x000000008ed00000, 0x000000008ee00000|  0%| F|  |TAMS 0x000000008ed00000, 0x000000008ed00000| Untracked 
| 238|0x000000008ee00000, 0x000000008ee00000, 0x000000008ef00000|  0%| F|  |TAMS 0x000000008ee00000, 0x000000008ee00000| Untracked 
| 239|0x000000008ef00000, 0x000000008ef00000, 0x000000008f000000|  0%| F|  |TAMS 0x000000008ef00000, 0x000000008ef00000| Untracked 
| 240|0x000000008f000000, 0x000000008f000000, 0x000000008f100000|  0%| F|  |TAMS 0x000000008f000000, 0x000000008f000000| Untracked 
| 241|0x000000008f100000, 0x000000008f100000, 0x000000008f200000|  0%| F|  |TAMS 0x000000008f100000, 0x000000008f100000| Untracked 
| 242|0x000000008f200000, 0x000000008f200000, 0x000000008f300000|  0%| F|  |TAMS 0x000000008f200000, 0x000000008f200000| Untracked 
| 243|0x000000008f300000, 0x000000008f300000, 0x000000008f400000|  0%| F|  |TAMS 0x000000008f300000, 0x000000008f300000| Untracked 
| 244|0x000000008f400000, 0x000000008f400000, 0x000000008f500000|  0%| F|  |TAMS 0x000000008f400000, 0x000000008f400000| Untracked 
| 245|0x000000008f500000, 0x000000008f500000, 0x000000008f600000|  0%| F|  |TAMS 0x000000008f500000, 0x000000008f500000| Untracked 
| 246|0x000000008f600000, 0x000000008f600000, 0x000000008f700000|  0%| F|  |TAMS 0x000000008f600000, 0x000000008f600000| Untracked 
| 247|0x000000008f700000, 0x000000008f700000, 0x000000008f800000|  0%| F|  |TAMS 0x000000008f700000, 0x000000008f700000| Untracked 
| 248|0x000000008f800000, 0x000000008f800000, 0x000000008f900000|  0%| F|  |TAMS 0x000000008f800000, 0x000000008f800000| Untracked 
| 249|0x000000008f900000, 0x000000008f900000, 0x000000008fa00000|  0%| F|  |TAMS 0x000000008f900000, 0x000000008f900000| Untracked 
| 250|0x000000008fa00000, 0x000000008fa00000, 0x000000008fb00000|  0%| F|  |TAMS 0x000000008fa00000, 0x000000008fa00000| Untracked 
| 251|0x000000008fb00000, 0x000000008fb00000, 0x000000008fc00000|  0%| F|  |TAMS 0x000000008fb00000, 0x000000008fb00000| Untracked 
| 252|0x000000008fc00000, 0x000000008fc00000, 0x000000008fd00000|  0%| F|  |TAMS 0x000000008fc00000, 0x000000008fc00000| Untracked 
| 253|0x000000008fd00000, 0x000000008fd00000, 0x000000008fe00000|  0%| F|  |TAMS 0x000000008fd00000, 0x000000008fd00000| Untracked 
| 254|0x000000008fe00000, 0x000000008fe00000, 0x000000008ff00000|  0%| F|  |TAMS 0x000000008fe00000, 0x000000008fe00000| Untracked 
| 255|0x000000008ff00000, 0x000000008ff00000, 0x0000000090000000|  0%| F|  |TAMS 0x000000008ff00000, 0x000000008ff00000| Untracked 
| 256|0x0000000090000000, 0x0000000090000000, 0x0000000090100000|  0%| F|  |TAMS 0x0000000090000000, 0x0000000090000000| Untracked 
| 257|0x0000000090100000, 0x0000000090100000, 0x0000000090200000|  0%| F|  |TAMS 0x0000000090100000, 0x0000000090100000| Untracked 
| 258|0x0000000090200000, 0x0000000090200000, 0x0000000090300000|  0%| F|  |TAMS 0x0000000090200000, 0x0000000090200000| Untracked 
| 259|0x0000000090300000, 0x0000000090300000, 0x0000000090400000|  0%| F|  |TAMS 0x0000000090300000, 0x0000000090300000| Untracked 
| 260|0x0000000090400000, 0x0000000090400000, 0x0000000090500000|  0%| F|  |TAMS 0x0000000090400000, 0x0000000090400000| Untracked 
| 261|0x0000000090500000, 0x0000000090500000, 0x0000000090600000|  0%| F|  |TAMS 0x0000000090500000, 0x0000000090500000| Untracked 
| 262|0x0000000090600000, 0x0000000090600000, 0x0000000090700000|  0%| F|  |TAMS 0x0000000090600000, 0x0000000090600000| Untracked 
| 263|0x0000000090700000, 0x0000000090700000, 0x0000000090800000|  0%| F|  |TAMS 0x0000000090700000, 0x0000000090700000| Untracked 
| 264|0x0000000090800000, 0x0000000090800000, 0x0000000090900000|  0%| F|  |TAMS 0x0000000090800000, 0x0000000090800000| Untracked 
| 265|0x0000000090900000, 0x0000000090900000, 0x0000000090a00000|  0%| F|  |TAMS 0x0000000090900000, 0x0000000090900000| Untracked 
| 266|0x0000000090a00000, 0x0000000090a00000, 0x0000000090b00000|  0%| F|  |TAMS 0x0000000090a00000, 0x0000000090a00000| Untracked 
| 267|0x0000000090b00000, 0x0000000090b00000, 0x0000000090c00000|  0%| F|  |TAMS 0x0000000090b00000, 0x0000000090b00000| Untracked 
| 268|0x0000000090c00000, 0x0000000090c00000, 0x0000000090d00000|  0%| F|  |TAMS 0x0000000090c00000, 0x0000000090c00000| Untracked 
| 269|0x0000000090d00000, 0x0000000090d00000, 0x0000000090e00000|  0%| F|  |TAMS 0x0000000090d00000, 0x0000000090d00000| Untracked 
| 270|0x0000000090e00000, 0x0000000090e00000, 0x0000000090f00000|  0%| F|  |TAMS 0x0000000090e00000, 0x0000000090e00000| Untracked 
| 271|0x0000000090f00000, 0x0000000090f00000, 0x0000000091000000|  0%| F|  |TAMS 0x0000000090f00000, 0x0000000090f00000| Untracked 
| 272|0x0000000091000000, 0x0000000091000000, 0x0000000091100000|  0%| F|  |TAMS 0x0000000091000000, 0x0000000091000000| Untracked 
| 273|0x0000000091100000, 0x0000000091100000, 0x0000000091200000|  0%| F|  |TAMS 0x0000000091100000, 0x0000000091100000| Untracked 
| 274|0x0000000091200000, 0x0000000091200000, 0x0000000091300000|  0%| F|  |TAMS 0x0000000091200000, 0x0000000091200000| Untracked 
| 275|0x0000000091300000, 0x0000000091300000, 0x0000000091400000|  0%| F|  |TAMS 0x0000000091300000, 0x0000000091300000| Untracked 
| 276|0x0000000091400000, 0x0000000091400000, 0x0000000091500000|  0%| F|  |TAMS 0x0000000091400000, 0x0000000091400000| Untracked 
| 277|0x0000000091500000, 0x0000000091500000, 0x0000000091600000|  0%| F|  |TAMS 0x0000000091500000, 0x0000000091500000| Untracked 
| 278|0x0000000091600000, 0x0000000091600000, 0x0000000091700000|  0%| F|  |TAMS 0x0000000091600000, 0x0000000091600000| Untracked 
| 279|0x0000000091700000, 0x0000000091700000, 0x0000000091800000|  0%| F|  |TAMS 0x0000000091700000, 0x0000000091700000| Untracked 
| 280|0x0000000091800000, 0x0000000091800000, 0x0000000091900000|  0%| F|  |TAMS 0x0000000091800000, 0x0000000091800000| Untracked 
| 281|0x0000000091900000, 0x0000000091900000, 0x0000000091a00000|  0%| F|  |TAMS 0x0000000091900000, 0x0000000091900000| Untracked 
| 282|0x0000000091a00000, 0x0000000091a00000, 0x0000000091b00000|  0%| F|  |TAMS 0x0000000091a00000, 0x0000000091a00000| Untracked 
| 283|0x0000000091b00000, 0x0000000091b00000, 0x0000000091c00000|  0%| F|  |TAMS 0x0000000091b00000, 0x0000000091b00000| Untracked 
| 284|0x0000000091c00000, 0x0000000091c00000, 0x0000000091d00000|  0%| F|  |TAMS 0x0000000091c00000, 0x0000000091c00000| Untracked 
| 285|0x0000000091d00000, 0x0000000091d00000, 0x0000000091e00000|  0%| F|  |TAMS 0x0000000091d00000, 0x0000000091d00000| Untracked 
| 286|0x0000000091e00000, 0x0000000091e00000, 0x0000000091f00000|  0%| F|  |TAMS 0x0000000091e00000, 0x0000000091e00000| Untracked 
| 287|0x0000000091f00000, 0x0000000091f00000, 0x0000000092000000|  0%| F|  |TAMS 0x0000000091f00000, 0x0000000091f00000| Untracked 
| 288|0x0000000092000000, 0x0000000092000000, 0x0000000092100000|  0%| F|  |TAMS 0x0000000092000000, 0x0000000092000000| Untracked 
| 289|0x0000000092100000, 0x0000000092100000, 0x0000000092200000|  0%| F|  |TAMS 0x0000000092100000, 0x0000000092100000| Untracked 
| 290|0x0000000092200000, 0x0000000092200000, 0x0000000092300000|  0%| F|  |TAMS 0x0000000092200000, 0x0000000092200000| Untracked 
| 291|0x0000000092300000, 0x0000000092300000, 0x0000000092400000|  0%| F|  |TAMS 0x0000000092300000, 0x0000000092300000| Untracked 
| 292|0x0000000092400000, 0x0000000092400000, 0x0000000092500000|  0%| F|  |TAMS 0x0000000092400000, 0x0000000092400000| Untracked 
| 293|0x0000000092500000, 0x0000000092556610, 0x0000000092600000| 33%| S|CS|TAMS 0x0000000092500000, 0x0000000092500000| Complete 
| 294|0x0000000092600000, 0x0000000092700000, 0x0000000092700000|100%| S|CS|TAMS 0x0000000092600000, 0x0000000092600000| Complete 
| 295|0x0000000092700000, 0x0000000092800000, 0x0000000092800000|100%| S|CS|TAMS 0x0000000092700000, 0x0000000092700000| Complete 
| 296|0x0000000092800000, 0x0000000092800000, 0x0000000092900000|  0%| F|  |TAMS 0x0000000092800000, 0x0000000092800000| Untracked 
| 297|0x0000000092900000, 0x0000000092900000, 0x0000000092a00000|  0%| F|  |TAMS 0x0000000092900000, 0x0000000092900000| Untracked 
| 298|0x0000000092a00000, 0x0000000092a00000, 0x0000000092b00000|  0%| F|  |TAMS 0x0000000092a00000, 0x0000000092a00000| Untracked 
| 299|0x0000000092b00000, 0x0000000092b00000, 0x0000000092c00000|  0%| F|  |TAMS 0x0000000092b00000, 0x0000000092b00000| Untracked 
| 300|0x0000000092c00000, 0x0000000092c00000, 0x0000000092d00000|  0%| F|  |TAMS 0x0000000092c00000, 0x0000000092c00000| Untracked 
| 301|0x0000000092d00000, 0x0000000092d00000, 0x0000000092e00000|  0%| F|  |TAMS 0x0000000092d00000, 0x0000000092d00000| Untracked 
| 302|0x0000000092e00000, 0x0000000092e00000, 0x0000000092f00000|  0%| F|  |TAMS 0x0000000092e00000, 0x0000000092e00000| Untracked 
| 303|0x0000000092f00000, 0x0000000092f00000, 0x0000000093000000|  0%| F|  |TAMS 0x0000000092f00000, 0x0000000092f00000| Untracked 
| 304|0x0000000093000000, 0x0000000093000000, 0x0000000093100000|  0%| F|  |TAMS 0x0000000093000000, 0x0000000093000000| Untracked 

Card table byte_map: [0x00000209f83c0000,0x00000209f87c0000] _byte_map_base: 0x00000209f7fc0000

Marking Bits (Prev, Next): (CMBitMap*) 0x00000209f024ace0, (CMBitMap*) 0x00000209f024aca0
 Prev Bits: [0x00000209fabc0000, 0x00000209fcbc0000)
 Next Bits: [0x00000209f8bc0000, 0x00000209fabc0000)

Polling page: 0x00000209ee150000

Metaspace:

Usage:
  Non-class:    102.87 MB used.
      Class:     15.22 MB used.
       Both:    118.08 MB used.

Virtual space:
  Non-class space:      104.00 MB reserved,     103.38 MB (>99%) committed,  13 nodes.
      Class space:        1.00 GB reserved,      15.75 MB (  2%) committed,  1 nodes.
             Both:        1.10 GB reserved,     119.12 MB ( 11%) committed. 

Chunk freelists:
   Non-Class:  656.00 KB
       Class:  304.00 KB
        Both:  960.00 KB

MaxMetaspaceSize: unlimited
CompressedClassSpaceSize: 1.00 GB
Initial GC threshold: 21.00 MB
Current GC threshold: 197.81 MB
CDS: on
MetaspaceReclaimPolicy: balanced
 - commit_granule_bytes: 65536.
 - commit_granule_words: 8192.
 - virtual_space_node_default_size: 1048576.
 - enlarge_chunks_in_place: 1.
 - new_chunks_are_fully_committed: 0.
 - uncommit_free_chunks: 1.
 - use_allocation_guard: 0.
 - handle_deallocations: 1.


Internal statistics:

num_allocs_failed_limit: 14.
num_arena_births: 1794.
num_arena_deaths: 2.
num_vsnodes_births: 14.
num_vsnodes_deaths: 0.
num_space_committed: 1903.
num_space_uncommitted: 0.
num_chunks_returned_to_freelist: 17.
num_chunks_taken_from_freelist: 7118.
num_chunk_merges: 14.
num_chunk_splits: 4532.
num_chunks_enlarged: 2767.
num_purges: 2.
num_inconsistent_stats: 0.

CodeHeap 'non-profiled nmethods': size=120000Kb used=13070Kb max_used=13070Kb free=106929Kb
 bounds [0x0000020987ad0000, 0x00000209887a0000, 0x000002098f000000]
CodeHeap 'profiled nmethods': size=120000Kb used=35776Kb max_used=35776Kb free=84223Kb
 bounds [0x0000020980000000, 0x0000020982300000, 0x0000020987530000]
CodeHeap 'non-nmethods': size=5760Kb used=2436Kb max_used=2536Kb free=3323Kb
 bounds [0x0000020987530000, 0x00000209877c0000, 0x0000020987ad0000]
 total_blobs=19197 nmethods=18225 adapters=882
 compilation: enabled
              stopped_count=0, restarted_count=0
 full_count=0

Compilation events (20 events):
Event: 451.617 Thread 0x00000209ff88b490 23287       2       com.sun.tools.javac.parser.JavacParser::variableDeclarators (23 bytes)
Event: 451.617 Thread 0x00000209ff88b490 nmethod 23287 0x00000209822ee010 code [0x00000209822ee1c0, 0x00000209822ee378]
Event: 451.617 Thread 0x00000209ff88b490 23288       2       com.sun.tools.javac.tree.TreeMaker::Break (20 bytes)
Event: 451.617 Thread 0x00000209ff88b490 nmethod 23288 0x00000209822ee490 code [0x00000209822ee620, 0x00000209822ee7d8]
Event: 451.633 Thread 0x00000209ff88b490 23289       2       jdk.internal.jrtfs.JrtFileSystemProvider$JrtFsLoader::loadClass (74 bytes)
Event: 451.633 Thread 0x00000209ff88b490 nmethod 23289 0x00000209822ee890 code [0x00000209822eeac0, 0x00000209822eef38]
Event: 451.633 Thread 0x00000209ff88b490 23290       3       com.sun.tools.javac.util.UnsharedNameTable::fromUtf (224 bytes)
Event: 451.634 Thread 0x00000209ff88b490 nmethod 23290 0x00000209822ef210 code [0x00000209822ef500, 0x00000209822f09b8]
Event: 451.634 Thread 0x00000209ff88b490 23291       2       com.sun.tools.javac.code.Symbol$PackageSymbol::<init> (26 bytes)
Event: 451.634 Thread 0x00000209ff88b490 nmethod 23291 0x00000209822f1190 code [0x00000209822f1340, 0x00000209822f1558]
Event: 451.634 Thread 0x00000209ff88b490 23292       2       com.sun.tools.javac.code.Symtab::doEnterPackage (42 bytes)
Event: 451.635 Thread 0x00000209ff88b490 nmethod 23292 0x00000209822f1610 code [0x00000209822f17e0, 0x00000209822f1b58]
Event: 451.635 Thread 0x00000209ff88b490 23295       2       com.sun.source.util.TaskEvent::<init> (14 bytes)
Event: 451.635 Thread 0x00000209ff88b490 nmethod 23295 0x00000209822f1d10 code [0x00000209822f1ec0, 0x00000209822f2158]
Event: 451.635 Thread 0x00000209ff88b490 23293       2       com.sun.tools.javac.code.Symtab$$Lambda$1901/0x0000000801af5388::apply (8 bytes)
Event: 451.635 Thread 0x00000209ff88b490 nmethod 23293 0x00000209822f2290 code [0x00000209822f2420, 0x00000209822f25d8]
Event: 451.635 Thread 0x00000209ff88b490 23294       2       com.sun.tools.javac.code.Symtab::lambda$doEnterPackage$7 (8 bytes)
Event: 451.635 Thread 0x00000209ff88b490 nmethod 23294 0x00000209822f2690 code [0x00000209822f2820, 0x00000209822f2978]
Event: 451.635 Thread 0x00000209ff88b490 23296       2       com.sun.tools.javac.file.PathFileObject$SimpleFileObject::getName (10 bytes)
Event: 451.635 Thread 0x00000209ff88b490 nmethod 23296 0x00000209822f2a10 code [0x00000209822f2ba0, 0x00000209822f2cc8]

GC Heap History (20 events):
Event: 405.459 GC heap after
{Heap after GC invocations=49 (full 0):
 garbage-first heap   total 312320K, used 201058K [0x0000000080000000, 0x0000000100000000)
  region size 1024K, 1 young (1024K), 1 survivors (1024K)
 Metaspace       used 102682K, committed 103616K, reserved 1138688K
  class space    used 13456K, committed 13952K, reserved 1048576K
}
Event: 405.822 GC heap before
{Heap before GC invocations=50 (full 0):
 garbage-first heap   total 312320K, used 228706K [0x0000000080000000, 0x0000000100000000)
  region size 1024K, 61 young (62464K), 1 survivors (1024K)
 Metaspace       used 106328K, committed 107392K, reserved 1146880K
  class space    used 13920K, committed 14464K, reserved 1048576K
}
Event: 405.827 GC heap after
{Heap after GC invocations=51 (full 0):
 garbage-first heap   total 312320K, used 171428K [0x0000000080000000, 0x0000000100000000)
  region size 1024K, 6 young (6144K), 6 survivors (6144K)
 Metaspace       used 106328K, committed 107392K, reserved 1146880K
  class space    used 13920K, committed 14464K, reserved 1048576K
}
Event: 405.954 GC heap before
{Heap before GC invocations=51 (full 0):
 garbage-first heap   total 312320K, used 179620K [0x0000000080000000, 0x0000000100000000)
  region size 1024K, 15 young (15360K), 6 survivors (6144K)
 Metaspace       used 107339K, committed 108416K, reserved 1146880K
  class space    used 14047K, committed 14592K, reserved 1048576K
}
Event: 405.959 GC heap after
{Heap after GC invocations=52 (full 0):
 garbage-first heap   total 312320K, used 142753K [0x0000000080000000, 0x0000000100000000)
  region size 1024K, 2 young (2048K), 2 survivors (2048K)
 Metaspace       used 107339K, committed 108416K, reserved 1146880K
  class space    used 14047K, committed 14592K, reserved 1048576K
}
Event: 406.081 GC heap before
{Heap before GC invocations=52 (full 0):
 garbage-first heap   total 312320K, used 155041K [0x0000000080000000, 0x0000000100000000)
  region size 1024K, 15 young (15360K), 2 survivors (2048K)
 Metaspace       used 108163K, committed 109184K, reserved 1146880K
  class space    used 14152K, committed 14656K, reserved 1048576K
}
Event: 406.086 GC heap after
{Heap after GC invocations=53 (full 0):
 garbage-first heap   total 312320K, used 134103K [0x0000000080000000, 0x0000000100000000)
  region size 1024K, 2 young (2048K), 2 survivors (2048K)
 Metaspace       used 108163K, committed 109184K, reserved 1146880K
  class space    used 14152K, committed 14656K, reserved 1048576K
}
Event: 407.525 GC heap before
{Heap before GC invocations=53 (full 0):
 garbage-first heap   total 312320K, used 247767K [0x0000000080000000, 0x0000000100000000)
  region size 1024K, 114 young (116736K), 2 survivors (2048K)
 Metaspace       used 109771K, committed 110784K, reserved 1146880K
  class space    used 14342K, committed 14848K, reserved 1048576K
}
Event: 407.533 GC heap after
{Heap after GC invocations=54 (full 0):
 garbage-first heap   total 312320K, used 142333K [0x0000000080000000, 0x0000000100000000)
  region size 1024K, 11 young (11264K), 11 survivors (11264K)
 Metaspace       used 109771K, committed 110784K, reserved 1146880K
  class space    used 14342K, committed 14848K, reserved 1048576K
}
Event: 409.196 GC heap before
{Heap before GC invocations=55 (full 0):
 garbage-first heap   total 312320K, used 251901K [0x0000000080000000, 0x0000000100000000)
  region size 1024K, 115 young (117760K), 11 survivors (11264K)
 Metaspace       used 117880K, committed 118912K, reserved 1155072K
  class space    used 15288K, committed 15808K, reserved 1048576K
}
Event: 409.213 GC heap after
{Heap after GC invocations=56 (full 0):
 garbage-first heap   total 312320K, used 166132K [0x0000000080000000, 0x0000000100000000)
  region size 1024K, 15 young (15360K), 15 survivors (15360K)
 Metaspace       used 117880K, committed 118912K, reserved 1155072K
  class space    used 15288K, committed 15808K, reserved 1048576K
}
Event: 409.227 GC heap before
{Heap before GC invocations=56 (full 0):
 garbage-first heap   total 312320K, used 167156K [0x0000000080000000, 0x0000000100000000)
  region size 1024K, 16 young (16384K), 15 survivors (15360K)
 Metaspace       used 117882K, committed 118912K, reserved 1155072K
  class space    used 15288K, committed 15808K, reserved 1048576K
}
Event: 409.237 GC heap after
{Heap after GC invocations=57 (full 0):
 garbage-first heap   total 312320K, used 165211K [0x0000000080000000, 0x0000000100000000)
  region size 1024K, 2 young (2048K), 2 survivors (2048K)
 Metaspace       used 117882K, committed 118912K, reserved 1155072K
  class space    used 15288K, committed 15808K, reserved 1048576K
}
Event: 410.198 GC heap before
{Heap before GC invocations=57 (full 0):
 garbage-first heap   total 312320K, used 246107K [0x0000000080000000, 0x0000000100000000)
  region size 1024K, 81 young (82944K), 2 survivors (2048K)
 Metaspace       used 120421K, committed 121472K, reserved 1155072K
  class space    used 15546K, committed 16064K, reserved 1048576K
}
Event: 410.204 GC heap after
{Heap after GC invocations=58 (full 0):
 garbage-first heap   total 312320K, used 169167K [0x0000000080000000, 0x0000000100000000)
  region size 1024K, 6 young (6144K), 6 survivors (6144K)
 Metaspace       used 120421K, committed 121472K, reserved 1155072K
  class space    used 15546K, committed 16064K, reserved 1048576K
}
Event: 451.484 GC heap before
{Heap before GC invocations=59 (full 0):
 garbage-first heap   total 312320K, used 251087K [0x0000000080000000, 0x0000000100000000)
  region size 1024K, 84 young (86016K), 6 survivors (6144K)
 Metaspace       used 120631K, committed 121664K, reserved 1155072K
  class space    used 15559K, committed 16064K, reserved 1048576K
}
Event: 451.499 GC heap after
{Heap after GC invocations=60 (full 0):
 garbage-first heap   total 312320K, used 178207K [0x0000000080000000, 0x0000000100000000)
  region size 1024K, 10 young (10240K), 10 survivors (10240K)
 Metaspace       used 120631K, committed 121664K, reserved 1155072K
  class space    used 15559K, committed 16064K, reserved 1048576K
}
Event: 451.569 GC heap before
{Heap before GC invocations=60 (full 0):
 garbage-first heap   total 312320K, used 182303K [0x0000000080000000, 0x0000000100000000)
  region size 1024K, 15 young (15360K), 10 survivors (10240K)
 Metaspace       used 120641K, committed 121664K, reserved 1155072K
  class space    used 15560K, committed 16064K, reserved 1048576K
}
Event: 451.582 GC heap after
{Heap after GC invocations=61 (full 0):
 garbage-first heap   total 312320K, used 168095K [0x0000000080000000, 0x0000000100000000)
  region size 1024K, 2 young (2048K), 2 survivors (2048K)
 Metaspace       used 120641K, committed 121664K, reserved 1155072K
  class space    used 15560K, committed 16064K, reserved 1048576K
}
Event: 451.636 GC heap before
{Heap before GC invocations=61 (full 0):
 garbage-first heap   total 312320K, used 174239K [0x0000000080000000, 0x0000000100000000)
  region size 1024K, 9 young (9216K), 2 survivors (2048K)
 Metaspace       used 120916K, committed 121984K, reserved 1155072K
  class space    used 15580K, committed 16128K, reserved 1048576K
}

Deoptimization events (20 events):
Event: 451.559 Thread 0x000002099b078620 Uncommon trap: trap_request=0xffffff45 fr.pc=0x000002098867aa20 relative=0x0000000000004080
Event: 451.559 Thread 0x000002099b078620 Uncommon trap: reason=unstable_if action=reinterpret pc=0x000002098867aa20 method=com.sun.tools.javac.parser.JavaTokenizer.readToken()Lcom/sun/tools/javac/parser/Tokens$Token; @ 39 c2
Event: 451.559 Thread 0x000002099b078620 DEOPT PACKING pc=0x000002098867aa20 sp=0x000000b7a8bf88f0
Event: 451.559 Thread 0x000002099b078620 DEOPT UNPACKING pc=0x00000209875823a3 sp=0x000000b7a8bf88a0 mode 2
Event: 451.559 Thread 0x000002099b078620 Uncommon trap: trap_request=0xffffff45 fr.pc=0x00000209887088dc relative=0x000000000000005c
Event: 451.559 Thread 0x000002099b078620 Uncommon trap: reason=unstable_if action=reinterpret pc=0x00000209887088dc method=com.sun.tools.javac.util.Name.isEmpty()Z @ 4 c2
Event: 451.559 Thread 0x000002099b078620 DEOPT PACKING pc=0x00000209887088dc sp=0x000000b7a8bf8610
Event: 451.559 Thread 0x000002099b078620 DEOPT UNPACKING pc=0x00000209875823a3 sp=0x000000b7a8bf85a0 mode 2
Event: 451.583 Thread 0x000002099b078620 Uncommon trap: trap_request=0xfffffff4 fr.pc=0x00000209886818a0 relative=0x0000000000003ac0
Event: 451.583 Thread 0x000002099b078620 Uncommon trap: reason=null_check action=make_not_entrant pc=0x00000209886818a0 method=com.sun.tools.javac.util.UnsharedNameTable.fromUtf([BII)Lcom/sun/tools/javac/util/Name; @ 42 c2
Event: 451.583 Thread 0x000002099b078620 DEOPT PACKING pc=0x00000209886818a0 sp=0x000000b7a8bf90a0
Event: 451.583 Thread 0x000002099b078620 DEOPT UNPACKING pc=0x00000209875823a3 sp=0x000000b7a8bf8e28 mode 2
Event: 451.583 Thread 0x000002099b078620 Uncommon trap: trap_request=0xffffff45 fr.pc=0x0000020988665dcc relative=0x00000000000000cc
Event: 451.583 Thread 0x000002099b078620 Uncommon trap: reason=unstable_if action=reinterpret pc=0x0000020988665dcc method=com.sun.tools.javac.parser.UnicodeReader.nextUnicodeInputCharacter()V @ 28 c2
Event: 451.583 Thread 0x000002099b078620 DEOPT PACKING pc=0x0000020988665dcc sp=0x000000b7a8bf8c40
Event: 451.583 Thread 0x000002099b078620 DEOPT UNPACKING pc=0x00000209875823a3 sp=0x000000b7a8bf8b70 mode 2
Event: 451.633 Thread 0x000002099b078620 Uncommon trap: trap_request=0xffffffbe fr.pc=0x00000209886f442c relative=0x0000000000000ccc
Event: 451.633 Thread 0x000002099b078620 Uncommon trap: reason=profile_predicate action=maybe_recompile pc=0x00000209886f442c method=com.sun.tools.javac.util.UnsharedNameTable.fromUtf([BII)Lcom/sun/tools/javac/util/Name; @ 34 c2
Event: 451.633 Thread 0x000002099b078620 DEOPT PACKING pc=0x00000209886f442c sp=0x000000b7a8bf8940
Event: 451.633 Thread 0x000002099b078620 DEOPT UNPACKING pc=0x00000209875823a3 sp=0x000000b7a8bf88e8 mode 2

Classes unloaded (1 events):
Event: 405.527 Thread 0x00000209ff74ec40 Unloading class 0x00000008017d4800 'java/lang/invoke/LambdaForm$DMH+0x00000008017d4800'

Classes redefined (0 events):
No events

Internal exceptions (20 events):
Event: 451.372 Thread 0x000002099b078620 Exception <a 'sun/nio/fs/WindowsException'{0x000000008e53af08}> (0x000000008e53af08) 
thrown [s\open\src\hotspot\share\prims\jni.cpp, line 516]
Event: 451.373 Thread 0x000002099b078620 Exception <a 'sun/nio/fs/WindowsException'{0x000000008e53bd68}> (0x000000008e53bd68) 
thrown [s\open\src\hotspot\share\prims\jni.cpp, line 516]
Event: 451.374 Thread 0x000002099b078620 Exception <a 'sun/nio/fs/WindowsException'{0x000000008e53cb58}> (0x000000008e53cb58) 
thrown [s\open\src\hotspot\share\prims\jni.cpp, line 516]
Event: 451.375 Thread 0x000002099b078620 Exception <a 'sun/nio/fs/WindowsException'{0x000000008e53d940}> (0x000000008e53d940) 
thrown [s\open\src\hotspot\share\prims\jni.cpp, line 516]
Event: 451.376 Thread 0x000002099b078620 Exception <a 'sun/nio/fs/WindowsException'{0x000000008e53e708}> (0x000000008e53e708) 
thrown [s\open\src\hotspot\share\prims\jni.cpp, line 516]
Event: 451.377 Thread 0x000002099b078620 Exception <a 'sun/nio/fs/WindowsException'{0x000000008e53f5a0}> (0x000000008e53f5a0) 
thrown [s\open\src\hotspot\share\prims\jni.cpp, line 516]
Event: 451.377 Thread 0x000002099b078620 Exception <a 'sun/nio/fs/WindowsException'{0x000000008e540470}> (0x000000008e540470) 
thrown [s\open\src\hotspot\share\prims\jni.cpp, line 516]
Event: 451.378 Thread 0x000002099b078620 Exception <a 'sun/nio/fs/WindowsException'{0x000000008e541358}> (0x000000008e541358) 
thrown [s\open\src\hotspot\share\prims\jni.cpp, line 516]
Event: 451.379 Thread 0x000002099b078620 Exception <a 'sun/nio/fs/WindowsException'{0x000000008e542190}> (0x000000008e542190) 
thrown [s\open\src\hotspot\share\prims\jni.cpp, line 516]
Event: 451.381 Thread 0x000002099b078620 Exception <a 'sun/nio/fs/WindowsException'{0x000000008e542f80}> (0x000000008e542f80) 
thrown [s\open\src\hotspot\share\prims\jni.cpp, line 516]
Event: 451.381 Thread 0x000002099b078620 Exception <a 'sun/nio/fs/WindowsException'{0x000000008e543ce8}> (0x000000008e543ce8) 
thrown [s\open\src\hotspot\share\prims\jni.cpp, line 516]
Event: 451.382 Thread 0x000002099b078620 Exception <a 'sun/nio/fs/WindowsException'{0x000000008e544a78}> (0x000000008e544a78) 
thrown [s\open\src\hotspot\share\prims\jni.cpp, line 516]
Event: 451.383 Thread 0x000002099b078620 Exception <a 'sun/nio/fs/WindowsException'{0x000000008e5458d0}> (0x000000008e5458d0) 
thrown [s\open\src\hotspot\share\prims\jni.cpp, line 516]
Event: 451.384 Thread 0x000002099b078620 Exception <a 'sun/nio/fs/WindowsException'{0x000000008e546740}> (0x000000008e546740) 
thrown [s\open\src\hotspot\share\prims\jni.cpp, line 516]
Event: 451.385 Thread 0x000002099b078620 Exception <a 'sun/nio/fs/WindowsException'{0x000000008e559f48}> (0x000000008e559f48) 
thrown [s\open\src\hotspot\share\prims\jni.cpp, line 516]
Event: 451.385 Thread 0x000002099b078620 Exception <a 'sun/nio/fs/WindowsException'{0x000000008e55ad68}> (0x000000008e55ad68) 
thrown [s\open\src\hotspot\share\prims\jni.cpp, line 516]
Event: 451.556 Thread 0x000002099b078620 Implicit null exception at 0x0000020988708f71 to 0x00000209887093ac
Event: 451.583 Thread 0x000002099b078620 Implicit null exception at 0x000002098867e8b5 to 0x0000020988681878
Event: 451.620 Thread 0x000002099b078620 Exception <a 'sun/nio/fs/WindowsException'{0x000000009295b280}> (0x000000009295b280) 
thrown [s\open\src\hotspot\share\prims\jni.cpp, line 516]
Event: 451.620 Thread 0x000002099b078620 Exception <a 'sun/nio/fs/WindowsException'{0x000000009295b660}> (0x000000009295b660) 
thrown [s\open\src\hotspot\share\prims\jni.cpp, line 516]

VM Operations (20 events):
Event: 410.172 Executing VM operation: ICBufferFull done
Event: 410.198 Executing VM operation: G1CollectForAllocation
Event: 410.204 Executing VM operation: G1CollectForAllocation done
Event: 410.311 Executing VM operation: G1Concurrent
Event: 410.325 Executing VM operation: G1Concurrent done
Event: 410.374 Executing VM operation: G1Concurrent
Event: 410.374 Executing VM operation: G1Concurrent done
Event: 432.552 Executing VM operation: Cleanup
Event: 432.552 Executing VM operation: Cleanup done
Event: 436.563 Executing VM operation: Cleanup
Event: 436.563 Executing VM operation: Cleanup done
Event: 445.623 Executing VM operation: Cleanup
Event: 445.623 Executing VM operation: Cleanup done
Event: 451.220 Executing VM operation: ICBufferFull
Event: 451.220 Executing VM operation: ICBufferFull done
Event: 451.484 Executing VM operation: G1CollectForAllocation
Event: 451.499 Executing VM operation: G1CollectForAllocation done
Event: 451.569 Executing VM operation: G1CollectForAllocation
Event: 451.582 Executing VM operation: G1CollectForAllocation done
Event: 451.636 Executing VM operation: G1TryInitiateConcMark

Events (20 events):
Event: 451.154 Thread 0x000002099b077c80 Thread added: 0x000002099b077c80
Event: 451.155 Thread 0x000002099b078620 Thread added: 0x000002099b078620
Event: 451.155 Thread 0x000002099b0777b0 Thread added: 0x000002099b0777b0
Event: 451.155 Thread 0x000002099b078150 Thread added: 0x000002099b078150
Event: 451.155 Thread 0x000002099b076e10 Thread added: 0x000002099b076e10
Event: 451.155 Thread 0x000002099bbb89c0 Thread added: 0x000002099bbb89c0
Event: 451.156 Thread 0x000002099b0772e0 Thread added: 0x000002099b0772e0
Event: 451.156 Thread 0x000002098fe5a580 Thread added: 0x000002098fe5a580
Event: 451.165 Thread 0x00000209917b3cb0 Thread added: 0x00000209917b3cb0
Event: 451.278 Thread 0x00000209917961f0 Thread added: 0x00000209917961f0
Event: 451.278 Thread 0x0000020991795380 Thread added: 0x0000020991795380
Event: 451.278 Thread 0x0000020991796b90 Thread added: 0x0000020991796b90
Event: 451.279 Thread 0x0000020991794040 Thread added: 0x0000020991794040
Event: 451.279 Thread 0x0000020991794510 Thread added: 0x0000020991794510
Event: 451.279 Thread 0x00000209917949e0 Thread added: 0x00000209917949e0
Event: 451.279 Thread 0x0000020991794eb0 Thread added: 0x0000020991794eb0
Event: 451.279 Thread 0x0000020995e7d910 Thread added: 0x0000020995e7d910
Event: 451.279 Thread 0x0000020995e7b760 Thread added: 0x0000020995e7b760
Event: 451.279 Thread 0x0000020995e7cf70 Thread added: 0x0000020995e7cf70
Event: 451.279 Thread 0x0000020995e7d440 Thread added: 0x0000020995e7d440


Dynamic libraries:
0x00007ff678350000 - 0x00007ff678360000 	D:\Program Files\Java\jdk-17\bin\java.exe
0x00007ff8dfd30000 - 0x00007ff8dff44000 	C:\WINDOWS\SYSTEM32\ntdll.dll
0x00007ff8def30000 - 0x00007ff8deff2000 	C:\WINDOWS\System32\KERNEL32.DLL
0x00007ff8dd1a0000 - 0x00007ff8dd543000 	C:\WINDOWS\System32\KERNELBASE.dll
0x00007ff8dd860000 - 0x00007ff8dd971000 	C:\WINDOWS\System32\ucrtbase.dll
0x00007ff8c72c0000 - 0x00007ff8c72d8000 	D:\Program Files\Java\jdk-17\bin\jli.dll
0x00007ff8c72a0000 - 0x00007ff8c72bb000 	D:\Program Files\Java\jdk-17\bin\VCRUNTIME140.dll
0x00007ff8deca0000 - 0x00007ff8ded4e000 	C:\WINDOWS\System32\ADVAPI32.dll
0x00007ff8df6b0000 - 0x00007ff8df757000 	C:\WINDOWS\System32\msvcrt.dll
0x00007ff8ddf90000 - 0x00007ff8de034000 	C:\WINDOWS\System32\sechost.dll
0x00007ff8df390000 - 0x00007ff8df4a7000 	C:\WINDOWS\System32\RPCRT4.dll
0x00007ff8deaf0000 - 0x00007ff8dec9b000 	C:\WINDOWS\System32\USER32.dll
0x00007ff8ddae0000 - 0x00007ff8ddb06000 	C:\WINDOWS\System32\win32u.dll
0x00007ff8c0a50000 - 0x00007ff8c0cde000 	C:\WINDOWS\WinSxS\amd64_microsoft.windows.common-controls_6595b64144ccf1df_6.0.22621.1635_none_270f70857386168e\COMCTL32.dll
0x00007ff8dfb90000 - 0x00007ff8dfbb9000 	C:\WINDOWS\System32\GDI32.dll
0x00007ff8dd740000 - 0x00007ff8dd859000 	C:\WINDOWS\System32\gdi32full.dll
0x00007ff8dd980000 - 0x00007ff8dda1a000 	C:\WINDOWS\System32\msvcp_win.dll
0x00007ff8d1520000 - 0x00007ff8d152a000 	C:\WINDOWS\SYSTEM32\VERSION.dll
0x00007ff8de1e0000 - 0x00007ff8de211000 	C:\WINDOWS\System32\IMM32.DLL
0x00007ff8c7290000 - 0x00007ff8c729c000 	D:\Program Files\Java\jdk-17\bin\vcruntime140_1.dll
0x00007ff8c7120000 - 0x00007ff8c71ae000 	D:\Program Files\Java\jdk-17\bin\msvcp140.dll
0x00007ff846cb0000 - 0x00007ff847887000 	D:\Program Files\Java\jdk-17\bin\server\jvm.dll
0x00007ff8deae0000 - 0x00007ff8deae8000 	C:\WINDOWS\System32\PSAPI.DLL
0x00007ff8da280000 - 0x00007ff8da289000 	C:\WINDOWS\SYSTEM32\WSOCK32.dll
0x00007ff8d6b30000 - 0x00007ff8d6b64000 	C:\WINDOWS\SYSTEM32\WINMM.dll
0x00007ff8dfc70000 - 0x00007ff8dfce1000 	C:\WINDOWS\System32\WS2_32.dll
0x00007ff8dc140000 - 0x00007ff8dc158000 	C:\WINDOWS\SYSTEM32\kernel.appcore.dll
0x00007ff8c7280000 - 0x00007ff8c728a000 	D:\Program Files\Java\jdk-17\bin\jimage.dll
0x00007ff8cc8a0000 - 0x00007ff8ccace000 	C:\WINDOWS\SYSTEM32\DBGHELP.DLL
0x00007ff8df000000 - 0x00007ff8df389000 	C:\WINDOWS\System32\combase.dll
0x00007ff8df9a0000 - 0x00007ff8dfa77000 	C:\WINDOWS\System32\OLEAUT32.dll
0x00007ff8cf900000 - 0x00007ff8cf932000 	C:\WINDOWS\SYSTEM32\dbgcore.DLL
0x00007ff8dd550000 - 0x00007ff8dd5cb000 	C:\WINDOWS\System32\bcryptPrimitives.dll
0x00007ff8c6ae0000 - 0x00007ff8c6aee000 	D:\Program Files\Java\jdk-17\bin\instrument.dll
0x00007ff8c7250000 - 0x00007ff8c7275000 	D:\Program Files\Java\jdk-17\bin\java.dll
0x00007ff863f90000 - 0x00007ff864067000 	D:\Program Files\Java\jdk-17\bin\jsvml.dll
0x00007ff8de2e0000 - 0x00007ff8deada000 	C:\WINDOWS\System32\SHELL32.dll
0x00007ff8db0e0000 - 0x00007ff8db9ae000 	C:\WINDOWS\SYSTEM32\windows.storage.dll
0x00007ff8dafa0000 - 0x00007ff8db0de000 	C:\WINDOWS\SYSTEM32\wintypes.dll
0x00007ff8df5b0000 - 0x00007ff8df6a1000 	C:\WINDOWS\System32\SHCORE.dll
0x00007ff8df780000 - 0x00007ff8df7de000 	C:\WINDOWS\System32\shlwapi.dll
0x00007ff8dd060000 - 0x00007ff8dd081000 	C:\WINDOWS\SYSTEM32\profapi.dll
0x00007ff8b5180000 - 0x00007ff8b5198000 	D:\Program Files\Java\jdk-17\bin\zip.dll
0x00007ff8c7100000 - 0x00007ff8c7119000 	D:\Program Files\Java\jdk-17\bin\net.dll
0x00007ff8d7450000 - 0x00007ff8d7587000 	C:\WINDOWS\SYSTEM32\WINHTTP.dll
0x00007ff8dc610000 - 0x00007ff8dc679000 	C:\WINDOWS\system32\mswsock.dll
0x00007ff8b5530000 - 0x00007ff8b5546000 	D:\Program Files\Java\jdk-17\bin\nio.dll
0x00007ff8c7240000 - 0x00007ff8c7250000 	D:\Program Files\Java\jdk-17\bin\verify.dll
0x00007ff8bb5b0000 - 0x00007ff8bb5d7000 	C:\Users\Rafi\.gradle\native\68d5fa5c4cc2d200863cafc0d521ce42e7d3e7ee720ec0a83991735586a16f82\windows-amd64\native-platform.dll
0x00007ff862540000 - 0x00007ff862684000 	C:\Users\Rafi\.gradle\native\e376f236ea51e6404a007f0833ffe2c6e607c4080706a723a18a27aeea778392\windows-amd64\native-platform-file-events.dll
0x00007ff8c7070000 - 0x00007ff8c707a000 	D:\Program Files\Java\jdk-17\bin\management.dll
0x00007ff8c6d30000 - 0x00007ff8c6d3b000 	D:\Program Files\Java\jdk-17\bin\management_ext.dll
0x00007ff8dc9b0000 - 0x00007ff8dc9cb000 	C:\WINDOWS\SYSTEM32\CRYPTSP.dll
0x00007ff8dc0b0000 - 0x00007ff8dc0e5000 	C:\WINDOWS\system32\rsaenh.dll
0x00007ff8dc6b0000 - 0x00007ff8dc6d8000 	C:\WINDOWS\SYSTEM32\USERENV.dll
0x00007ff8dcb00000 - 0x00007ff8dcb28000 	C:\WINDOWS\SYSTEM32\bcrypt.dll
0x00007ff8dc990000 - 0x00007ff8dc99c000 	C:\WINDOWS\SYSTEM32\CRYPTBASE.dll
0x00007ff8dbc50000 - 0x00007ff8dbc7d000 	C:\WINDOWS\SYSTEM32\IPHLPAPI.DLL
0x00007ff8de2d0000 - 0x00007ff8de2d9000 	C:\WINDOWS\System32\NSI.dll
0x00007ff8d7010000 - 0x00007ff8d7029000 	C:\WINDOWS\SYSTEM32\dhcpcsvc6.DLL
0x00007ff8d6e00000 - 0x00007ff8d6e1f000 	C:\WINDOWS\SYSTEM32\dhcpcsvc.DLL
0x00007ff8dbc80000 - 0x00007ff8dbd73000 	C:\WINDOWS\SYSTEM32\DNSAPI.dll
0x00007ff8c6bc0000 - 0x00007ff8c6bcd000 	D:\Program Files\Java\jdk-17\bin\sunmscapi.dll
0x00007ff8dd5d0000 - 0x00007ff8dd737000 	C:\WINDOWS\System32\CRYPT32.dll
0x00007ff8dcad0000 - 0x00007ff8dcafe000 	C:\WINDOWS\SYSTEM32\ncrypt.dll
0x00007ff8dca90000 - 0x00007ff8dcac7000 	C:\WINDOWS\SYSTEM32\NTASN1.dll
0x00007ff8da1c0000 - 0x00007ff8da1c8000 	C:\WINDOWS\system32\wshunix.dll
0x00007ff8dc160000 - 0x00007ff8dc194000 	C:\WINDOWS\SYSTEM32\ntmarta.dll

dbghelp: loaded successfully - version: 4.0.5 - missing functions: none
symbol engine: initialized successfully - sym options: 0x614 - pdb path: .;D:\Program Files\Java\jdk-17\bin;C:\WINDOWS\SYSTEM32;C:\WINDOWS\WinSxS\amd64_microsoft.windows.common-controls_6595b64144ccf1df_6.0.22621.1635_none_270f70857386168e;D:\Program Files\Java\jdk-17\bin\server;C:\Users\Rafi\.gradle\native\68d5fa5c4cc2d200863cafc0d521ce42e7d3e7ee720ec0a83991735586a16f82\windows-amd64;C:\Users\Rafi\.gradle\native\e376f236ea51e6404a007f0833ffe2c6e607c4080706a723a18a27aeea778392\windows-amd64

VM Arguments:
jvm_args: --add-opens=java.base/java.util=ALL-UNNAMED --add-opens=java.base/java.lang=ALL-UNNAMED --add-opens=java.base/java.lang.invoke=ALL-UNNAMED --add-opens=java.prefs/java.util.prefs=ALL-UNNAMED --add-opens=java.base/java.nio.charset=ALL-UNNAMED --add-opens=java.base/java.net=ALL-UNNAMED --add-opens=java.base/java.util.concurrent.atomic=ALL-UNNAMED -Xmx2048m -Dfile.encoding=UTF-8 -Duser.country=US -Duser.language=en -Duser.variant -javaagent:C:\Users\Rafi\.gradle\wrapper\dists\gradle-8.1-bin\2eyty4r6kz6fpakefpk52nbbm\gradle-8.1\lib\agents\gradle-instrumentation-agent-8.1.jar 
java_command: org.gradle.launcher.daemon.bootstrap.GradleDaemon 8.1
java_class_path (initial): C:\Users\Rafi\.gradle\wrapper\dists\gradle-8.1-bin\2eyty4r6kz6fpakefpk52nbbm\gradle-8.1\lib\gradle-launcher-8.1.jar
Launcher Type: SUN_STANDARD

[Global flags]
     intx CICompilerCount                          = 4                                         {product} {ergonomic}
     uint ConcGCThreads                            = 3                                         {product} {ergonomic}
     uint G1ConcRefinementThreads                  = 10                                        {product} {ergonomic}
   size_t G1HeapRegionSize                         = 1048576                                   {product} {ergonomic}
    uintx GCDrainStackTargetSize                   = 64                                        {product} {ergonomic}
   size_t InitialHeapSize                          = 268435456                                 {product} {ergonomic}
   size_t MarkStackSize                            = 4194304                                   {product} {ergonomic}
   size_t MaxHeapSize                              = 2147483648                                {product} {command line}
   size_t MaxNewSize                               = 1287651328                                {product} {ergonomic}
   size_t MinHeapDeltaBytes                        = 1048576                                   {product} {ergonomic}
   size_t MinHeapSize                              = 8388608                                   {product} {ergonomic}
    uintx NonNMethodCodeHeapSize                   = 5839372                                {pd product} {ergonomic}
    uintx NonProfiledCodeHeapSize                  = 122909434                              {pd product} {ergonomic}
    uintx ProfiledCodeHeapSize                     = 122909434                              {pd product} {ergonomic}
    uintx ReservedCodeCacheSize                    = 251658240                              {pd product} {ergonomic}
     bool SegmentedCodeCache                       = true                                      {product} {ergonomic}
   size_t SoftMaxHeapSize                          = 2147483648                             {manageable} {ergonomic}
     bool UseCompressedClassPointers               = true                           {product lp64_product} {ergonomic}
     bool UseCompressedOops                        = true                           {product lp64_product} {ergonomic}
     bool UseG1GC                                  = true                                      {product} {ergonomic}
     bool UseLargePagesIndividualAllocation        = false                                  {pd product} {ergonomic}

Logging:
Log output configuration:
 #0: stdout all=warning uptime,level,tags
 #1: stderr all=off uptime,level,tags

Environment Variables:
JAVA_HOME=D:\Program Files\Java\jdk-17
PATH=C:\Python311\Scripts\;C:\Python311\;D:\Program Files\Java\jdk-17\bin;C:\Program Files\Common Files\Oracle\Java\javapath;C:\Program Files (x86)\Common Files\Oracle\Java\javapath;C:\ProgramData\Oracle\Java\javapath;C:\WINDOWS\system32;C:\WINDOWS;C:\WINDOWS\System32\Wbem;C:\WINDOWS\System32\WindowsPowerShell\v1.0\;C:\WINDOWS\System32\OpenSSH\;C:\Program Files\Microsoft VS Code\bin;C:\Program Files\Microsoft SQL Server\150\Tools\Binn\;C:\Program Files\Microsoft SQL Server\Client SDK\ODBC\170\Tools\Binn\;C:\Program Files\dotnet\;D:\Program Files (x86)\IncrediBuild;C:\Program Files (x86)\Microsoft\Edge;C:\Program Files\Git\cmd;D:\Program Files\IBM\SPSS\Statistics\25\JRE\bin;D:\Program Files\Apache\Maven\apache-maven-3.9.2\bin;%EDGE_HOME%\Driver\Version\114;D:\Program Files (x86)\Google\Cloud SDK\google-cloud-sdk\bin;D:\Program Files\nodejs\;C:\ProgramData\chocolatey\bin;C:\Users\Rafi\AppData\Local\Microsoft\WindowsApps;C:\Users\Rafi\AppData\Local\JetBrains\Toolbox\scripts;C:\Users\Rafi\AppData\Local\Packages\PythonSoftwareFoundation.Python.3.11_qbz5n2kfra8p0\LocalCache\local-packages\Python311\Scripts;C:\Users\Rafi\.dotnet\tools;D:\Program Files\swipl\bin;C:\xampp\php;C:\Users\Rafi\AppData\Local\ComposerSetup\bin;C:\Users\Rafi\AppData\Roaming\Composer\vendor\bin;C:\Users\Rafi\AppData\Roaming\npm
USERNAME=Rafi
OS=Windows_NT
PROCESSOR_IDENTIFIER=AMD64 Family 23 Model 113 Stepping 0, AuthenticAMD



---------------  S Y S T E M  ---------------

OS:
 Windows 11 , 64 bit Build 22621 (10.0.22621.1778)
OS uptime: 0 days 10:41 hours
Hyper-V role detected

CPU: total 12 (initial active 12) (12 cores per cpu, 2 threads per core) family 23 model 113 stepping 0 microcode 0x0, cx8, cmov, fxsr, ht, mmx, 3dnowpref, sse, sse2, sse3, ssse3, sse4a, sse4.1, sse4.2, popcnt, lzcnt, tsc, tscinvbit, avx, avx2, aes, clmul, bmi1, bmi2, adx, sha, fma, vzeroupper, clflush, clflushopt, hv

Memory: 4k page, system-wide physical 16309M (2036M free)
TotalPageFile size 20405M (AvailPageFile size 331M)
current process WorkingSet (physical memory assigned to process): 660M, peak: 681M
current process commit charge ("private bytes"): 699M, peak: 1053M

vm_info: Java HotSpot(TM) 64-Bit Server VM (17.0.6+9-LTS-190) for windows-amd64 JRE (17.0.6+9-LTS-190), built on Dec  6 2022 15:53:54 by "mach5one" with MS VC++ 17.1 (VS2022)

END.
