#
# There is insufficient memory for the Java Runtime Environment to continue.
# Native memory allocation (mmap) failed to map 117440512 bytes for G1 virtual space
# Possible reasons:
#   The system is out of physical RAM or swap space
#   The process is running with CompressedOops enabled, and the Java Heap may be blocking the growth of the native heap
# Possible solutions:
#   Reduce memory load on the system
#   Increase physical memory or swap space
#   Check if swap backing store is full
#   Decrease Java heap size (-Xmx/-Xms)
#   Decrease number of Java threads
#   Decrease Java thread stack sizes (-Xss)
#   Set larger code cache with -XX:ReservedCodeCacheSize=
#   JVM is running with Zero Based Compressed Oops mode in which the Java heap is
#     placed in the first 32GB address space. The Java Heap base address is the
#     maximum limit for the native heap growth. Please use -XX:HeapBaseMinAddress
#     to set the Java Heap base and to place the Java Heap above 32GB virtual address.
# This output file may be truncated or incomplete.
#
#  Out of Memory Error (os_windows.cpp:3550), pid=19992, tid=18052
#
# JRE version: Java(TM) SE Runtime Environment (17.0.6+9) (build 17.0.6+9-LTS-190)
# Java VM: Java HotSpot(TM) 64-Bit Server VM (17.0.6+9-LTS-190, mixed mode, sharing, tiered, compressed oops, compressed class ptrs, g1 gc, windows-amd64)
# No core dump will be written. Minidumps are not enabled by default on client versions of Windows
#

---------------  S U M M A R Y ------------

Command Line: -Duser.language=en C:\Users\Rafi\.cache\firebase\emulators\firebase-database-emulator-v4.11.2.jar --host 127.0.0.1 --port 9000 --single_project_mode Warning

Host: AMD Ryzen 5 3600 6-Core Processor              , 12 cores, 15G,  Windows 11 , 64 bit Build 22621 (10.0.22621.1778)
Time: Fri Jun 23 17:54:10 2023 SE Asia Standard Time elapsed time: 14.486487 seconds (0d 0h 0m 14s)

---------------  T H R E A D  ---------------

Current thread (0x0000024355db68a0):  VMThread "VM Thread" [stack: 0x000000a1e7f00000,0x000000a1e8000000] [id=18052]

Stack: [0x000000a1e7f00000,0x000000a1e8000000]
Native frames: (J=compiled Java code, j=interpreted, Vv=VM code, C=native code)
V  [jvm.dll+0x6734ea]
V  [jvm.dll+0x7d18f4]
V  [jvm.dll+0x7d309e]
V  [jvm.dll+0x7d3703]
V  [jvm.dll+0x2433c5]
V  [jvm.dll+0x6703f9]
V  [jvm.dll+0x664d32]
V  [jvm.dll+0x300086]
V  [jvm.dll+0x307606]
V  [jvm.dll+0x356c1e]
V  [jvm.dll+0x356e4f]
V  [jvm.dll+0x2d72e8]
V  [jvm.dll+0x2d57e5]
V  [jvm.dll+0x2d4dec]
V  [jvm.dll+0x31837b]
V  [jvm.dll+0x7d7f0b]
V  [jvm.dll+0x7d8c44]
V  [jvm.dll+0x7d915d]
V  [jvm.dll+0x7d9534]
V  [jvm.dll+0x7d9600]
V  [jvm.dll+0x781a7a]
V  [jvm.dll+0x672375]
C  [ucrtbase.dll+0x29363]
C  [KERNEL32.DLL+0x126ad]
C  [ntdll.dll+0x5a9f8]

VM_Operation (0x000000a1e94fa200): G1CollectForAllocation, mode: safepoint, requested by thread 0x0000024357b41990


---------------  P R O C E S S  ---------------

Threads class SMR info:
_java_thread_list=0x00000243588f0c20, length=27, elements={
0x000002433138b5b0, 0x0000024357004410, 0x0000024357004fc0, 0x0000024357014b40,
0x0000024357035700, 0x00000243570380c0, 0x0000024357040a80, 0x0000024357047080,
0x0000024357047b20, 0x0000024357048cf0, 0x000002435717ed80, 0x0000024357183900,
0x0000024358b60180, 0x0000024358a39ab0, 0x00000243589958a0, 0x0000024358996350,
0x00000243589d6cb0, 0x0000024357b449b0, 0x0000024357b40ff0, 0x0000024357b41990,
0x0000024357b41e60, 0x0000024357b43670, 0x0000024358bc92f0, 0x0000024358bc9c90,
0x0000024358bc7610, 0x0000024358bc45f0, 0x000002435748cc00
}

Java Threads: ( => current thread )
  0x000002433138b5b0 JavaThread "main" [_thread_blocked, id=19684, stack(0x000000a1e7900000,0x000000a1e7a00000)]
  0x0000024357004410 JavaThread "Reference Handler" daemon [_thread_blocked, id=19768, stack(0x000000a1e8000000,0x000000a1e8100000)]
  0x0000024357004fc0 JavaThread "Finalizer" daemon [_thread_blocked, id=20032, stack(0x000000a1e8100000,0x000000a1e8200000)]
  0x0000024357014b40 JavaThread "Signal Dispatcher" daemon [_thread_blocked, id=3728, stack(0x000000a1e8200000,0x000000a1e8300000)]
  0x0000024357035700 JavaThread "Attach Listener" daemon [_thread_blocked, id=20332, stack(0x000000a1e8300000,0x000000a1e8400000)]
  0x00000243570380c0 JavaThread "Service Thread" daemon [_thread_blocked, id=19596, stack(0x000000a1e8400000,0x000000a1e8500000)]
  0x0000024357040a80 JavaThread "Monitor Deflation Thread" daemon [_thread_blocked, id=20424, stack(0x000000a1e8500000,0x000000a1e8600000)]
  0x0000024357047080 JavaThread "C2 CompilerThread0" daemon [_thread_blocked, id=19744, stack(0x000000a1e8600000,0x000000a1e8700000)]
  0x0000024357047b20 JavaThread "C1 CompilerThread0" daemon [_thread_blocked, id=19484, stack(0x000000a1e8700000,0x000000a1e8800000)]
  0x0000024357048cf0 JavaThread "Sweeper thread" daemon [_thread_blocked, id=3032, stack(0x000000a1e8800000,0x000000a1e8900000)]
  0x000002435717ed80 JavaThread "Notification Thread" daemon [_thread_blocked, id=7528, stack(0x000000a1e8900000,0x000000a1e8a00000)]
  0x0000024357183900 JavaThread "Common-Cleaner" daemon [_thread_blocked, id=9480, stack(0x000000a1e8b00000,0x000000a1e8c00000)]
  0x0000024358b60180 JavaThread "NamespaceSystem-scheduler-1" [_thread_blocked, id=16880, stack(0x000000a1e9500000,0x000000a1e9600000)]
  0x0000024358a39ab0 JavaThread "NamespaceSystem-akka.actor.internal-dispatcher-2" [_thread_blocked, id=16708, stack(0x000000a1e9700000,0x000000a1e9800000)]
  0x00000243589958a0 JavaThread "NamespaceSystem-akka.actor.internal-dispatcher-3" [_thread_blocked, id=11484, stack(0x000000a1e9800000,0x000000a1e9900000)]
  0x0000024358996350 JavaThread "NamespaceSystem-akka.actor.internal-dispatcher-4" [_thread_blocked, id=1812, stack(0x000000a1e9900000,0x000000a1e9a00000)]
  0x00000243589d6cb0 JavaThread "NamespaceSystem-akka.actor.default-dispatcher-5" [_thread_blocked, id=4308, stack(0x000000a1e9a00000,0x000000a1e9b00000)]
  0x0000024357b449b0 JavaThread "pool-1-thread-1" [_thread_blocked, id=2868, stack(0x000000a1e9e00000,0x000000a1e9f00000)]
  0x0000024357b40ff0 JavaThread "NettyBossSocket-3-1" [_thread_in_native, id=2232, stack(0x000000a1e9f00000,0x000000a1ea000000)]
  0x0000024357b41990 JavaThread "FirebaseWorkerPool-1-1:comicable-bba44$-1803274397::comicable-bba44$-1241041504:" [_thread_blocked, id=2728, stack(0x000000a1e9400000,0x000000a1e9500000)]
  0x0000024357b41e60 JavaThread "FirebaseWorkerPool-1-2" [_thread_in_native, id=15336, stack(0x000000a1e9d00000,0x000000a1e9e00000)]
  0x0000024357b43670 JavaThread "NamespaceSystem-akka.actor.default-dispatcher-6" [_thread_blocked, id=18892, stack(0x000000a1ea000000,0x000000a1ea100000)]
  0x0000024358bc92f0 JavaThread "NamespaceSystem-akka.actor.default-dispatcher-7" [_thread_blocked, id=11184, stack(0x000000a1ea100000,0x000000a1ea200000)]
  0x0000024358bc9c90 JavaThread "FirebaseWorkerPool-1-3" [_thread_in_native, id=17328, stack(0x000000a1ea200000,0x000000a1ea300000)]
  0x0000024358bc7610 JavaThread "FirebaseWorkerPool-1-4" [_thread_in_native, id=19296, stack(0x000000a1ea300000,0x000000a1ea400000)]
  0x0000024358bc45f0 JavaThread "NamespaceSystem-blocking-namespace-operation-dispatcher-9" [_thread_blocked, id=20016, stack(0x000000a1ea400000,0x000000a1ea500000)]
  0x000002435748cc00 JavaThread "C2 CompilerThread1" daemon [_thread_blocked, id=19624, stack(0x000000a1ea500000,0x000000a1ea600000)]

Other Threads:
=>0x0000024355db68a0 VMThread "VM Thread" [stack: 0x000000a1e7f00000,0x000000a1e8000000] [id=18052]
  0x000002435717f660 WatcherThread [stack: 0x000000a1e8a00000,0x000000a1e8b00000] [id=9372]
  0x00000243313f9cc0 GCTaskThread "GC Thread#0" [stack: 0x000000a1e7a00000,0x000000a1e7b00000] [id=11204]
  0x00000243576d9490 GCTaskThread "GC Thread#1" [stack: 0x000000a1e8c00000,0x000000a1e8d00000] [id=18232]
  0x00000243576d8c80 GCTaskThread "GC Thread#2" [stack: 0x000000a1e8d00000,0x000000a1e8e00000] [id=10208]
  0x00000243576d8720 GCTaskThread "GC Thread#3" [stack: 0x000000a1e8e00000,0x000000a1e8f00000] [id=19912]
  0x00000243576d81c0 GCTaskThread "GC Thread#4" [stack: 0x000000a1e8f00000,0x000000a1e9000000] [id=19548]
  0x00000243576d8470 GCTaskThread "GC Thread#5" [stack: 0x000000a1e9000000,0x000000a1e9100000] [id=1788]
  0x00000243576d89d0 GCTaskThread "GC Thread#6" [stack: 0x000000a1e9100000,0x000000a1e9200000] [id=18120]
  0x00000243576d9740 GCTaskThread "GC Thread#7" [stack: 0x000000a1e9200000,0x000000a1e9300000] [id=17372]
  0x00000243576d99f0 GCTaskThread "GC Thread#8" [stack: 0x000000a1e9300000,0x000000a1e9400000] [id=16668]
  0x0000024358babe10 GCTaskThread "GC Thread#9" [stack: 0x000000a1e9600000,0x000000a1e9700000] [id=19180]
  0x000002433140cbf0 ConcurrentGCThread "G1 Main Marker" [stack: 0x000000a1e7b00000,0x000000a1e7c00000] [id=18240]
  0x000002433140d600 ConcurrentGCThread "G1 Conc#0" [stack: 0x000000a1e7c00000,0x000000a1e7d00000] [id=17472]
  0x0000024358babb60 ConcurrentGCThread "G1 Conc#1" [stack: 0x000000a1e9b00000,0x000000a1e9c00000] [id=19332]
  0x0000024358baa330 ConcurrentGCThread "G1 Conc#2" [stack: 0x000000a1e9c00000,0x000000a1e9d00000] [id=13948]
  0x000002433144c840 ConcurrentGCThread "G1 Refine#0" [stack: 0x000000a1e7d00000,0x000000a1e7e00000] [id=20364]
  0x000002433144d100 ConcurrentGCThread "G1 Service" [stack: 0x000000a1e7e00000,0x000000a1e7f00000] [id=4676]

Threads with active compile tasks:
C2 CompilerThread0    14729 2355       4       java.lang.invoke.MethodType::makeImpl (109 bytes)
C2 CompilerThread1    14729 2464       4       jdk.internal.org.objectweb.asm.Type::getArgumentsAndReturnSizes (140 bytes)

VM state: at safepoint (normal execution)

VM Mutex/Monitor currently owned by a thread:  ([mutex/lock_event])
[0x00000243313878b0] Threads_lock - owner thread: 0x0000024355db68a0
[0x00000243313873a0] Heap_lock - owner thread: 0x0000024357b41990

Heap address: 0x0000000701200000, size: 4078 MB, Compressed Oops mode: Zero based, Oop shift amount: 3

CDS archive(s) mapped at: [0x0000000800000000-0x0000000800bd0000-0x0000000800bd0000), size 12386304, SharedBaseAddress: 0x0000000800000000, ArchiveRelocationMode: 0.
Compressed class space mapped at: 0x0000000800c00000-0x0000000840c00000, reserved size: 1073741824
Narrow klass base: 0x0000000800000000, Narrow klass shift: 0, Narrow klass range: 0x100000000

GC Precious Log:
 CPUs: 12 total, 12 available
 Memory: 16309M
 Large Page Support: Disabled
 NUMA Support: Disabled
 Compressed Oops: Enabled (Zero based)
 Heap Region Size: 2M
 Heap Min Capacity: 8M
 Heap Initial Capacity: 256M
 Heap Max Capacity: 4078M
 Pre-touch: Disabled
 Parallel Workers: 10
 Concurrent Workers: 3
 Concurrent Refinement Workers: 10
 Periodic GC: Disabled

Heap:
 garbage-first heap   total 34816K, used 10003K [0x0000000701200000, 0x0000000800000000)
  region size 2048K, 2 young (4096K), 2 survivors (4096K)
 Metaspace       used 34695K, committed 35072K, reserved 1081344K
  class space    used 4990K, committed 5184K, reserved 1048576K

Heap Regions: E=young(eden), S=young(survivor), O=old, HS=humongous(starts), HC=humongous(continues), CS=collection set, F=free, OA=open archive, CA=closed archive, TAMS=top-at-mark-start (previous, next)
|   0|0x0000000701200000, 0x0000000701400000, 0x0000000701400000|100%| O|  |TAMS 0x0000000701400000, 0x0000000701200000| Untracked 
|   1|0x0000000701400000, 0x0000000701600000, 0x0000000701600000|100%|HS|  |TAMS 0x0000000701600000, 0x0000000701400000| Complete 
|   2|0x0000000701600000, 0x0000000701600000, 0x0000000701800000|  0%| F|  |TAMS 0x0000000701600000, 0x0000000701600000| Untracked 
|   3|0x0000000701800000, 0x0000000701a00000, 0x0000000701a00000|100%| O|  |TAMS 0x0000000701800000, 0x0000000701800000| Untracked 
|   4|0x0000000701a00000, 0x0000000701ace400, 0x0000000701c00000| 40%| O|  |TAMS 0x0000000701a00000, 0x0000000701a00000| Untracked 
|   5|0x0000000701c00000, 0x0000000701c00000, 0x0000000701e00000|  0%| F|  |TAMS 0x0000000701c00000, 0x0000000701c00000| Untracked 
|   6|0x0000000701e00000, 0x0000000701ef68d0, 0x0000000702000000| 48%| S|CS|TAMS 0x0000000701e00000, 0x0000000701e00000| Complete 
|   7|0x0000000702000000, 0x0000000702200000, 0x0000000702200000|100%| S|CS|TAMS 0x0000000702000000, 0x0000000702000000| Complete 
|   8|0x0000000702200000, 0x0000000702200000, 0x0000000702400000|  0%| F|  |TAMS 0x0000000702200000, 0x0000000702200000| Untracked 
|   9|0x0000000702400000, 0x0000000702400000, 0x0000000702600000|  0%| F|  |TAMS 0x0000000702400000, 0x0000000702400000| Untracked 
|  10|0x0000000702600000, 0x0000000702600000, 0x0000000702800000|  0%| F|  |TAMS 0x0000000702600000, 0x0000000702600000| Untracked 
|  11|0x0000000702800000, 0x0000000702800000, 0x0000000702a00000|  0%| F|  |TAMS 0x0000000702800000, 0x0000000702800000| Untracked 
|  12|0x0000000702a00000, 0x0000000702a00000, 0x0000000702c00000|  0%| F|  |TAMS 0x0000000702a00000, 0x0000000702a00000| Untracked 
|  13|0x0000000702c00000, 0x0000000702c00000, 0x0000000702e00000|  0%| F|  |TAMS 0x0000000702c00000, 0x0000000702c00000| Untracked 
|  14|0x0000000702e00000, 0x0000000702e00000, 0x0000000703000000|  0%| F|  |TAMS 0x0000000702e00000, 0x0000000702e00000| Untracked 
| 122|0x0000000710600000, 0x0000000710600000, 0x0000000710800000|  0%| F|  |TAMS 0x0000000710600000, 0x0000000710600000| Untracked 
| 127|0x0000000711000000, 0x0000000711000000, 0x0000000711200000|  0%| F|  |TAMS 0x0000000711000000, 0x0000000711000000| Untracked 

Card table byte_map: [0x000002434a880000,0x000002434b080000] _byte_map_base: 0x0000024347077000

Marking Bits (Prev, Next): (CMBitMap*) 0x00000243313fb320, (CMBitMap*) 0x00000243313fb2e0
 Prev Bits: [0x000002434f840000, 0x00000243537f8000)
 Next Bits: [0x000002434b880000, 0x000002434f838000)

Polling page: 0x0000024331460000

Metaspace:

Usage:
  Non-class:     29.01 MB used.
      Class:      4.87 MB used.
       Both:     33.88 MB used.

Virtual space:
  Non-class space:       32.00 MB reserved,      29.19 MB ( 91%) committed,  4 nodes.
      Class space:        1.00 GB reserved,       5.06 MB ( <1%) committed,  1 nodes.
             Both:        1.03 GB reserved,      34.25 MB (  3%) committed. 

Chunk freelists:
   Non-Class:  2.25 MB
       Class:  2.98 MB
        Both:  5.23 MB

MaxMetaspaceSize: unlimited
CompressedClassSpaceSize: 1.00 GB
Initial GC threshold: 21.00 MB
Current GC threshold: 35.12 MB
CDS: on
MetaspaceReclaimPolicy: balanced
 - commit_granule_bytes: 65536.
 - commit_granule_words: 8192.
 - virtual_space_node_default_size: 1048576.
 - enlarge_chunks_in_place: 1.
 - new_chunks_are_fully_committed: 0.
 - uncommit_free_chunks: 1.
 - use_allocation_guard: 0.
 - handle_deallocations: 1.


Internal statistics:

num_allocs_failed_limit: 3.
num_arena_births: 320.
num_arena_deaths: 0.
num_vsnodes_births: 5.
num_vsnodes_deaths: 0.
num_space_committed: 548.
num_space_uncommitted: 0.
num_chunks_returned_to_freelist: 3.
num_chunks_taken_from_freelist: 1481.
num_chunk_merges: 3.
num_chunk_splits: 1139.
num_chunks_enlarged: 977.
num_purges: 0.
num_inconsistent_stats: 0.

CodeHeap 'non-profiled nmethods': size=120000Kb used=1068Kb max_used=1068Kb free=118932Kb
 bounds [0x0000024341eb0000, 0x0000024342120000, 0x00000243493e0000]
CodeHeap 'profiled nmethods': size=120000Kb used=4576Kb max_used=4576Kb free=115423Kb
 bounds [0x000002433a3e0000, 0x000002433a860000, 0x0000024341910000]
CodeHeap 'non-nmethods': size=5760Kb used=1311Kb max_used=1332Kb free=4448Kb
 bounds [0x0000024341910000, 0x0000024341b80000, 0x0000024341eb0000]
 total_blobs=3119 nmethods=2479 adapters=552
 compilation: enabled
              stopped_count=0, restarted_count=0
 full_count=0

Compilation events (20 events):
Event: 14.347 Thread 0x0000024357047b20 2460       3       scala.collection.SeqLike::size (7 bytes)
Event: 14.347 Thread 0x0000024357047b20 nmethod 2460 0x000002433a855710 code [0x000002433a8558c0, 0x000002433a855a88]
Event: 14.348 Thread 0x0000024357047b20 2461       1       sun.invoke.util.Wrapper::wrapperSimpleName (5 bytes)
Event: 14.348 Thread 0x0000024357047b20 nmethod 2461 0x0000024341fb6610 code [0x0000024341fb67a0, 0x0000024341fb6878]
Event: 14.349 Thread 0x000002435748cc00 nmethod 2446 0x0000024341fb6910 code [0x0000024341fb6a80, 0x0000024341fb6cb8]
Event: 14.349 Thread 0x0000024357047b20 2462       3       jdk.internal.misc.Unsafe::getAndAddLong (27 bytes)
Event: 14.349 Thread 0x000002435748cc00 2358       4       sun.invoke.util.VerifyAccess::isSamePackage (37 bytes)
Event: 14.349 Thread 0x0000024357047b20 nmethod 2462 0x000002433a855b10 code [0x000002433a855cc0, 0x000002433a855f08]
Event: 14.350 Thread 0x0000024357047b20 2466       3       java.util.ImmutableCollections$AbstractImmutableList::<init> (5 bytes)
Event: 14.351 Thread 0x0000024357047b20 nmethod 2466 0x000002433a856010 code [0x000002433a8561c0, 0x000002433a8563f8]
Event: 14.351 Thread 0x0000024357047b20 2469       3       java.lang.invoke.InvokerBytecodeGenerator::emitPushArguments (45 bytes)
Event: 14.351 Thread 0x0000024357047b20 nmethod 2469 0x000002433a856510 code [0x000002433a856700, 0x000002433a856b98]
Event: 14.369 Thread 0x0000024357047b20 2479       3       ch.qos.logback.classic.util.LoggerNameUtil::getSeparatorIndexOf (53 bytes)
Event: 14.370 Thread 0x0000024357047b20 nmethod 2479 0x000002433a856e90 code [0x000002433a8570c0, 0x000002433a857798]
Event: 14.372 Thread 0x000002435748cc00 nmethod 2358 0x0000024341fb9410 code [0x0000024341fb9620, 0x0000024341fba790]
Event: 14.373 Thread 0x000002435748cc00 2464       4       jdk.internal.org.objectweb.asm.Type::getArgumentsAndReturnSizes (140 bytes)
Event: 14.373 Thread 0x0000024357047b20 2480       3       io.netty.handler.codec.http.HttpHeaders::c2b (13 bytes)
Event: 14.373 Thread 0x0000024357047b20 nmethod 2480 0x000002433a857990 code [0x000002433a857b20, 0x000002433a857c78]
Event: 14.373 Thread 0x0000024357047b20 2481       3       java.nio.ByteBuffer::limit (8 bytes)
Event: 14.373 Thread 0x0000024357047b20 nmethod 2481 0x000002433a857d10 code [0x000002433a857ea0, 0x000002433a857fe8]

GC Heap History (13 events):
Event: 0.690 GC heap before
{Heap before GC invocations=0 (full 0):
 garbage-first heap   total 262144K, used 24576K [0x0000000701200000, 0x0000000800000000)
  region size 2048K, 11 young (22528K), 0 survivors (0K)
 Metaspace       used 9807K, committed 9984K, reserved 1064960K
  class space    used 1464K, committed 1536K, reserved 1048576K
}
Event: 0.694 GC heap after
{Heap after GC invocations=1 (full 0):
 garbage-first heap   total 262144K, used 5375K [0x0000000701200000, 0x0000000800000000)
  region size 2048K, 2 young (4096K), 2 survivors (4096K)
 Metaspace       used 9807K, committed 9984K, reserved 1064960K
  class space    used 1464K, committed 1536K, reserved 1048576K
}
Event: 1.121 GC heap before
{Heap before GC invocations=1 (full 0):
 garbage-first heap   total 262144K, used 34047K [0x0000000701200000, 0x0000000800000000)
  region size 2048K, 17 young (34816K), 2 survivors (4096K)
 Metaspace       used 19083K, committed 19264K, reserved 1073152K
  class space    used 2803K, committed 2880K, reserved 1048576K
}
Event: 1.126 GC heap after
{Heap after GC invocations=2 (full 0):
 garbage-first heap   total 262144K, used 7081K [0x0000000701200000, 0x0000000800000000)
  region size 2048K, 1 young (2048K), 1 survivors (2048K)
 Metaspace       used 19083K, committed 19264K, reserved 1073152K
  class space    used 2803K, committed 2880K, reserved 1048576K
}
Event: 1.222 GC heap before
{Heap before GC invocations=2 (full 0):
 garbage-first heap   total 262144K, used 15273K [0x0000000701200000, 0x0000000800000000)
  region size 2048K, 6 young (12288K), 1 survivors (2048K)
 Metaspace       used 21307K, committed 21504K, reserved 1073152K
  class space    used 3160K, committed 3200K, reserved 1048576K
}
Event: 1.224 GC heap after
{Heap after GC invocations=3 (full 0):
 garbage-first heap   total 262144K, used 7262K [0x0000000701200000, 0x0000000800000000)
  region size 2048K, 1 young (2048K), 1 survivors (2048K)
 Metaspace       used 21307K, committed 21504K, reserved 1073152K
  class space    used 3160K, committed 3200K, reserved 1048576K
}
Event: 9.600 GC heap before
{Heap before GC invocations=4 (full 0):
 garbage-first heap   total 34816K, used 25694K [0x0000000701200000, 0x0000000800000000)
  region size 2048K, 10 young (20480K), 1 survivors (2048K)
 Metaspace       used 25848K, committed 26112K, reserved 1073152K
  class space    used 3801K, committed 3904K, reserved 1048576K
}
Event: 9.602 GC heap after
{Heap after GC invocations=5 (full 0):
 garbage-first heap   total 34816K, used 7916K [0x0000000701200000, 0x0000000800000000)
  region size 2048K, 2 young (4096K), 2 survivors (4096K)
 Metaspace       used 25848K, committed 26112K, reserved 1073152K
  class space    used 3801K, committed 3904K, reserved 1048576K
}
Event: 9.627 GC heap before
{Heap before GC invocations=5 (full 0):
 garbage-first heap   total 34816K, used 9964K [0x0000000701200000, 0x0000000800000000)
  region size 2048K, 3 young (6144K), 2 survivors (4096K)
 Metaspace       used 26511K, committed 26752K, reserved 1073152K
  class space    used 3855K, committed 3968K, reserved 1048576K
}
Event: 9.630 GC heap after
{Heap after GC invocations=6 (full 0):
 garbage-first heap   total 34816K, used 8121K [0x0000000701200000, 0x0000000800000000)
  region size 2048K, 1 young (2048K), 1 survivors (2048K)
 Metaspace       used 26511K, committed 26752K, reserved 1073152K
  class space    used 3855K, committed 3968K, reserved 1048576K
}
Event: 9.778 GC heap before
{Heap before GC invocations=6 (full 0):
 garbage-first heap   total 34816K, used 22457K [0x0000000701200000, 0x0000000800000000)
  region size 2048K, 8 young (16384K), 1 survivors (2048K)
 Metaspace       used 30600K, committed 30784K, reserved 1081344K
  class space    used 4362K, committed 4416K, reserved 1048576K
}
Event: 9.779 GC heap after
{Heap after GC invocations=7 (full 0):
 garbage-first heap   total 34816K, used 8579K [0x0000000701200000, 0x0000000800000000)
  region size 2048K, 1 young (2048K), 1 survivors (2048K)
 Metaspace       used 30600K, committed 30784K, reserved 1081344K
  class space    used 4362K, committed 4416K, reserved 1048576K
}
Event: 14.374 GC heap before
{Heap before GC invocations=7 (full 0):
 garbage-first heap   total 34816K, used 22915K [0x0000000701200000, 0x0000000800000000)
  region size 2048K, 9 young (18432K), 1 survivors (2048K)
 Metaspace       used 34695K, committed 35072K, reserved 1081344K
  class space    used 4990K, committed 5184K, reserved 1048576K
}

Deoptimization events (20 events):
Event: 9.825 Thread 0x0000024357b43670 Uncommon trap: trap_request=0xffffff45 fr.pc=0x0000024341f360f4 relative=0x00000000000001b4
Event: 9.825 Thread 0x0000024357b43670 Uncommon trap: reason=unstable_if action=reinterpret pc=0x0000024341f360f4 method=java.util.concurrent.ConcurrentHashMap.addCount(JI)V @ 171 c2
Event: 9.825 Thread 0x0000024357b43670 DEOPT PACKING pc=0x0000024341f360f4 sp=0x000000a1ea0fd6c0
Event: 9.825 Thread 0x0000024357b43670 DEOPT UNPACKING pc=0x00000243419623a3 sp=0x000000a1ea0fd620 mode 2
Event: 9.869 Thread 0x0000024358bc4f90 Uncommon trap: trap_request=0xffffff45 fr.pc=0x0000024341f4c2d8 relative=0x00000000000000d8
Event: 9.869 Thread 0x0000024358bc4f90 Uncommon trap: reason=unstable_if action=reinterpret pc=0x0000024341f4c2d8 method=scala.collection.immutable.VectorIterator.next()Ljava/lang/Object; @ 61 c2
Event: 9.869 Thread 0x0000024358bc4f90 DEOPT PACKING pc=0x0000024341f4c2d8 sp=0x000000a1ea3fcae0
Event: 9.869 Thread 0x0000024358bc4f90 DEOPT UNPACKING pc=0x00000243419623a3 sp=0x000000a1ea3fca60 mode 2
Event: 9.894 Thread 0x0000024357b41e60 Uncommon trap: trap_request=0xffffff45 fr.pc=0x0000024341f92e50 relative=0x0000000000001310
Event: 9.894 Thread 0x0000024357b41e60 Uncommon trap: reason=unstable_if action=reinterpret pc=0x0000024341f92e50 method=java.util.concurrent.ConcurrentHashMap.transfer([Ljava/util/concurrent/ConcurrentHashMap$Node;[Ljava/util/concurrent/ConcurrentHashMap$Node;)V @ 352 c2
Event: 9.894 Thread 0x0000024357b41e60 DEOPT PACKING pc=0x0000024341f92e50 sp=0x000000a1e9dfc550
Event: 9.894 Thread 0x0000024357b41e60 DEOPT UNPACKING pc=0x00000243419623a3 sp=0x000000a1e9dfc4e8 mode 2
Event: 14.287 Thread 0x0000024358bc9c90 Uncommon trap: trap_request=0xffffff54 fr.pc=0x0000024341f9ebcc relative=0x000000000000142c
Event: 14.287 Thread 0x0000024358bc9c90 Uncommon trap: reason=speculate_null_assert action=make_not_entrant pc=0x0000024341f9ebcc method=java.lang.invoke.MethodType$ConcurrentWeakInternSet.add(Ljava/lang/Object;)Ljava/lang/Object; @ 47 c2
Event: 14.287 Thread 0x0000024358bc9c90 DEOPT PACKING pc=0x0000024341f9ebcc sp=0x000000a1ea2fd4c0
Event: 14.287 Thread 0x0000024358bc9c90 DEOPT UNPACKING pc=0x00000243419623a3 sp=0x000000a1ea2fd468 mode 2
Event: 14.319 Thread 0x0000024358bc7610 Uncommon trap: trap_request=0xffffff45 fr.pc=0x0000024341f4b618 relative=0x0000000000000358
Event: 14.319 Thread 0x0000024358bc7610 Uncommon trap: reason=unstable_if action=reinterpret pc=0x0000024341f4b618 method=scala.collection.immutable.VectorBuilder.$plus$eq(Ljava/lang/Object;)Lscala/collection/immutable/VectorBuilder; @ 9 c2
Event: 14.319 Thread 0x0000024358bc7610 DEOPT PACKING pc=0x0000024341f4b618 sp=0x000000a1ea3faad0
Event: 14.319 Thread 0x0000024358bc7610 DEOPT UNPACKING pc=0x00000243419623a3 sp=0x000000a1ea3fa940 mode 2

Classes unloaded (0 events):
No events

Classes redefined (0 events):
No events

Internal exceptions (20 events):
Event: 9.807 Thread 0x0000024357b43670 Exception <a 'java/lang/NoSuchMethodError'{0x00000007111f85d0}: 'java.lang.Object java.lang.invoke.DirectMethodHandle$Holder.invokeStatic(java.lang.Object, java.lang.Object, long, java.lang.Object)'> (0x00000007111f85d0) 
thrown [s\open\src\hotspot\share\interpreter\linkResolver.cpp, line 759]
Event: 9.807 Thread 0x0000024357b43670 Exception <a 'java/lang/NoSuchMethodError'{0x000000071064e4c8}: 'java.lang.Object java.lang.invoke.DirectMethodHandle$Holder.newInvokeSpecial(java.lang.Object, java.lang.Object, long)'> (0x000000071064e4c8) 
thrown [s\open\src\hotspot\share\interpreter\linkResolver.cpp, line 759]
Event: 9.808 Thread 0x0000024357b43670 Exception <a 'java/lang/NoSuchMethodError'{0x0000000710652508}: 'java.lang.Object java.lang.invoke.Invokers$Holder.linkToTargetMethod(java.lang.Object, long, java.lang.Object)'> (0x0000000710652508) 
thrown [s\open\src\hotspot\share\interpreter\linkResolver.cpp, line 759]
Event: 9.817 Thread 0x00000243589d6cb0 Exception <a 'java/lang/NoSuchMethodError'{0x00000007106f5cc8}: 'java.lang.Object java.lang.invoke.DirectMethodHandle$Holder.newInvokeSpecial(java.lang.Object, java.lang.Object, java.lang.Object, java.lang.Object, java.lang.Object, java.lang.Object)'> (0x00000007106f5cc8) 
thrown [s\open\src\hotspot\share\interpreter\linkResolver.cpp, line 759]
Event: 9.870 Thread 0x0000024358bc4f90 Exception <a 'java/lang/NoSuchMethodError'{0x0000000702cb8760}: 'java.lang.Object java.lang.invoke.DirectMethodHandle$Holder.newInvokeSpecial(java.lang.Object, long, java.lang.Object)'> (0x0000000702cb8760) 
thrown [s\open\src\hotspot\share\interpreter\linkResolver.cpp, line 759]
Event: 9.871 Thread 0x0000024358bc4f90 Exception <a 'java/lang/NoSuchMethodError'{0x0000000702cbc618}: 'java.lang.Object java.lang.invoke.DirectMethodHandle$Holder.invokeSpecial(java.lang.Object, java.lang.Object, long, java.lang.Object)'> (0x0000000702cbc618) 
thrown [s\open\src\hotspot\share\interpreter\linkResolver.cpp, line 759]
Event: 9.871 Thread 0x0000024358bc4f90 Exception <a 'java/lang/NoSuchMethodError'{0x0000000702cc3518}: 'java.lang.Object java.lang.invoke.DirectMethodHandle$Holder.invokeStatic(java.lang.Object, java.lang.Object, java.lang.Object, long, java.lang.Object)'> (0x0000000702cc3518) 
thrown [s\open\src\hotspot\share\interpreter\linkResolver.cpp, line 759]
Event: 14.305 Thread 0x0000024358bc7610 Exception <a 'java/lang/NoSuchMethodError'{0x0000000702951ef8}: 'java.lang.Object java.lang.invoke.DirectMethodHandle$Holder.newInvokeSpecial(java.lang.Object, java.lang.Object, int, java.lang.Object, java.lang.Object)'> (0x0000000702951ef8) 
thrown [s\open\src\hotspot\share\interpreter\linkResolver.cpp, line 759]
Event: 14.305 Thread 0x0000024358bc7610 Exception <a 'java/lang/NoSuchMethodError'{0x00000007029563e0}: 'java.lang.Object java.lang.invoke.DirectMethodHandle$Holder.invokeSpecial(java.lang.Object, java.lang.Object, java.lang.Object, int, java.lang.Object, java.lang.Object)'> (0x00000007029563e0) 
thrown [s\open\src\hotspot\share\interpreter\linkResolver.cpp, line 759]
Event: 14.309 Thread 0x0000024358bc7610 Exception <a 'java/lang/NoSuchMethodError'{0x0000000702982d18}: 'java.lang.Object java.lang.invoke.DirectMethodHandle$Holder.invokeStatic(java.lang.Object, java.lang.Object, java.lang.Object, int, int, java.lang.Object, int, java.lang.Object, java.lang.Object)'> (0x0000000702982d18) 
thrown [s\open\src\hotspot\share\interpreter\linkResolver.cpp, line 759]
Event: 14.310 Thread 0x0000024358bc7610 Exception <a 'java/lang/NoSuchMethodError'{0x00000007029a33c0}: 'java.lang.Object java.lang.invoke.Invokers$Holder.linkToTargetMethod(java.lang.Object, java.lang.Object, int, int, java.lang.Object, int, java.lang.Object, java.lang.Object)'> (0x00000007029a33c0) 
thrown [s\open\src\hotspot\share\interpreter\linkResolver.cpp, line 759]
Event: 14.314 Thread 0x0000024358bc7610 Exception <a 'java/lang/NoSuchMethodError'{0x00000007029f14a0}: 'java.lang.Object java.lang.invoke.DirectMethodHandle$Holder.invokeStatic(java.lang.Object, java.lang.Object, java.lang.Object, java.lang.Object, int, java.lang.Object)'> (0x00000007029f14a0) 
thrown [s\open\src\hotspot\share\interpreter\linkResolver.cpp, line 759]
Event: 14.314 Thread 0x0000024358bc7610 Exception <a 'java/lang/NoSuchMethodError'{0x000000070260c910}: 'java.lang.Object java.lang.invoke.DirectMethodHandle$Holder.newInvokeSpecial(java.lang.Object, java.lang.Object, java.lang.Object, java.lang.Object, int)'> (0x000000070260c910) 
thrown [s\open\src\hotspot\share\interpreter\linkResolver.cpp, line 759]
Event: 14.314 Thread 0x0000024358bc7610 Exception <a 'java/lang/NoSuchMethodError'{0x0000000702610b20}: 'java.lang.Object java.lang.invoke.DirectMethodHandle$Holder.invokeSpecial(java.lang.Object, java.lang.Object, java.lang.Object, java.lang.Object, java.lang.Object, int)'> (0x0000000702610b20) 
thrown [s\open\src\hotspot\share\interpreter\linkResolver.cpp, line 759]
Event: 14.315 Thread 0x0000024358bc7610 Exception <a 'java/lang/NoSuchMethodError'{0x0000000702625f68}: 'java.lang.Object java.lang.invoke.Invokers$Holder.linkToTargetMethod(java.lang.Object, java.lang.Object, java.lang.Object, int, java.lang.Object)'> (0x0000000702625f68) 
thrown [s\open\src\hotspot\share\interpreter\linkResolver.cpp, line 759]
Event: 14.335 Thread 0x0000024358bc7610 Exception <a 'java/lang/NoSuchMethodError'{0x0000000702760348}: 'java.lang.Object java.lang.invoke.DirectMethodHandle$Holder.newInvokeSpecial(java.lang.Object, java.lang.Object, java.lang.Object, java.lang.Object, int, int)'> (0x0000000702760348) 
thrown [s\open\src\hotspot\share\interpreter\linkResolver.cpp, line 759]
Event: 14.335 Thread 0x0000024358bc7610 Exception <a 'java/lang/NoSuchMethodError'{0x0000000702768330}: 'java.lang.Object java.lang.invoke.Invokers$Holder.linkToTargetMethod(java.lang.Object, java.lang.Object, java.lang.Object, int, int, java.lang.Object)'> (0x0000000702768330) 
thrown [s\open\src\hotspot\share\interpreter\linkResolver.cpp, line 759]
Event: 14.339 Thread 0x0000024358bc7610 Exception <a 'java/lang/NoSuchMethodError'{0x000000070278a578}: 'java.lang.Object java.lang.invoke.DirectMethodHandle$Holder.newInvokeSpecial(java.lang.Object, java.lang.Object, int, java.lang.Object, int)'> (0x000000070278a578) 
thrown [s\open\src\hotspot\share\interpreter\linkResolver.cpp, line 759]
Event: 14.350 Thread 0x00000243589d6cb0 Exception <a 'java/lang/NoSuchMethodError'{0x000000070240c0e0}: 'java.lang.Object java.lang.invoke.DirectMethodHandle$Holder.newInvokeSpecial(java.lang.Object, java.lang.Object, java.lang.Object, java.lang.Object, java.lang.Object, int, java.lang.Object, java.lang.Object, java.lang.Object, java.lang.Object)'> (0x000000070240c0e0) 
thrown [s\open\src\hotspot\share\interpreter\linkResolver.cpp, line 759]
Event: 14.362 Thread 0x0000024358bc45f0 Exception <a 'java/lang/NoSuchMethodError'{0x00000007024ec1d8}: 'java.lang.Object java.lang.invoke.DirectMethodHandle$Holder.newInvokeSpecial(java.lang.Object, java.lang.Object, java.lang.Object, java.lang.Object, int, int, java.lang.Object, java.lang.Object, java.lang.Object, java.lang.Object, java.lang.Object)'> (0x00000007024ec1d8) 
thrown [s\open\src\hotspot\share\interpreter\linkResolver.cpp, line 759]

VM Operations (20 events):
Event: 1.366 Executing VM operation: HandshakeAllThreads done
Event: 2.368 Executing VM operation: Cleanup
Event: 2.368 Executing VM operation: Cleanup done
Event: 9.600 Executing VM operation: G1CollectForAllocation
Event: 9.602 Executing VM operation: G1CollectForAllocation done
Event: 9.612 Executing VM operation: HandshakeAllThreads
Event: 9.612 Executing VM operation: HandshakeAllThreads done
Event: 9.627 Executing VM operation: G1CollectForAllocation
Event: 9.630 Executing VM operation: G1CollectForAllocation done
Event: 9.778 Executing VM operation: G1CollectForAllocation
Event: 9.779 Executing VM operation: G1CollectForAllocation done
Event: 9.792 Executing VM operation: HandshakeAllThreads
Event: 9.792 Executing VM operation: HandshakeAllThreads done
Event: 10.791 Executing VM operation: Cleanup
Event: 10.791 Executing VM operation: Cleanup done
Event: 14.316 Executing VM operation: HandshakeAllThreads
Event: 14.316 Executing VM operation: HandshakeAllThreads done
Event: 14.316 Executing VM operation: Cleanup
Event: 14.316 Executing VM operation: Cleanup done
Event: 14.374 Executing VM operation: G1CollectForAllocation

Events (20 events):
Event: 9.897 loading class jdk/internal/reflect/BootstrapConstructorAccessorImpl
Event: 9.897 loading class jdk/internal/reflect/BootstrapConstructorAccessorImpl done
Event: 9.897 loading class java/lang/annotation/ElementType
Event: 9.898 loading class java/lang/annotation/ElementType done
Event: 9.901 loading class jdk/internal/loader/BootLoader$PackageHelper
Event: 9.902 loading class jdk/internal/loader/BootLoader$PackageHelper done
Event: 11.352 Thread 0x0000024359364700 Thread exited: 0x0000024359364700
Event: 11.832 Thread 0x0000024358bc4f90 Thread exited: 0x0000024358bc4f90
Event: 14.278 Thread 0x0000024358bc9c90 Thread added: 0x0000024358bc9c90
Event: 14.283 Thread 0x0000024358bc7610 Thread added: 0x0000024358bc7610
Event: 14.288 Thread 0x0000024358bc45f0 Thread added: 0x0000024358bc45f0
Event: 14.315 loading class java/security/cert/X509Certificate
Event: 14.316 loading class java/security/cert/X509Extension
Event: 14.316 loading class java/security/cert/X509Extension done
Event: 14.316 loading class java/security/cert/X509Certificate done
Event: 14.316 loading class javax/security/cert/X509Certificate
Event: 14.338 Thread 0x000002435748cc00 Thread added: 0x000002435748cc00
Event: 14.338 loading class javax/security/cert/Certificate
Event: 14.363 loading class javax/security/cert/Certificate done
Event: 14.363 loading class javax/security/cert/X509Certificate done


Dynamic libraries:
0x00007ff663af0000 - 0x00007ff663b00000 	D:\Program Files\Java\jdk-17\bin\java.exe
0x00007ffc4dab0000 - 0x00007ffc4dcc4000 	C:\WINDOWS\SYSTEM32\ntdll.dll
0x00007ffc4c6e0000 - 0x00007ffc4c7a2000 	C:\WINDOWS\System32\KERNEL32.DLL
0x00007ffc4b120000 - 0x00007ffc4b4c3000 	C:\WINDOWS\System32\KERNELBASE.dll
0x00007ffc4b700000 - 0x00007ffc4b811000 	C:\WINDOWS\System32\ucrtbase.dll
0x00007ffc42a20000 - 0x00007ffc42a3b000 	D:\Program Files\Java\jdk-17\bin\VCRUNTIME140.dll
0x00007ffc42a40000 - 0x00007ffc42a58000 	D:\Program Files\Java\jdk-17\bin\jli.dll
0x00007ffc4d800000 - 0x00007ffc4d8ae000 	C:\WINDOWS\System32\ADVAPI32.dll
0x00007ffc4cf50000 - 0x00007ffc4cff7000 	C:\WINDOWS\System32\msvcrt.dll
0x00007ffc4c7c0000 - 0x00007ffc4c864000 	C:\WINDOWS\System32\sechost.dll
0x00007ffc4cdf0000 - 0x00007ffc4cf07000 	C:\WINDOWS\System32\RPCRT4.dll
0x00007ffc4ca60000 - 0x00007ffc4cc0b000 	C:\WINDOWS\System32\USER32.dll
0x00007ffc31010000 - 0x00007ffc3129e000 	C:\WINDOWS\WinSxS\amd64_microsoft.windows.common-controls_6595b64144ccf1df_6.0.22621.1635_none_270f70857386168e\COMCTL32.dll
0x00007ffc4aeb0000 - 0x00007ffc4aed6000 	C:\WINDOWS\System32\win32u.dll
0x00007ffc4c4f0000 - 0x00007ffc4c519000 	C:\WINDOWS\System32\GDI32.dll
0x00007ffc4aee0000 - 0x00007ffc4aff9000 	C:\WINDOWS\System32\gdi32full.dll
0x00007ffc4b080000 - 0x00007ffc4b11a000 	C:\WINDOWS\System32\msvcp_win.dll
0x00007ffc415e0000 - 0x00007ffc415ea000 	C:\WINDOWS\SYSTEM32\VERSION.dll
0x00007ffc4cf10000 - 0x00007ffc4cf41000 	C:\WINDOWS\System32\IMM32.DLL
0x00007ffc48160000 - 0x00007ffc4816c000 	D:\Program Files\Java\jdk-17\bin\vcruntime140_1.dll
0x00007ffc34a50000 - 0x00007ffc34ade000 	D:\Program Files\Java\jdk-17\bin\msvcp140.dll
0x00007ffbcc600000 - 0x00007ffbcd1d7000 	D:\Program Files\Java\jdk-17\bin\server\jvm.dll
0x00007ffc4ccf0000 - 0x00007ffc4ccf8000 	C:\WINDOWS\System32\PSAPI.DLL
0x00007ffc373d0000 - 0x00007ffc373d9000 	C:\WINDOWS\SYSTEM32\WSOCK32.dll
0x00007ffc4cd70000 - 0x00007ffc4cde1000 	C:\WINDOWS\System32\WS2_32.dll
0x00007ffc443a0000 - 0x00007ffc443d4000 	C:\WINDOWS\SYSTEM32\WINMM.dll
0x00007ffc49ec0000 - 0x00007ffc49ed8000 	C:\WINDOWS\SYSTEM32\kernel.appcore.dll
0x00007ffc460c0000 - 0x00007ffc460ca000 	D:\Program Files\Java\jdk-17\bin\jimage.dll
0x00007ffc3c610000 - 0x00007ffc3c83e000 	C:\WINDOWS\SYSTEM32\DBGHELP.DLL
0x00007ffc4ba10000 - 0x00007ffc4bd99000 	C:\WINDOWS\System32\combase.dll
0x00007ffc4cc10000 - 0x00007ffc4cce7000 	C:\WINDOWS\System32\OLEAUT32.dll
0x00007ffc3c5d0000 - 0x00007ffc3c602000 	C:\WINDOWS\SYSTEM32\dbgcore.DLL
0x00007ffc4b000000 - 0x00007ffc4b07b000 	C:\WINDOWS\System32\bcryptPrimitives.dll
0x00007ffc429f0000 - 0x00007ffc42a15000 	D:\Program Files\Java\jdk-17\bin\java.dll
0x00007ffc2e1c0000 - 0x00007ffc2e297000 	D:\Program Files\Java\jdk-17\bin\jsvml.dll
0x00007ffc4d000000 - 0x00007ffc4d7fa000 	C:\WINDOWS\System32\SHELL32.dll
0x00007ffc48e60000 - 0x00007ffc4972e000 	C:\WINDOWS\SYSTEM32\windows.storage.dll
0x00007ffc48d20000 - 0x00007ffc48e5e000 	C:\WINDOWS\SYSTEM32\wintypes.dll
0x00007ffc4c870000 - 0x00007ffc4c961000 	C:\WINDOWS\System32\SHCORE.dll
0x00007ffc4c970000 - 0x00007ffc4c9ce000 	C:\WINDOWS\System32\shlwapi.dll
0x00007ffc4ade0000 - 0x00007ffc4ae01000 	C:\WINDOWS\SYSTEM32\profapi.dll
0x00007ffc429d0000 - 0x00007ffc429e9000 	D:\Program Files\Java\jdk-17\bin\net.dll
0x00007ffc44dc0000 - 0x00007ffc44ef7000 	C:\WINDOWS\SYSTEM32\WINHTTP.dll
0x00007ffc4a3a0000 - 0x00007ffc4a409000 	C:\WINDOWS\system32\mswsock.dll
0x00007ffc3afd0000 - 0x00007ffc3afe6000 	D:\Program Files\Java\jdk-17\bin\nio.dll
0x00007ffc3afa0000 - 0x00007ffc3afb8000 	D:\Program Files\Java\jdk-17\bin\zip.dll
0x00007ffc429c0000 - 0x00007ffc429d0000 	D:\Program Files\Java\jdk-17\bin\verify.dll
0x00007ffc42860000 - 0x00007ffc4286a000 	D:\Program Files\Java\jdk-17\bin\management.dll
0x00007ffc3b4b0000 - 0x00007ffc3b4bb000 	D:\Program Files\Java\jdk-17\bin\management_ext.dll
0x00007ffc3af90000 - 0x00007ffc3af9d000 	D:\Program Files\Java\jdk-17\bin\sunmscapi.dll
0x00007ffc4b590000 - 0x00007ffc4b6f7000 	C:\WINDOWS\System32\CRYPT32.dll
0x00007ffc4a850000 - 0x00007ffc4a87e000 	C:\WINDOWS\SYSTEM32\ncrypt.dll
0x00007ffc4a810000 - 0x00007ffc4a847000 	C:\WINDOWS\SYSTEM32\NTASN1.dll
0x00007ffc32fe0000 - 0x00007ffc32fe8000 	C:\WINDOWS\system32\wshunix.dll
0x00007ffc4a730000 - 0x00007ffc4a74b000 	C:\WINDOWS\SYSTEM32\CRYPTSP.dll
0x00007ffc49e30000 - 0x00007ffc49e65000 	C:\WINDOWS\system32\rsaenh.dll
0x00007ffc4a4b0000 - 0x00007ffc4a4d8000 	C:\WINDOWS\SYSTEM32\USERENV.dll
0x00007ffc4a880000 - 0x00007ffc4a8a8000 	C:\WINDOWS\SYSTEM32\bcrypt.dll
0x00007ffc4a710000 - 0x00007ffc4a71c000 	C:\WINDOWS\SYSTEM32\CRYPTBASE.dll
0x00007ffc49990000 - 0x00007ffc499bd000 	C:\WINDOWS\SYSTEM32\IPHLPAPI.DLL
0x00007ffc4bda0000 - 0x00007ffc4bda9000 	C:\WINDOWS\System32\NSI.dll
0x00007ffc44b80000 - 0x00007ffc44b99000 	C:\WINDOWS\SYSTEM32\dhcpcsvc6.DLL
0x00007ffc44b60000 - 0x00007ffc44b7f000 	C:\WINDOWS\SYSTEM32\dhcpcsvc.DLL
0x00007ffc49a00000 - 0x00007ffc49af3000 	C:\WINDOWS\SYSTEM32\DNSAPI.dll

dbghelp: loaded successfully - version: 4.0.5 - missing functions: none
symbol engine: initialized successfully - sym options: 0x614 - pdb path: .;D:\Program Files\Java\jdk-17\bin;C:\WINDOWS\SYSTEM32;C:\WINDOWS\WinSxS\amd64_microsoft.windows.common-controls_6595b64144ccf1df_6.0.22621.1635_none_270f70857386168e;D:\Program Files\Java\jdk-17\bin\server

VM Arguments:
jvm_args: -Duser.language=en 
java_command: C:\Users\Rafi\.cache\firebase\emulators\firebase-database-emulator-v4.11.2.jar --host 127.0.0.1 --port 9000 --single_project_mode Warning
java_class_path (initial): C:\Users\Rafi\.cache\firebase\emulators\firebase-database-emulator-v4.11.2.jar
Launcher Type: SUN_STANDARD

[Global flags]
     intx CICompilerCount                          = 4                                         {product} {ergonomic}
     uint ConcGCThreads                            = 3                                         {product} {ergonomic}
     uint G1ConcRefinementThreads                  = 10                                        {product} {ergonomic}
   size_t G1HeapRegionSize                         = 2097152                                   {product} {ergonomic}
    uintx GCDrainStackTargetSize                   = 64                                        {product} {ergonomic}
   size_t InitialHeapSize                          = 268435456                                 {product} {ergonomic}
   size_t MarkStackSize                            = 4194304                                   {product} {ergonomic}
   size_t MaxHeapSize                              = 4276092928                                {product} {ergonomic}
   size_t MaxNewSize                               = 2564816896                                {product} {ergonomic}
   size_t MinHeapDeltaBytes                        = 2097152                                   {product} {ergonomic}
   size_t MinHeapSize                              = 8388608                                   {product} {ergonomic}
    uintx NonNMethodCodeHeapSize                   = 5839372                                {pd product} {ergonomic}
    uintx NonProfiledCodeHeapSize                  = 122909434                              {pd product} {ergonomic}
    uintx ProfiledCodeHeapSize                     = 122909434                              {pd product} {ergonomic}
    uintx ReservedCodeCacheSize                    = 251658240                              {pd product} {ergonomic}
     bool SegmentedCodeCache                       = true                                      {product} {ergonomic}
   size_t SoftMaxHeapSize                          = 4276092928                             {manageable} {ergonomic}
     bool UseCompressedClassPointers               = true                           {product lp64_product} {ergonomic}
     bool UseCompressedOops                        = true                           {product lp64_product} {ergonomic}
     bool UseG1GC                                  = true                                      {product} {ergonomic}
     bool UseLargePagesIndividualAllocation        = false                                  {pd product} {ergonomic}

Logging:
Log output configuration:
 #0: stdout all=warning uptime,level,tags
 #1: stderr all=off uptime,level,tags

Environment Variables:
JAVA_HOME=D:\Program Files\Java\jdk-17
PATH=C:\Python311\Scripts\;C:\Python311\;D:\Program Files\Java\jdk-17\bin;C:\Program Files\Common Files\Oracle\Java\javapath;C:\Program Files (x86)\Common Files\Oracle\Java\javapath;C:\ProgramData\Oracle\Java\javapath;C:\WINDOWS\system32;C:\WINDOWS;C:\WINDOWS\System32\Wbem;C:\WINDOWS\System32\WindowsPowerShell\v1.0\;C:\WINDOWS\System32\OpenSSH\;C:\Program Files\Microsoft VS Code\bin;C:\Program Files\Microsoft SQL Server\150\Tools\Binn\;C:\Program Files\Microsoft SQL Server\Client SDK\ODBC\170\Tools\Binn\;C:\Program Files\dotnet\;D:\Program Files (x86)\IncrediBuild;C:\Program Files (x86)\Microsoft\Edge;C:\Program Files\Git\cmd;D:\Program Files\IBM\SPSS\Statistics\25\JRE\bin;D:\Program Files\Apache\Maven\apache-maven-3.9.2\bin;%EDGE_HOME%\Driver\Version\114;D:\Program Files (x86)\Google\Cloud SDK\google-cloud-sdk\bin;D:\Program Files\nodejs\;C:\ProgramData\chocolatey\bin;C:\Users\Rafi\AppData\Local\Microsoft\WindowsApps;C:\Users\Rafi\AppData\Local\JetBrains\Toolbox\scripts;C:\Users\Rafi\AppData\Local\Packages\PythonSoftwareFoundation.Python.3.11_qbz5n2kfra8p0\LocalCache\local-packages\Python311\Scripts;C:\Users\Rafi\.dotnet\tools;D:\Program Files\swipl\bin;C:\xampp\php;C:\Users\Rafi\AppData\Local\ComposerSetup\bin;C:\Users\Rafi\AppData\Roaming\Composer\vendor\bin;C:\Users\Rafi\AppData\Roaming\npm
USERNAME=Rafi
OS=Windows_NT
PROCESSOR_IDENTIFIER=AMD64 Family 23 Model 113 Stepping 0, AuthenticAMD



---------------  S Y S T E M  ---------------

OS:
 Windows 11 , 64 bit Build 22621 (10.0.22621.1778)
OS uptime: 0 days 6:38 hours
Hyper-V role detected

CPU: total 12 (initial active 12) (12 cores per cpu, 2 threads per core) family 23 model 113 stepping 0 microcode 0x0, cx8, cmov, fxsr, ht, mmx, 3dnowpref, sse, sse2, sse3, ssse3, sse4a, sse4.1, sse4.2, popcnt, lzcnt, tsc, tscinvbit, avx, avx2, aes, clmul, bmi1, bmi2, adx, sha, fma, vzeroupper, clflush, clflushopt, hv

Memory: 4k page, system-wide physical 16309M (4250M free)
TotalPageFile size 20405M (AvailPageFile size 837M)
current process WorkingSet (physical memory assigned to process): 137M, peak: 143M
current process commit charge ("private bytes"): 185M, peak: 388M

vm_info: Java HotSpot(TM) 64-Bit Server VM (17.0.6+9-LTS-190) for windows-amd64 JRE (17.0.6+9-LTS-190), built on Dec  6 2022 15:53:54 by "mach5one" with MS VC++ 17.1 (VS2022)

END.
